[2017-08-21 12:01:12] local.ERROR: ErrorException: Undefined variable: path in D:\phpstudy\WWW\pyrocms\app\Http\Controllers\HomeController.php:332
Stack trace:
#0 D:\phpstudy\WWW\pyrocms\app\Http\Controllers\HomeController.php(332): Illuminate\Foundation\Bootstrap\HandleExceptions->handleError(8, 'Undefined varia...', 'D:\\phpstudy\\WWW...', 332, Array)
#1 [internal function]: App\Http\Controllers\HomeController->personalInformation(Object(Dingo\Api\Http\Request))
#2 D:\phpstudy\WWW\pyrocms\vendor\laravel\framework\src\Illuminate\Routing\Controller.php(55): call_user_func_array(Array, Array)
#3 D:\phpstudy\WWW\pyrocms\vendor\laravel\framework\src\Illuminate\Routing\ControllerDispatcher.php(44): Illuminate\Routing\Controller->callAction('personalInforma...', Array)
#4 D:\phpstudy\WWW\pyrocms\vendor\laravel\framework\src\Illuminate\Routing\Route.php(189): Illuminate\Routing\ControllerDispatcher->dispatch(Object(Illuminate\Routing\Route), Object(App\Http\Controllers\HomeController), 'personalInforma...')
#5 D:\phpstudy\WWW\pyrocms\vendor\laravel\framework\src\Illuminate\Routing\Route.php(144): Illuminate\Routing\Route->runController()
#6 D:\phpstudy\WWW\pyrocms\vendor\laravel\framework\src\Illuminate\Routing\Router.php(653): Illuminate\Routing\Route->run(Object(Dingo\Api\Http\Request))
#7 D:\phpstudy\WWW\pyrocms\vendor\laravel\framework\src\Illuminate\Routing\Pipeline.php(53): Illuminate\Routing\Router->Illuminate\Routing\{closure}(Object(Dingo\Api\Http\Request))
#8 D:\phpstudy\WWW\pyrocms\app\Http\Middleware\UserAuth.php(42): Illuminate\Routing\Pipeline->Illuminate\Routing\{closure}(Object(Dingo\Api\Http\Request))
#9 D:\phpstudy\WWW\pyrocms\vendor\laravel\framework\src\Illuminate\Pipeline\Pipeline.php(137): App\Http\Middleware\UserAuth->handle(Object(Dingo\Api\Http\Request), Object(Closure))
#10 D:\phpstudy\WWW\pyrocms\vendor\laravel\framework\src\Illuminate\Routing\Pipeline.php(33): Illuminate\Pipeline\Pipeline->Illuminate\Pipeline\{closure}(Object(Dingo\Api\Http\Request))
#11 D:\phpstudy\WWW\pyrocms\vendor\dingo\api\src\Http\Middleware\PrepareController.php(45): Illuminate\Routing\Pipeline->Illuminate\Routing\{closure}(Object(Dingo\Api\Http\Request))
#12 D:\phpstudy\WWW\pyrocms\vendor\laravel\framework\src\Illuminate\Pipeline\Pipeline.php(137): Dingo\Api\Http\Middleware\PrepareController->handle(Object(Dingo\Api\Http\Request), Object(Closure))
#13 D:\phpstudy\WWW\pyrocms\vendor\laravel\framework\src\Illuminate\Routing\Pipeline.php(33): Illuminate\Pipeline\Pipeline->Illuminate\Pipeline\{closure}(Object(Dingo\Api\Http\Request))
#14 D:\phpstudy\WWW\pyrocms\vendor\laravel\framework\src\Illuminate\Pipeline\Pipeline.php(104): Illuminate\Routing\Pipeline->Illuminate\Routing\{closure}(Object(Dingo\Api\Http\Request))
#15 D:\phpstudy\WWW\pyrocms\vendor\laravel\framework\src\Illuminate\Routing\Router.php(655): Illuminate\Pipeline\Pipeline->then(Object(Closure))
#16 D:\phpstudy\WWW\pyrocms\vendor\laravel\framework\src\Illuminate\Routing\Router.php(629): Illuminate\Routing\Router->runRouteWithinStack(Object(Illuminate\Routing\Route), Object(Dingo\Api\Http\Request))
#17 D:\phpstudy\WWW\pyrocms\vendor\laravel\framework\src\Illuminate\Routing\Router.php(607): Illuminate\Routing\Router->dispatchToRoute(Object(Dingo\Api\Http\Request))
#18 D:\phpstudy\WWW\pyrocms\vendor\dingo\api\src\Routing\Adapter\Laravel.php(81): Illuminate\Routing\Router->dispatch(Object(Dingo\Api\Http\Request))
#19 D:\phpstudy\WWW\pyrocms\vendor\dingo\api\src\Routing\Router.php(513): Dingo\Api\Routing\Adapter\Laravel->dispatch(Object(Dingo\Api\Http\Request), 'v1')
#20 D:\phpstudy\WWW\pyrocms\vendor\dingo\api\src\Http\Middleware\Request.php(126): Dingo\Api\Routing\Router->dispatch(Object(Dingo\Api\Http\Request))
#21 D:\phpstudy\WWW\pyrocms\vendor\laravel\framework\src\Illuminate\Pipeline\Pipeline.php(151): Dingo\Api\Http\Middleware\Request->Dingo\Api\Http\Middleware\{closure}(Object(Dingo\Api\Http\Request))
#22 D:\phpstudy\WWW\pyrocms\vendor\anomaly\streams-platform\src\Http\Middleware\SetLocale.php(88): Illuminate\Pipeline\Pipeline->Illuminate\Pipeline\{closure}(Object(Dingo\Api\Http\Request))
#23 D:\phpstudy\WWW\pyrocms\vendor\laravel\framework\src\Illuminate\Pipeline\Pipeline.php(137): Anomaly\Streams\Platform\Http\Middleware\SetLocale->handle(Object(Dingo\Api\Http\Request), Object(Closure))
#24 D:\phpstudy\WWW\pyrocms\vendor\laravel\framework\src\Illuminate\View\Middleware\ShareErrorsFromSession.php(49): Illuminate\Pipeline\Pipeline->Illuminate\Pipeline\{closure}(Object(Dingo\Api\Http\Request))
#25 D:\phpstudy\WWW\pyrocms\vendor\laravel\framework\src\Illuminate\Pipeline\Pipeline.php(137): Illuminate\View\Middleware\ShareErrorsFromSession->handle(Object(Dingo\Api\Http\Request), Object(Closure))
#26 D:\phpstudy\WWW\pyrocms\vendor\laravel\framework\src\Illuminate\Session\Middleware\StartSession.php(64): Illuminate\Pipeline\Pipeline->Illuminate\Pipeline\{closure}(Object(Dingo\Api\Http\Request))
#27 D:\phpstudy\WWW\pyrocms\vendor\laravel\framework\src\Illuminate\Pipeline\Pipeline.php(137): Illuminate\Session\Middleware\StartSession->handle(Object(Dingo\Api\Http\Request), Object(Closure))
#28 D:\phpstudy\WWW\pyrocms\vendor\laravel\framework\src\Illuminate\Cookie\Middleware\AddQueuedCookiesToResponse.php(37): Illuminate\Pipeline\Pipeline->Illuminate\Pipeline\{closure}(Object(Dingo\Api\Http\Request))
#29 D:\phpstudy\WWW\pyrocms\vendor\laravel\framework\src\Illuminate\Pipeline\Pipeline.php(137): Illuminate\Cookie\Middleware\AddQueuedCookiesToResponse->handle(Object(Dingo\Api\Http\Request), Object(Closure))
#30 D:\phpstudy\WWW\pyrocms\vendor\laravel\framework\src\Illuminate\Cookie\Middleware\EncryptCookies.php(59): Illuminate\Pipeline\Pipeline->Illuminate\Pipeline\{closure}(Object(Dingo\Api\Http\Request))
#31 D:\phpstudy\WWW\pyrocms\vendor\laravel\framework\src\Illuminate\Pipeline\Pipeline.php(137): Illuminate\Cookie\Middleware\EncryptCookies->handle(Object(Dingo\Api\Http\Request), Object(Closure))
#32 D:\phpstudy\WWW\pyrocms\vendor\laravel\framework\src\Illuminate\Pipeline\Pipeline.php(104): Illuminate\Pipeline\Pipeline->Illuminate\Pipeline\{closure}(Object(Dingo\Api\Http\Request))
#33 D:\phpstudy\WWW\pyrocms\vendor\dingo\api\src\Http\Middleware\Request.php(127): Illuminate\Pipeline\Pipeline->then(Object(Closure))
#34 D:\phpstudy\WWW\pyrocms\vendor\dingo\api\src\Http\Middleware\Request.php(103): Dingo\Api\Http\Middleware\Request->sendRequestThroughRouter(Object(Dingo\Api\Http\Request))
#35 D:\phpstudy\WWW\pyrocms\vendor\laravel\framework\src\Illuminate\Pipeline\Pipeline.php(137): Dingo\Api\Http\Middleware\Request->handle(Object(Dingo\Api\Http\Request), Object(Closure))
#36 D:\phpstudy\WWW\pyrocms\vendor\laravel\framework\src\Illuminate\Routing\Pipeline.php(33): Illuminate\Pipeline\Pipeline->Illuminate\Pipeline\{closure}(Object(Illuminate\Http\Request))
#37 D:\phpstudy\WWW\pyrocms\vendor\laravel\framework\src\Illuminate\Pipeline\Pipeline.php(104): Illuminate\Routing\Pipeline->Illuminate\Routing\{closure}(Object(Illuminate\Http\Request))
#38 D:\phpstudy\WWW\pyrocms\vendor\laravel\framework\src\Illuminate\Foundation\Http\Kernel.php(150): Illuminate\Pipeline\Pipeline->then(Object(Closure))
#39 D:\phpstudy\WWW\pyrocms\vendor\laravel\framework\src\Illuminate\Foundation\Http\Kernel.php(117): Illuminate\Foundation\Http\Kernel->sendRequestThroughRouter(Object(Illuminate\Http\Request))
#40 D:\phpstudy\WWW\pyrocms\public\index.php(53): Illuminate\Foundation\Http\Kernel->handle(Object(Illuminate\Http\Request))
#41 {main} {"identification":{"id":"c8eabda4-8948-468a-b242-e6ff19cebc29"}} 
[2017-08-21 12:01:12] local.ERROR: ErrorException: Undefined variable: path in D:\phpstudy\WWW\pyrocms\app\Http\Controllers\HomeController.php:332
Stack trace:
#0 D:\phpstudy\WWW\pyrocms\app\Http\Controllers\HomeController.php(332): Illuminate\Foundation\Bootstrap\HandleExceptions->handleError(8, 'Undefined varia...', 'D:\\phpstudy\\WWW...', 332, Array)
#1 [internal function]: App\Http\Controllers\HomeController->personalInformation(Object(Dingo\Api\Http\Request))
#2 D:\phpstudy\WWW\pyrocms\vendor\laravel\framework\src\Illuminate\Routing\Controller.php(55): call_user_func_array(Array, Array)
#3 D:\phpstudy\WWW\pyrocms\vendor\laravel\framework\src\Illuminate\Routing\ControllerDispatcher.php(44): Illuminate\Routing\Controller->callAction('personalInforma...', Array)
#4 D:\phpstudy\WWW\pyrocms\vendor\laravel\framework\src\Illuminate\Routing\Route.php(189): Illuminate\Routing\ControllerDispatcher->dispatch(Object(Illuminate\Routing\Route), Object(App\Http\Controllers\HomeController), 'personalInforma...')
#5 D:\phpstudy\WWW\pyrocms\vendor\laravel\framework\src\Illuminate\Routing\Route.php(144): Illuminate\Routing\Route->runController()
#6 D:\phpstudy\WWW\pyrocms\vendor\laravel\framework\src\Illuminate\Routing\Router.php(653): Illuminate\Routing\Route->run(Object(Dingo\Api\Http\Request))
#7 D:\phpstudy\WWW\pyrocms\vendor\laravel\framework\src\Illuminate\Routing\Pipeline.php(53): Illuminate\Routing\Router->Illuminate\Routing\{closure}(Object(Dingo\Api\Http\Request))
#8 D:\phpstudy\WWW\pyrocms\app\Http\Middleware\UserAuth.php(42): Illuminate\Routing\Pipeline->Illuminate\Routing\{closure}(Object(Dingo\Api\Http\Request))
#9 D:\phpstudy\WWW\pyrocms\vendor\laravel\framework\src\Illuminate\Pipeline\Pipeline.php(137): App\Http\Middleware\UserAuth->handle(Object(Dingo\Api\Http\Request), Object(Closure))
#10 D:\phpstudy\WWW\pyrocms\vendor\laravel\framework\src\Illuminate\Routing\Pipeline.php(33): Illuminate\Pipeline\Pipeline->Illuminate\Pipeline\{closure}(Object(Dingo\Api\Http\Request))
#11 D:\phpstudy\WWW\pyrocms\vendor\dingo\api\src\Http\Middleware\PrepareController.php(45): Illuminate\Routing\Pipeline->Illuminate\Routing\{closure}(Object(Dingo\Api\Http\Request))
#12 D:\phpstudy\WWW\pyrocms\vendor\laravel\framework\src\Illuminate\Pipeline\Pipeline.php(137): Dingo\Api\Http\Middleware\PrepareController->handle(Object(Dingo\Api\Http\Request), Object(Closure))
#13 D:\phpstudy\WWW\pyrocms\vendor\laravel\framework\src\Illuminate\Routing\Pipeline.php(33): Illuminate\Pipeline\Pipeline->Illuminate\Pipeline\{closure}(Object(Dingo\Api\Http\Request))
#14 D:\phpstudy\WWW\pyrocms\vendor\laravel\framework\src\Illuminate\Pipeline\Pipeline.php(104): Illuminate\Routing\Pipeline->Illuminate\Routing\{closure}(Object(Dingo\Api\Http\Request))
#15 D:\phpstudy\WWW\pyrocms\vendor\laravel\framework\src\Illuminate\Routing\Router.php(655): Illuminate\Pipeline\Pipeline->then(Object(Closure))
#16 D:\phpstudy\WWW\pyrocms\vendor\laravel\framework\src\Illuminate\Routing\Router.php(629): Illuminate\Routing\Router->runRouteWithinStack(Object(Illuminate\Routing\Route), Object(Dingo\Api\Http\Request))
#17 D:\phpstudy\WWW\pyrocms\vendor\laravel\framework\src\Illuminate\Routing\Router.php(607): Illuminate\Routing\Router->dispatchToRoute(Object(Dingo\Api\Http\Request))
#18 D:\phpstudy\WWW\pyrocms\vendor\dingo\api\src\Routing\Adapter\Laravel.php(81): Illuminate\Routing\Router->dispatch(Object(Dingo\Api\Http\Request))
#19 D:\phpstudy\WWW\pyrocms\vendor\dingo\api\src\Routing\Router.php(513): Dingo\Api\Routing\Adapter\Laravel->dispatch(Object(Dingo\Api\Http\Request), 'v1')
#20 D:\phpstudy\WWW\pyrocms\vendor\dingo\api\src\Http\Middleware\Request.php(126): Dingo\Api\Routing\Router->dispatch(Object(Dingo\Api\Http\Request))
#21 D:\phpstudy\WWW\pyrocms\vendor\laravel\framework\src\Illuminate\Pipeline\Pipeline.php(151): Dingo\Api\Http\Middleware\Request->Dingo\Api\Http\Middleware\{closure}(Object(Dingo\Api\Http\Request))
#22 D:\phpstudy\WWW\pyrocms\vendor\anomaly\streams-platform\src\Http\Middleware\SetLocale.php(88): Illuminate\Pipeline\Pipeline->Illuminate\Pipeline\{closure}(Object(Dingo\Api\Http\Request))
#23 D:\phpstudy\WWW\pyrocms\vendor\laravel\framework\src\Illuminate\Pipeline\Pipeline.php(137): Anomaly\Streams\Platform\Http\Middleware\SetLocale->handle(Object(Dingo\Api\Http\Request), Object(Closure))
#24 D:\phpstudy\WWW\pyrocms\vendor\laravel\framework\src\Illuminate\View\Middleware\ShareErrorsFromSession.php(49): Illuminate\Pipeline\Pipeline->Illuminate\Pipeline\{closure}(Object(Dingo\Api\Http\Request))
#25 D:\phpstudy\WWW\pyrocms\vendor\laravel\framework\src\Illuminate\Pipeline\Pipeline.php(137): Illuminate\View\Middleware\ShareErrorsFromSession->handle(Object(Dingo\Api\Http\Request), Object(Closure))
#26 D:\phpstudy\WWW\pyrocms\vendor\laravel\framework\src\Illuminate\Session\Middleware\StartSession.php(64): Illuminate\Pipeline\Pipeline->Illuminate\Pipeline\{closure}(Object(Dingo\Api\Http\Request))
#27 D:\phpstudy\WWW\pyrocms\vendor\laravel\framework\src\Illuminate\Pipeline\Pipeline.php(137): Illuminate\Session\Middleware\StartSession->handle(Object(Dingo\Api\Http\Request), Object(Closure))
#28 D:\phpstudy\WWW\pyrocms\vendor\laravel\framework\src\Illuminate\Cookie\Middleware\AddQueuedCookiesToResponse.php(37): Illuminate\Pipeline\Pipeline->Illuminate\Pipeline\{closure}(Object(Dingo\Api\Http\Request))
#29 D:\phpstudy\WWW\pyrocms\vendor\laravel\framework\src\Illuminate\Pipeline\Pipeline.php(137): Illuminate\Cookie\Middleware\AddQueuedCookiesToResponse->handle(Object(Dingo\Api\Http\Request), Object(Closure))
#30 D:\phpstudy\WWW\pyrocms\vendor\laravel\framework\src\Illuminate\Cookie\Middleware\EncryptCookies.php(59): Illuminate\Pipeline\Pipeline->Illuminate\Pipeline\{closure}(Object(Dingo\Api\Http\Request))
#31 D:\phpstudy\WWW\pyrocms\vendor\laravel\framework\src\Illuminate\Pipeline\Pipeline.php(137): Illuminate\Cookie\Middleware\EncryptCookies->handle(Object(Dingo\Api\Http\Request), Object(Closure))
#32 D:\phpstudy\WWW\pyrocms\vendor\laravel\framework\src\Illuminate\Pipeline\Pipeline.php(104): Illuminate\Pipeline\Pipeline->Illuminate\Pipeline\{closure}(Object(Dingo\Api\Http\Request))
#33 D:\phpstudy\WWW\pyrocms\vendor\dingo\api\src\Http\Middleware\Request.php(127): Illuminate\Pipeline\Pipeline->then(Object(Closure))
#34 D:\phpstudy\WWW\pyrocms\vendor\dingo\api\src\Http\Middleware\Request.php(103): Dingo\Api\Http\Middleware\Request->sendRequestThroughRouter(Object(Dingo\Api\Http\Request))
#35 D:\phpstudy\WWW\pyrocms\vendor\laravel\framework\src\Illuminate\Pipeline\Pipeline.php(137): Dingo\Api\Http\Middleware\Request->handle(Object(Dingo\Api\Http\Request), Object(Closure))
#36 D:\phpstudy\WWW\pyrocms\vendor\laravel\framework\src\Illuminate\Routing\Pipeline.php(33): Illuminate\Pipeline\Pipeline->Illuminate\Pipeline\{closure}(Object(Illuminate\Http\Request))
#37 D:\phpstudy\WWW\pyrocms\vendor\laravel\framework\src\Illuminate\Pipeline\Pipeline.php(104): Illuminate\Routing\Pipeline->Illuminate\Routing\{closure}(Object(Illuminate\Http\Request))
#38 D:\phpstudy\WWW\pyrocms\vendor\laravel\framework\src\Illuminate\Foundation\Http\Kernel.php(150): Illuminate\Pipeline\Pipeline->then(Object(Closure))
#39 D:\phpstudy\WWW\pyrocms\vendor\laravel\framework\src\Illuminate\Foundation\Http\Kernel.php(117): Illuminate\Foundation\Http\Kernel->sendRequestThroughRouter(Object(Illuminate\Http\Request))
#40 D:\phpstudy\WWW\pyrocms\public\index.php(53): Illuminate\Foundation\Http\Kernel->handle(Object(Illuminate\Http\Request))
#41 {main} {"identification":{"id":"c8eabda4-8948-468a-b242-e6ff19cebc29"}} 
[2017-08-21 12:14:15] local.CRITICAL: Symfony\Component\Debug\Exception\FatalErrorException: Maximum execution time of 30 seconds exceeded in D:\phpstudy\WWW\pyrocms\addons\shared\fannan\members-module\factories\MessageFactory.php:3
Stack trace:
#0 {main} {"identification":{"id":"1a1a859f-c682-4921-958a-5d6f97834b11"}} 
[2017-08-21 14:30:00] local.CRITICAL: Symfony\Component\Debug\Exception\FatalErrorException: Maximum execution time of 30 seconds exceeded in D:\phpstudy\WWW\pyrocms\vendor\fzaninotto\faker\src\Faker\Provider\Person.php:5
Stack trace:
#0 {main} {"identification":{"id":"5909d3d1-045d-41df-bc8a-7b1dcb066cfe"}} 
[2017-08-21 16:10:22] local.CRITICAL: Symfony\Component\Debug\Exception\FatalErrorException: Maximum execution time of 30 seconds exceeded in D:\phpstudy\WWW\pyrocms\vendor\doctrine\dbal\lib\Doctrine\DBAL\Driver\PDOConnection.php:43
Stack trace:
#0 {main} {"identification":{"id":"4226ff67-921b-4f20-ba40-94ed1d656d35"}} 
[2017-08-21 16:11:21] local.CRITICAL: Symfony\Component\Debug\Exception\FatalErrorException: Maximum execution time of 30 seconds exceeded in D:\phpstudy\WWW\pyrocms\vendor\kriswallsmith\assetic\src\Assetic\Asset\GlobAsset.php:22
Stack trace:
#0 {main} {"identification":{"id":"4650431d-7661-40c7-95b1-b708f5a9a3fb"}} 
[2017-08-21 16:50:56] local.ERROR: Symfony\Component\Debug\Exception\FatalThrowableError: Parse error: syntax error, unexpected '}' in D:\phpstudy\WWW\pyrocms\app\Http\Controllers\HomeController.php:850
Stack trace:
#0 D:\phpstudy\WWW\pyrocms\vendor\composer\ClassLoader.php(322): Composer\Autoload\includeFile('D:\\phpstudy\\WWW...')
#1 [internal function]: Composer\Autoload\ClassLoader->loadClass('App\\Http\\Contro...')
#2 [internal function]: spl_autoload_call('App\\Http\\Contro...')
#3 D:\phpstudy\WWW\pyrocms\vendor\laravel\framework\src\Illuminate\Container\Container.php(749): ReflectionClass->__construct('App\\Http\\Contro...')
#4 D:\phpstudy\WWW\pyrocms\vendor\laravel\framework\src\Illuminate\Container\Container.php(644): Illuminate\Container\Container->build('App\\Http\\Contro...', Array)
#5 D:\phpstudy\WWW\pyrocms\vendor\laravel\framework\src\Illuminate\Foundation\Application.php(709): Illuminate\Container\Container->make('App\\Http\\Contro...', Array)
#6 D:\phpstudy\WWW\pyrocms\vendor\laravel\framework\src\Illuminate\Routing\Route.php(203): Illuminate\Foundation\Application->make('App\\Http\\Contro...')
#7 D:\phpstudy\WWW\pyrocms\vendor\laravel\framework\src\Illuminate\Routing\Route.php(316): Illuminate\Routing\Route->getController()
#8 D:\phpstudy\WWW\pyrocms\vendor\laravel\framework\src\Illuminate\Routing\Route.php(278): Illuminate\Routing\Route->controllerMiddleware()
#9 D:\phpstudy\WWW\pyrocms\vendor\laravel\framework\src\Illuminate\Routing\Router.php(666): Illuminate\Routing\Route->gatherMiddleware()
#10 D:\phpstudy\WWW\pyrocms\vendor\laravel\framework\src\Illuminate\Routing\Router.php(646): Illuminate\Routing\Router->gatherRouteMiddleware(Object(Illuminate\Routing\Route))
#11 D:\phpstudy\WWW\pyrocms\vendor\laravel\framework\src\Illuminate\Routing\Router.php(629): Illuminate\Routing\Router->runRouteWithinStack(Object(Illuminate\Routing\Route), Object(Dingo\Api\Http\Request))
#12 D:\phpstudy\WWW\pyrocms\vendor\laravel\framework\src\Illuminate\Routing\Router.php(607): Illuminate\Routing\Router->dispatchToRoute(Object(Dingo\Api\Http\Request))
#13 D:\phpstudy\WWW\pyrocms\vendor\dingo\api\src\Routing\Adapter\Laravel.php(81): Illuminate\Routing\Router->dispatch(Object(Dingo\Api\Http\Request))
#14 D:\phpstudy\WWW\pyrocms\vendor\dingo\api\src\Routing\Router.php(513): Dingo\Api\Routing\Adapter\Laravel->dispatch(Object(Dingo\Api\Http\Request), 'v1')
#15 D:\phpstudy\WWW\pyrocms\vendor\dingo\api\src\Http\Middleware\Request.php(126): Dingo\Api\Routing\Router->dispatch(Object(Dingo\Api\Http\Request))
#16 D:\phpstudy\WWW\pyrocms\vendor\laravel\framework\src\Illuminate\Pipeline\Pipeline.php(151): Dingo\Api\Http\Middleware\Request->Dingo\Api\Http\Middleware\{closure}(Object(Dingo\Api\Http\Request))
#17 D:\phpstudy\WWW\pyrocms\vendor\anomaly\streams-platform\src\Http\Middleware\SetLocale.php(88): Illuminate\Pipeline\Pipeline->Illuminate\Pipeline\{closure}(Object(Dingo\Api\Http\Request))
#18 D:\phpstudy\WWW\pyrocms\vendor\laravel\framework\src\Illuminate\Pipeline\Pipeline.php(137): Anomaly\Streams\Platform\Http\Middleware\SetLocale->handle(Object(Dingo\Api\Http\Request), Object(Closure))
#19 D:\phpstudy\WWW\pyrocms\vendor\laravel\framework\src\Illuminate\View\Middleware\ShareErrorsFromSession.php(49): Illuminate\Pipeline\Pipeline->Illuminate\Pipeline\{closure}(Object(Dingo\Api\Http\Request))
#20 D:\phpstudy\WWW\pyrocms\vendor\laravel\framework\src\Illuminate\Pipeline\Pipeline.php(137): Illuminate\View\Middleware\ShareErrorsFromSession->handle(Object(Dingo\Api\Http\Request), Object(Closure))
#21 D:\phpstudy\WWW\pyrocms\vendor\laravel\framework\src\Illuminate\Session\Middleware\StartSession.php(64): Illuminate\Pipeline\Pipeline->Illuminate\Pipeline\{closure}(Object(Dingo\Api\Http\Request))
#22 D:\phpstudy\WWW\pyrocms\vendor\laravel\framework\src\Illuminate\Pipeline\Pipeline.php(137): Illuminate\Session\Middleware\StartSession->handle(Object(Dingo\Api\Http\Request), Object(Closure))
#23 D:\phpstudy\WWW\pyrocms\vendor\laravel\framework\src\Illuminate\Cookie\Middleware\AddQueuedCookiesToResponse.php(37): Illuminate\Pipeline\Pipeline->Illuminate\Pipeline\{closure}(Object(Dingo\Api\Http\Request))
#24 D:\phpstudy\WWW\pyrocms\vendor\laravel\framework\src\Illuminate\Pipeline\Pipeline.php(137): Illuminate\Cookie\Middleware\AddQueuedCookiesToResponse->handle(Object(Dingo\Api\Http\Request), Object(Closure))
#25 D:\phpstudy\WWW\pyrocms\vendor\laravel\framework\src\Illuminate\Cookie\Middleware\EncryptCookies.php(59): Illuminate\Pipeline\Pipeline->Illuminate\Pipeline\{closure}(Object(Dingo\Api\Http\Request))
#26 D:\phpstudy\WWW\pyrocms\vendor\laravel\framework\src\Illuminate\Pipeline\Pipeline.php(137): Illuminate\Cookie\Middleware\EncryptCookies->handle(Object(Dingo\Api\Http\Request), Object(Closure))
#27 D:\phpstudy\WWW\pyrocms\vendor\laravel\framework\src\Illuminate\Pipeline\Pipeline.php(104): Illuminate\Pipeline\Pipeline->Illuminate\Pipeline\{closure}(Object(Dingo\Api\Http\Request))
#28 D:\phpstudy\WWW\pyrocms\vendor\dingo\api\src\Http\Middleware\Request.php(127): Illuminate\Pipeline\Pipeline->then(Object(Closure))
#29 D:\phpstudy\WWW\pyrocms\vendor\dingo\api\src\Http\Middleware\Request.php(103): Dingo\Api\Http\Middleware\Request->sendRequestThroughRouter(Object(Dingo\Api\Http\Request))
#30 D:\phpstudy\WWW\pyrocms\vendor\laravel\framework\src\Illuminate\Pipeline\Pipeline.php(137): Dingo\Api\Http\Middleware\Request->handle(Object(Dingo\Api\Http\Request), Object(Closure))
#31 D:\phpstudy\WWW\pyrocms\vendor\laravel\framework\src\Illuminate\Routing\Pipeline.php(33): Illuminate\Pipeline\Pipeline->Illuminate\Pipeline\{closure}(Object(Illuminate\Http\Request))
#32 D:\phpstudy\WWW\pyrocms\vendor\laravel\framework\src\Illuminate\Pipeline\Pipeline.php(104): Illuminate\Routing\Pipeline->Illuminate\Routing\{closure}(Object(Illuminate\Http\Request))
#33 D:\phpstudy\WWW\pyrocms\vendor\laravel\framework\src\Illuminate\Foundation\Http\Kernel.php(150): Illuminate\Pipeline\Pipeline->then(Object(Closure))
#34 D:\phpstudy\WWW\pyrocms\vendor\laravel\framework\src\Illuminate\Foundation\Http\Kernel.php(117): Illuminate\Foundation\Http\Kernel->sendRequestThroughRouter(Object(Illuminate\Http\Request))
#35 D:\phpstudy\WWW\pyrocms\public\index.php(53): Illuminate\Foundation\Http\Kernel->handle(Object(Illuminate\Http\Request))
#36 {main} {"identification":{"id":"8d343674-fc87-46f0-92a3-248b84d9ceac"}} 
[2017-08-21 16:50:56] local.ERROR: Symfony\Component\Debug\Exception\FatalThrowableError: Parse error: syntax error, unexpected '}' in D:\phpstudy\WWW\pyrocms\app\Http\Controllers\HomeController.php:850
Stack trace:
#0 D:\phpstudy\WWW\pyrocms\vendor\composer\ClassLoader.php(322): Composer\Autoload\includeFile('D:\\phpstudy\\WWW...')
#1 [internal function]: Composer\Autoload\ClassLoader->loadClass('App\\Http\\Contro...')
#2 [internal function]: spl_autoload_call('App\\Http\\Contro...')
#3 D:\phpstudy\WWW\pyrocms\vendor\laravel\framework\src\Illuminate\Container\Container.php(749): ReflectionClass->__construct('App\\Http\\Contro...')
#4 D:\phpstudy\WWW\pyrocms\vendor\laravel\framework\src\Illuminate\Container\Container.php(644): Illuminate\Container\Container->build('App\\Http\\Contro...', Array)
#5 D:\phpstudy\WWW\pyrocms\vendor\laravel\framework\src\Illuminate\Foundation\Application.php(709): Illuminate\Container\Container->make('App\\Http\\Contro...', Array)
#6 D:\phpstudy\WWW\pyrocms\vendor\laravel\framework\src\Illuminate\Routing\Route.php(203): Illuminate\Foundation\Application->make('App\\Http\\Contro...')
#7 D:\phpstudy\WWW\pyrocms\vendor\laravel\framework\src\Illuminate\Routing\Route.php(316): Illuminate\Routing\Route->getController()
#8 D:\phpstudy\WWW\pyrocms\vendor\laravel\framework\src\Illuminate\Routing\Route.php(278): Illuminate\Routing\Route->controllerMiddleware()
#9 D:\phpstudy\WWW\pyrocms\vendor\laravel\framework\src\Illuminate\Routing\Router.php(666): Illuminate\Routing\Route->gatherMiddleware()
#10 D:\phpstudy\WWW\pyrocms\vendor\dingo\api\src\Routing\Adapter\Laravel.php(233): Illuminate\Routing\Router->gatherRouteMiddleware(Object(Illuminate\Routing\Route))
#11 D:\phpstudy\WWW\pyrocms\vendor\dingo\api\src\Routing\Router.php(582): Dingo\Api\Routing\Adapter\Laravel->gatherRouteMiddlewares(Object(Illuminate\Routing\Route))
#12 D:\phpstudy\WWW\pyrocms\vendor\dingo\api\src\Http\Middleware\Request.php(200): Dingo\Api\Routing\Router->gatherRouteMiddlewares(Object(Illuminate\Routing\Route))
#13 D:\phpstudy\WWW\pyrocms\vendor\dingo\api\src\Http\Middleware\Request.php(145): Dingo\Api\Http\Middleware\Request->gatherRouteMiddlewares(Object(Dingo\Api\Http\Request))
#14 D:\phpstudy\WWW\pyrocms\vendor\laravel\framework\src\Illuminate\Foundation\Http\Kernel.php(177): Dingo\Api\Http\Middleware\Request->terminate(Object(Dingo\Api\Http\Request), Object(Illuminate\Http\Response))
#15 D:\phpstudy\WWW\pyrocms\public\index.php(58): Illuminate\Foundation\Http\Kernel->terminate(Object(Illuminate\Http\Request), Object(Illuminate\Http\Response))
#16 {main} {"identification":{"id":"c3ef9bc5-1bae-498e-b818-2362e55c9f48"}} 
[2017-08-21 17:17:17] local.CRITICAL: Symfony\Component\Debug\Exception\FatalErrorException: Maximum execution time of 30 seconds exceeded in D:\phpstudy\WWW\pyrocms\vendor\anomaly\streams-platform\src\Addon\Addon.php:16
Stack trace:
#0 {main} {"identification":{"id":"268bab4d-7b8e-4896-a551-74e4698dc859"}} 
[2017-08-21 17:18:07] local.ERROR: Symfony\Component\Debug\Exception\FatalErrorException: Maximum execution time of 30 seconds exceeded in D:\phpstudy\WWW\pyrocms\vendor\doctrine\dbal\lib\Doctrine\DBAL\Driver\PDOStatement.php:35
Stack trace:
#0 {main} {"identification":{"id":"4bbe0ee9-1846-4126-96c2-45b9a7e0990d"}} 
[2017-08-21 17:18:50] local.CRITICAL: Symfony\Component\Debug\Exception\FatalErrorException: Maximum execution time of 30 seconds exceeded in D:\phpstudy\WWW\pyrocms\vendor\anomaly\streams-platform\src\Ui\Form\Component\Button\ButtonResolver.php:13
Stack trace:
#0 {main} {"identification":{"id":"fef0d727-137e-4bdf-8af1-6bffc82b4cd3"}} 
[2017-08-21 17:21:21] local.CRITICAL: Symfony\Component\Debug\Exception\FatalErrorException: Maximum execution time of 30 seconds exceeded in D:\phpstudy\WWW\pyrocms\vendor\composer\ClassLoader.php:384
Stack trace:
#0 {main} {"identification":{"id":"4773b27a-cb7f-47e9-bbf2-205c07690e4e"}} 
[2017-08-21 17:22:01] local.CRITICAL: Symfony\Component\Debug\Exception\FatalErrorException: Maximum execution time of 30 seconds exceeded in D:\phpstudy\WWW\pyrocms\vendor\league\flysystem\src\AdapterInterface.php:5
Stack trace:
#0 {main} {"identification":{"id":"c5406282-5927-4c65-acd6-93640792bda9"}} 
[2017-08-21 17:22:09] local.CRITICAL: Symfony\Component\Debug\Exception\FatalErrorException: Maximum execution time of 30 seconds exceeded in D:\phpstudy\WWW\pyrocms\vendor\anomaly\streams-platform\src\Ui\ControlPanel\Component\Section\Section.php:12
Stack trace:
#0 {main} {"identification":{"id":"7a89b65b-9777-43ea-b2a2-6cf27f7d836a"}} 
[2017-08-21 17:28:24] local.CRITICAL: Symfony\Component\Debug\Exception\FatalErrorException: Maximum execution time of 30 seconds exceeded in D:\phpstudy\WWW\pyrocms\vendor\anomaly\streams-platform\src\Support\Authorizer.php:17
Stack trace:
#0 {main} {"identification":{"id":"4b128960-c0b9-4d56-a5d4-5f1fe0fbcb8b"}} 
[2017-08-21 17:28:51] local.CRITICAL: Symfony\Component\Debug\Exception\FatalErrorException: Maximum execution time of 30 seconds exceeded in D:\phpstudy\WWW\pyrocms\storage\framework\views\twig\9b\9b1ccd0cf601df6c2a0c9b1509ed6be7ee02e01aadcf682973cf731bc77c2ad7.php:4
Stack trace:
#0 {main} {"identification":{"id":"2b7535ab-2946-4640-afb4-6e52e9e4ddeb"}} 
