[2017-08-22 17:14:13] local.ERROR: UnexpectedValueException: The Response content must be a string or object implementing __toString(), "object" given. in D:\phpstudy\WWW\pyrocms\vendor\symfony\http-foundation\Response.php:403
Stack trace:
#0 D:\phpstudy\WWW\pyrocms\vendor\laravel\framework\src\Illuminate\Http\Response.php(48): Symfony\Component\HttpFoundation\Response->setContent(Object(stdClass))
#1 D:\phpstudy\WWW\pyrocms\vendor\symfony\http-foundation\Response.php(201): Illuminate\Http\Response->setContent(Object(stdClass))
#2 D:\phpstudy\WWW\pyrocms\vendor\laravel\framework\src\Illuminate\Routing\Router.php(1028): Symfony\Component\HttpFoundation\Response->__construct(Object(stdClass))
#3 D:\phpstudy\WWW\pyrocms\vendor\laravel\framework\src\Illuminate\Routing\Router.php(653): Illuminate\Routing\Router->prepareResponse(Object(Dingo\Api\Http\Request), Object(stdClass))
#4 D:\phpstudy\WWW\pyrocms\vendor\laravel\framework\src\Illuminate\Routing\Pipeline.php(53): Illuminate\Routing\Router->Illuminate\Routing\{closure}(Object(Dingo\Api\Http\Request))
#5 D:\phpstudy\WWW\pyrocms\vendor\dingo\api\src\Http\Middleware\PrepareController.php(45): Illuminate\Routing\Pipeline->Illuminate\Routing\{closure}(Object(Dingo\Api\Http\Request))
#6 D:\phpstudy\WWW\pyrocms\vendor\laravel\framework\src\Illuminate\Pipeline\Pipeline.php(137): Dingo\Api\Http\Middleware\PrepareController->handle(Object(Dingo\Api\Http\Request), Object(Closure))
#7 D:\phpstudy\WWW\pyrocms\vendor\laravel\framework\src\Illuminate\Routing\Pipeline.php(33): Illuminate\Pipeline\Pipeline->Illuminate\Pipeline\{closure}(Object(Dingo\Api\Http\Request))
#8 D:\phpstudy\WWW\pyrocms\vendor\laravel\framework\src\Illuminate\Pipeline\Pipeline.php(104): Illuminate\Routing\Pipeline->Illuminate\Routing\{closure}(Object(Dingo\Api\Http\Request))
#9 D:\phpstudy\WWW\pyrocms\vendor\laravel\framework\src\Illuminate\Routing\Router.php(655): Illuminate\Pipeline\Pipeline->then(Object(Closure))
#10 D:\phpstudy\WWW\pyrocms\vendor\laravel\framework\src\Illuminate\Routing\Router.php(629): Illuminate\Routing\Router->runRouteWithinStack(Object(Illuminate\Routing\Route), Object(Dingo\Api\Http\Request))
#11 D:\phpstudy\WWW\pyrocms\vendor\laravel\framework\src\Illuminate\Routing\Router.php(607): Illuminate\Routing\Router->dispatchToRoute(Object(Dingo\Api\Http\Request))
#12 D:\phpstudy\WWW\pyrocms\vendor\dingo\api\src\Routing\Adapter\Laravel.php(81): Illuminate\Routing\Router->dispatch(Object(Dingo\Api\Http\Request))
#13 D:\phpstudy\WWW\pyrocms\vendor\dingo\api\src\Routing\Router.php(513): Dingo\Api\Routing\Adapter\Laravel->dispatch(Object(Dingo\Api\Http\Request), 'v1')
#14 D:\phpstudy\WWW\pyrocms\vendor\dingo\api\src\Http\Middleware\Request.php(126): Dingo\Api\Routing\Router->dispatch(Object(Dingo\Api\Http\Request))
#15 D:\phpstudy\WWW\pyrocms\vendor\laravel\framework\src\Illuminate\Pipeline\Pipeline.php(151): Dingo\Api\Http\Middleware\Request->Dingo\Api\Http\Middleware\{closure}(Object(Dingo\Api\Http\Request))
#16 D:\phpstudy\WWW\pyrocms\vendor\anomaly\streams-platform\src\Http\Middleware\SetLocale.php(88): Illuminate\Pipeline\Pipeline->Illuminate\Pipeline\{closure}(Object(Dingo\Api\Http\Request))
#17 D:\phpstudy\WWW\pyrocms\vendor\laravel\framework\src\Illuminate\Pipeline\Pipeline.php(137): Anomaly\Streams\Platform\Http\Middleware\SetLocale->handle(Object(Dingo\Api\Http\Request), Object(Closure))
#18 D:\phpstudy\WWW\pyrocms\vendor\laravel\framework\src\Illuminate\View\Middleware\ShareErrorsFromSession.php(49): Illuminate\Pipeline\Pipeline->Illuminate\Pipeline\{closure}(Object(Dingo\Api\Http\Request))
#19 D:\phpstudy\WWW\pyrocms\vendor\laravel\framework\src\Illuminate\Pipeline\Pipeline.php(137): Illuminate\View\Middleware\ShareErrorsFromSession->handle(Object(Dingo\Api\Http\Request), Object(Closure))
#20 D:\phpstudy\WWW\pyrocms\vendor\laravel\framework\src\Illuminate\Session\Middleware\StartSession.php(64): Illuminate\Pipeline\Pipeline->Illuminate\Pipeline\{closure}(Object(Dingo\Api\Http\Request))
#21 D:\phpstudy\WWW\pyrocms\vendor\laravel\framework\src\Illuminate\Pipeline\Pipeline.php(137): Illuminate\Session\Middleware\StartSession->handle(Object(Dingo\Api\Http\Request), Object(Closure))
#22 D:\phpstudy\WWW\pyrocms\vendor\laravel\framework\src\Illuminate\Cookie\Middleware\AddQueuedCookiesToResponse.php(37): Illuminate\Pipeline\Pipeline->Illuminate\Pipeline\{closure}(Object(Dingo\Api\Http\Request))
#23 D:\phpstudy\WWW\pyrocms\vendor\laravel\framework\src\Illuminate\Pipeline\Pipeline.php(137): Illuminate\Cookie\Middleware\AddQueuedCookiesToResponse->handle(Object(Dingo\Api\Http\Request), Object(Closure))
#24 D:\phpstudy\WWW\pyrocms\vendor\laravel\framework\src\Illuminate\Cookie\Middleware\EncryptCookies.php(59): Illuminate\Pipeline\Pipeline->Illuminate\Pipeline\{closure}(Object(Dingo\Api\Http\Request))
#25 D:\phpstudy\WWW\pyrocms\vendor\laravel\framework\src\Illuminate\Pipeline\Pipeline.php(137): Illuminate\Cookie\Middleware\EncryptCookies->handle(Object(Dingo\Api\Http\Request), Object(Closure))
#26 D:\phpstudy\WWW\pyrocms\vendor\laravel\framework\src\Illuminate\Pipeline\Pipeline.php(104): Illuminate\Pipeline\Pipeline->Illuminate\Pipeline\{closure}(Object(Dingo\Api\Http\Request))
#27 D:\phpstudy\WWW\pyrocms\vendor\dingo\api\src\Http\Middleware\Request.php(127): Illuminate\Pipeline\Pipeline->then(Object(Closure))
#28 D:\phpstudy\WWW\pyrocms\vendor\dingo\api\src\Http\Middleware\Request.php(103): Dingo\Api\Http\Middleware\Request->sendRequestThroughRouter(Object(Dingo\Api\Http\Request))
#29 D:\phpstudy\WWW\pyrocms\vendor\laravel\framework\src\Illuminate\Pipeline\Pipeline.php(137): Dingo\Api\Http\Middleware\Request->handle(Object(Dingo\Api\Http\Request), Object(Closure))
#30 D:\phpstudy\WWW\pyrocms\vendor\laravel\framework\src\Illuminate\Routing\Pipeline.php(33): Illuminate\Pipeline\Pipeline->Illuminate\Pipeline\{closure}(Object(Illuminate\Http\Request))
#31 D:\phpstudy\WWW\pyrocms\vendor\laravel\framework\src\Illuminate\Pipeline\Pipeline.php(104): Illuminate\Routing\Pipeline->Illuminate\Routing\{closure}(Object(Illuminate\Http\Request))
#32 D:\phpstudy\WWW\pyrocms\vendor\laravel\framework\src\Illuminate\Foundation\Http\Kernel.php(150): Illuminate\Pipeline\Pipeline->then(Object(Closure))
#33 D:\phpstudy\WWW\pyrocms\vendor\laravel\framework\src\Illuminate\Foundation\Http\Kernel.php(117): Illuminate\Foundation\Http\Kernel->sendRequestThroughRouter(Object(Illuminate\Http\Request))
#34 D:\phpstudy\WWW\pyrocms\public\index.php(53): Illuminate\Foundation\Http\Kernel->handle(Object(Illuminate\Http\Request))
#35 {main} {"identification":{"id":"6050d1c7-afaf-4fa8-b780-9d2e895a1db9"}} 
[2017-08-22 17:14:13] local.ERROR: UnexpectedValueException: The Response content must be a string or object implementing __toString(), "object" given. in D:\phpstudy\WWW\pyrocms\vendor\symfony\http-foundation\Response.php:403
Stack trace:
#0 D:\phpstudy\WWW\pyrocms\vendor\laravel\framework\src\Illuminate\Http\Response.php(48): Symfony\Component\HttpFoundation\Response->setContent(Object(stdClass))
#1 D:\phpstudy\WWW\pyrocms\vendor\symfony\http-foundation\Response.php(201): Illuminate\Http\Response->setContent(Object(stdClass))
#2 D:\phpstudy\WWW\pyrocms\vendor\laravel\framework\src\Illuminate\Routing\Router.php(1028): Symfony\Component\HttpFoundation\Response->__construct(Object(stdClass))
#3 D:\phpstudy\WWW\pyrocms\vendor\laravel\framework\src\Illuminate\Routing\Router.php(653): Illuminate\Routing\Router->prepareResponse(Object(Dingo\Api\Http\Request), Object(stdClass))
#4 D:\phpstudy\WWW\pyrocms\vendor\laravel\framework\src\Illuminate\Routing\Pipeline.php(53): Illuminate\Routing\Router->Illuminate\Routing\{closure}(Object(Dingo\Api\Http\Request))
#5 D:\phpstudy\WWW\pyrocms\vendor\dingo\api\src\Http\Middleware\PrepareController.php(45): Illuminate\Routing\Pipeline->Illuminate\Routing\{closure}(Object(Dingo\Api\Http\Request))
#6 D:\phpstudy\WWW\pyrocms\vendor\laravel\framework\src\Illuminate\Pipeline\Pipeline.php(137): Dingo\Api\Http\Middleware\PrepareController->handle(Object(Dingo\Api\Http\Request), Object(Closure))
#7 D:\phpstudy\WWW\pyrocms\vendor\laravel\framework\src\Illuminate\Routing\Pipeline.php(33): Illuminate\Pipeline\Pipeline->Illuminate\Pipeline\{closure}(Object(Dingo\Api\Http\Request))
#8 D:\phpstudy\WWW\pyrocms\vendor\laravel\framework\src\Illuminate\Pipeline\Pipeline.php(104): Illuminate\Routing\Pipeline->Illuminate\Routing\{closure}(Object(Dingo\Api\Http\Request))
#9 D:\phpstudy\WWW\pyrocms\vendor\laravel\framework\src\Illuminate\Routing\Router.php(655): Illuminate\Pipeline\Pipeline->then(Object(Closure))
#10 D:\phpstudy\WWW\pyrocms\vendor\laravel\framework\src\Illuminate\Routing\Router.php(629): Illuminate\Routing\Router->runRouteWithinStack(Object(Illuminate\Routing\Route), Object(Dingo\Api\Http\Request))
#11 D:\phpstudy\WWW\pyrocms\vendor\laravel\framework\src\Illuminate\Routing\Router.php(607): Illuminate\Routing\Router->dispatchToRoute(Object(Dingo\Api\Http\Request))
#12 D:\phpstudy\WWW\pyrocms\vendor\dingo\api\src\Routing\Adapter\Laravel.php(81): Illuminate\Routing\Router->dispatch(Object(Dingo\Api\Http\Request))
#13 D:\phpstudy\WWW\pyrocms\vendor\dingo\api\src\Routing\Router.php(513): Dingo\Api\Routing\Adapter\Laravel->dispatch(Object(Dingo\Api\Http\Request), 'v1')
#14 D:\phpstudy\WWW\pyrocms\vendor\dingo\api\src\Http\Middleware\Request.php(126): Dingo\Api\Routing\Router->dispatch(Object(Dingo\Api\Http\Request))
#15 D:\phpstudy\WWW\pyrocms\vendor\laravel\framework\src\Illuminate\Pipeline\Pipeline.php(151): Dingo\Api\Http\Middleware\Request->Dingo\Api\Http\Middleware\{closure}(Object(Dingo\Api\Http\Request))
#16 D:\phpstudy\WWW\pyrocms\vendor\anomaly\streams-platform\src\Http\Middleware\SetLocale.php(88): Illuminate\Pipeline\Pipeline->Illuminate\Pipeline\{closure}(Object(Dingo\Api\Http\Request))
#17 D:\phpstudy\WWW\pyrocms\vendor\laravel\framework\src\Illuminate\Pipeline\Pipeline.php(137): Anomaly\Streams\Platform\Http\Middleware\SetLocale->handle(Object(Dingo\Api\Http\Request), Object(Closure))
#18 D:\phpstudy\WWW\pyrocms\vendor\laravel\framework\src\Illuminate\View\Middleware\ShareErrorsFromSession.php(49): Illuminate\Pipeline\Pipeline->Illuminate\Pipeline\{closure}(Object(Dingo\Api\Http\Request))
#19 D:\phpstudy\WWW\pyrocms\vendor\laravel\framework\src\Illuminate\Pipeline\Pipeline.php(137): Illuminate\View\Middleware\ShareErrorsFromSession->handle(Object(Dingo\Api\Http\Request), Object(Closure))
#20 D:\phpstudy\WWW\pyrocms\vendor\laravel\framework\src\Illuminate\Session\Middleware\StartSession.php(64): Illuminate\Pipeline\Pipeline->Illuminate\Pipeline\{closure}(Object(Dingo\Api\Http\Request))
#21 D:\phpstudy\WWW\pyrocms\vendor\laravel\framework\src\Illuminate\Pipeline\Pipeline.php(137): Illuminate\Session\Middleware\StartSession->handle(Object(Dingo\Api\Http\Request), Object(Closure))
#22 D:\phpstudy\WWW\pyrocms\vendor\laravel\framework\src\Illuminate\Cookie\Middleware\AddQueuedCookiesToResponse.php(37): Illuminate\Pipeline\Pipeline->Illuminate\Pipeline\{closure}(Object(Dingo\Api\Http\Request))
#23 D:\phpstudy\WWW\pyrocms\vendor\laravel\framework\src\Illuminate\Pipeline\Pipeline.php(137): Illuminate\Cookie\Middleware\AddQueuedCookiesToResponse->handle(Object(Dingo\Api\Http\Request), Object(Closure))
#24 D:\phpstudy\WWW\pyrocms\vendor\laravel\framework\src\Illuminate\Cookie\Middleware\EncryptCookies.php(59): Illuminate\Pipeline\Pipeline->Illuminate\Pipeline\{closure}(Object(Dingo\Api\Http\Request))
#25 D:\phpstudy\WWW\pyrocms\vendor\laravel\framework\src\Illuminate\Pipeline\Pipeline.php(137): Illuminate\Cookie\Middleware\EncryptCookies->handle(Object(Dingo\Api\Http\Request), Object(Closure))
#26 D:\phpstudy\WWW\pyrocms\vendor\laravel\framework\src\Illuminate\Pipeline\Pipeline.php(104): Illuminate\Pipeline\Pipeline->Illuminate\Pipeline\{closure}(Object(Dingo\Api\Http\Request))
#27 D:\phpstudy\WWW\pyrocms\vendor\dingo\api\src\Http\Middleware\Request.php(127): Illuminate\Pipeline\Pipeline->then(Object(Closure))
#28 D:\phpstudy\WWW\pyrocms\vendor\dingo\api\src\Http\Middleware\Request.php(103): Dingo\Api\Http\Middleware\Request->sendRequestThroughRouter(Object(Dingo\Api\Http\Request))
#29 D:\phpstudy\WWW\pyrocms\vendor\laravel\framework\src\Illuminate\Pipeline\Pipeline.php(137): Dingo\Api\Http\Middleware\Request->handle(Object(Dingo\Api\Http\Request), Object(Closure))
#30 D:\phpstudy\WWW\pyrocms\vendor\laravel\framework\src\Illuminate\Routing\Pipeline.php(33): Illuminate\Pipeline\Pipeline->Illuminate\Pipeline\{closure}(Object(Illuminate\Http\Request))
#31 D:\phpstudy\WWW\pyrocms\vendor\laravel\framework\src\Illuminate\Pipeline\Pipeline.php(104): Illuminate\Routing\Pipeline->Illuminate\Routing\{closure}(Object(Illuminate\Http\Request))
#32 D:\phpstudy\WWW\pyrocms\vendor\laravel\framework\src\Illuminate\Foundation\Http\Kernel.php(150): Illuminate\Pipeline\Pipeline->then(Object(Closure))
#33 D:\phpstudy\WWW\pyrocms\vendor\laravel\framework\src\Illuminate\Foundation\Http\Kernel.php(117): Illuminate\Foundation\Http\Kernel->sendRequestThroughRouter(Object(Illuminate\Http\Request))
#34 D:\phpstudy\WWW\pyrocms\public\index.php(53): Illuminate\Foundation\Http\Kernel->handle(Object(Illuminate\Http\Request))
#35 {main} {"identification":{"id":"6050d1c7-afaf-4fa8-b780-9d2e895a1db9"}} 
[2017-08-22 17:14:58] local.ERROR: UnexpectedValueException: The Response content must be a string or object implementing __toString(), "object" given. in D:\phpstudy\WWW\pyrocms\vendor\symfony\http-foundation\Response.php:403
Stack trace:
#0 D:\phpstudy\WWW\pyrocms\vendor\laravel\framework\src\Illuminate\Http\Response.php(48): Symfony\Component\HttpFoundation\Response->setContent(Object(stdClass))
#1 D:\phpstudy\WWW\pyrocms\vendor\symfony\http-foundation\Response.php(201): Illuminate\Http\Response->setContent(Object(stdClass))
#2 D:\phpstudy\WWW\pyrocms\vendor\laravel\framework\src\Illuminate\Routing\Router.php(1028): Symfony\Component\HttpFoundation\Response->__construct(Object(stdClass))
#3 D:\phpstudy\WWW\pyrocms\vendor\laravel\framework\src\Illuminate\Routing\Router.php(653): Illuminate\Routing\Router->prepareResponse(Object(Dingo\Api\Http\Request), Object(stdClass))
#4 D:\phpstudy\WWW\pyrocms\vendor\laravel\framework\src\Illuminate\Routing\Pipeline.php(53): Illuminate\Routing\Router->Illuminate\Routing\{closure}(Object(Dingo\Api\Http\Request))
#5 D:\phpstudy\WWW\pyrocms\vendor\dingo\api\src\Http\Middleware\PrepareController.php(45): Illuminate\Routing\Pipeline->Illuminate\Routing\{closure}(Object(Dingo\Api\Http\Request))
#6 D:\phpstudy\WWW\pyrocms\vendor\laravel\framework\src\Illuminate\Pipeline\Pipeline.php(137): Dingo\Api\Http\Middleware\PrepareController->handle(Object(Dingo\Api\Http\Request), Object(Closure))
#7 D:\phpstudy\WWW\pyrocms\vendor\laravel\framework\src\Illuminate\Routing\Pipeline.php(33): Illuminate\Pipeline\Pipeline->Illuminate\Pipeline\{closure}(Object(Dingo\Api\Http\Request))
#8 D:\phpstudy\WWW\pyrocms\vendor\laravel\framework\src\Illuminate\Pipeline\Pipeline.php(104): Illuminate\Routing\Pipeline->Illuminate\Routing\{closure}(Object(Dingo\Api\Http\Request))
#9 D:\phpstudy\WWW\pyrocms\vendor\laravel\framework\src\Illuminate\Routing\Router.php(655): Illuminate\Pipeline\Pipeline->then(Object(Closure))
#10 D:\phpstudy\WWW\pyrocms\vendor\laravel\framework\src\Illuminate\Routing\Router.php(629): Illuminate\Routing\Router->runRouteWithinStack(Object(Illuminate\Routing\Route), Object(Dingo\Api\Http\Request))
#11 D:\phpstudy\WWW\pyrocms\vendor\laravel\framework\src\Illuminate\Routing\Router.php(607): Illuminate\Routing\Router->dispatchToRoute(Object(Dingo\Api\Http\Request))
#12 D:\phpstudy\WWW\pyrocms\vendor\dingo\api\src\Routing\Adapter\Laravel.php(81): Illuminate\Routing\Router->dispatch(Object(Dingo\Api\Http\Request))
#13 D:\phpstudy\WWW\pyrocms\vendor\dingo\api\src\Routing\Router.php(513): Dingo\Api\Routing\Adapter\Laravel->dispatch(Object(Dingo\Api\Http\Request), 'v1')
#14 D:\phpstudy\WWW\pyrocms\vendor\dingo\api\src\Http\Middleware\Request.php(126): Dingo\Api\Routing\Router->dispatch(Object(Dingo\Api\Http\Request))
#15 D:\phpstudy\WWW\pyrocms\vendor\laravel\framework\src\Illuminate\Pipeline\Pipeline.php(151): Dingo\Api\Http\Middleware\Request->Dingo\Api\Http\Middleware\{closure}(Object(Dingo\Api\Http\Request))
#16 D:\phpstudy\WWW\pyrocms\vendor\anomaly\streams-platform\src\Http\Middleware\SetLocale.php(88): Illuminate\Pipeline\Pipeline->Illuminate\Pipeline\{closure}(Object(Dingo\Api\Http\Request))
#17 D:\phpstudy\WWW\pyrocms\vendor\laravel\framework\src\Illuminate\Pipeline\Pipeline.php(137): Anomaly\Streams\Platform\Http\Middleware\SetLocale->handle(Object(Dingo\Api\Http\Request), Object(Closure))
#18 D:\phpstudy\WWW\pyrocms\vendor\laravel\framework\src\Illuminate\View\Middleware\ShareErrorsFromSession.php(49): Illuminate\Pipeline\Pipeline->Illuminate\Pipeline\{closure}(Object(Dingo\Api\Http\Request))
#19 D:\phpstudy\WWW\pyrocms\vendor\laravel\framework\src\Illuminate\Pipeline\Pipeline.php(137): Illuminate\View\Middleware\ShareErrorsFromSession->handle(Object(Dingo\Api\Http\Request), Object(Closure))
#20 D:\phpstudy\WWW\pyrocms\vendor\laravel\framework\src\Illuminate\Session\Middleware\StartSession.php(64): Illuminate\Pipeline\Pipeline->Illuminate\Pipeline\{closure}(Object(Dingo\Api\Http\Request))
#21 D:\phpstudy\WWW\pyrocms\vendor\laravel\framework\src\Illuminate\Pipeline\Pipeline.php(137): Illuminate\Session\Middleware\StartSession->handle(Object(Dingo\Api\Http\Request), Object(Closure))
#22 D:\phpstudy\WWW\pyrocms\vendor\laravel\framework\src\Illuminate\Cookie\Middleware\AddQueuedCookiesToResponse.php(37): Illuminate\Pipeline\Pipeline->Illuminate\Pipeline\{closure}(Object(Dingo\Api\Http\Request))
#23 D:\phpstudy\WWW\pyrocms\vendor\laravel\framework\src\Illuminate\Pipeline\Pipeline.php(137): Illuminate\Cookie\Middleware\AddQueuedCookiesToResponse->handle(Object(Dingo\Api\Http\Request), Object(Closure))
#24 D:\phpstudy\WWW\pyrocms\vendor\laravel\framework\src\Illuminate\Cookie\Middleware\EncryptCookies.php(59): Illuminate\Pipeline\Pipeline->Illuminate\Pipeline\{closure}(Object(Dingo\Api\Http\Request))
#25 D:\phpstudy\WWW\pyrocms\vendor\laravel\framework\src\Illuminate\Pipeline\Pipeline.php(137): Illuminate\Cookie\Middleware\EncryptCookies->handle(Object(Dingo\Api\Http\Request), Object(Closure))
#26 D:\phpstudy\WWW\pyrocms\vendor\laravel\framework\src\Illuminate\Pipeline\Pipeline.php(104): Illuminate\Pipeline\Pipeline->Illuminate\Pipeline\{closure}(Object(Dingo\Api\Http\Request))
#27 D:\phpstudy\WWW\pyrocms\vendor\dingo\api\src\Http\Middleware\Request.php(127): Illuminate\Pipeline\Pipeline->then(Object(Closure))
#28 D:\phpstudy\WWW\pyrocms\vendor\dingo\api\src\Http\Middleware\Request.php(103): Dingo\Api\Http\Middleware\Request->sendRequestThroughRouter(Object(Dingo\Api\Http\Request))
#29 D:\phpstudy\WWW\pyrocms\vendor\laravel\framework\src\Illuminate\Pipeline\Pipeline.php(137): Dingo\Api\Http\Middleware\Request->handle(Object(Dingo\Api\Http\Request), Object(Closure))
#30 D:\phpstudy\WWW\pyrocms\vendor\laravel\framework\src\Illuminate\Routing\Pipeline.php(33): Illuminate\Pipeline\Pipeline->Illuminate\Pipeline\{closure}(Object(Illuminate\Http\Request))
#31 D:\phpstudy\WWW\pyrocms\vendor\laravel\framework\src\Illuminate\Pipeline\Pipeline.php(104): Illuminate\Routing\Pipeline->Illuminate\Routing\{closure}(Object(Illuminate\Http\Request))
#32 D:\phpstudy\WWW\pyrocms\vendor\laravel\framework\src\Illuminate\Foundation\Http\Kernel.php(150): Illuminate\Pipeline\Pipeline->then(Object(Closure))
#33 D:\phpstudy\WWW\pyrocms\vendor\laravel\framework\src\Illuminate\Foundation\Http\Kernel.php(117): Illuminate\Foundation\Http\Kernel->sendRequestThroughRouter(Object(Illuminate\Http\Request))
#34 D:\phpstudy\WWW\pyrocms\public\index.php(53): Illuminate\Foundation\Http\Kernel->handle(Object(Illuminate\Http\Request))
#35 {main} {"identification":{"id":"a873c2b6-3f83-45d0-8c47-8046aa57f110"}} 
[2017-08-22 17:14:58] local.ERROR: UnexpectedValueException: The Response content must be a string or object implementing __toString(), "object" given. in D:\phpstudy\WWW\pyrocms\vendor\symfony\http-foundation\Response.php:403
Stack trace:
#0 D:\phpstudy\WWW\pyrocms\vendor\laravel\framework\src\Illuminate\Http\Response.php(48): Symfony\Component\HttpFoundation\Response->setContent(Object(stdClass))
#1 D:\phpstudy\WWW\pyrocms\vendor\symfony\http-foundation\Response.php(201): Illuminate\Http\Response->setContent(Object(stdClass))
#2 D:\phpstudy\WWW\pyrocms\vendor\laravel\framework\src\Illuminate\Routing\Router.php(1028): Symfony\Component\HttpFoundation\Response->__construct(Object(stdClass))
#3 D:\phpstudy\WWW\pyrocms\vendor\laravel\framework\src\Illuminate\Routing\Router.php(653): Illuminate\Routing\Router->prepareResponse(Object(Dingo\Api\Http\Request), Object(stdClass))
#4 D:\phpstudy\WWW\pyrocms\vendor\laravel\framework\src\Illuminate\Routing\Pipeline.php(53): Illuminate\Routing\Router->Illuminate\Routing\{closure}(Object(Dingo\Api\Http\Request))
#5 D:\phpstudy\WWW\pyrocms\vendor\dingo\api\src\Http\Middleware\PrepareController.php(45): Illuminate\Routing\Pipeline->Illuminate\Routing\{closure}(Object(Dingo\Api\Http\Request))
#6 D:\phpstudy\WWW\pyrocms\vendor\laravel\framework\src\Illuminate\Pipeline\Pipeline.php(137): Dingo\Api\Http\Middleware\PrepareController->handle(Object(Dingo\Api\Http\Request), Object(Closure))
#7 D:\phpstudy\WWW\pyrocms\vendor\laravel\framework\src\Illuminate\Routing\Pipeline.php(33): Illuminate\Pipeline\Pipeline->Illuminate\Pipeline\{closure}(Object(Dingo\Api\Http\Request))
#8 D:\phpstudy\WWW\pyrocms\vendor\laravel\framework\src\Illuminate\Pipeline\Pipeline.php(104): Illuminate\Routing\Pipeline->Illuminate\Routing\{closure}(Object(Dingo\Api\Http\Request))
#9 D:\phpstudy\WWW\pyrocms\vendor\laravel\framework\src\Illuminate\Routing\Router.php(655): Illuminate\Pipeline\Pipeline->then(Object(Closure))
#10 D:\phpstudy\WWW\pyrocms\vendor\laravel\framework\src\Illuminate\Routing\Router.php(629): Illuminate\Routing\Router->runRouteWithinStack(Object(Illuminate\Routing\Route), Object(Dingo\Api\Http\Request))
#11 D:\phpstudy\WWW\pyrocms\vendor\laravel\framework\src\Illuminate\Routing\Router.php(607): Illuminate\Routing\Router->dispatchToRoute(Object(Dingo\Api\Http\Request))
#12 D:\phpstudy\WWW\pyrocms\vendor\dingo\api\src\Routing\Adapter\Laravel.php(81): Illuminate\Routing\Router->dispatch(Object(Dingo\Api\Http\Request))
#13 D:\phpstudy\WWW\pyrocms\vendor\dingo\api\src\Routing\Router.php(513): Dingo\Api\Routing\Adapter\Laravel->dispatch(Object(Dingo\Api\Http\Request), 'v1')
#14 D:\phpstudy\WWW\pyrocms\vendor\dingo\api\src\Http\Middleware\Request.php(126): Dingo\Api\Routing\Router->dispatch(Object(Dingo\Api\Http\Request))
#15 D:\phpstudy\WWW\pyrocms\vendor\laravel\framework\src\Illuminate\Pipeline\Pipeline.php(151): Dingo\Api\Http\Middleware\Request->Dingo\Api\Http\Middleware\{closure}(Object(Dingo\Api\Http\Request))
#16 D:\phpstudy\WWW\pyrocms\vendor\anomaly\streams-platform\src\Http\Middleware\SetLocale.php(88): Illuminate\Pipeline\Pipeline->Illuminate\Pipeline\{closure}(Object(Dingo\Api\Http\Request))
#17 D:\phpstudy\WWW\pyrocms\vendor\laravel\framework\src\Illuminate\Pipeline\Pipeline.php(137): Anomaly\Streams\Platform\Http\Middleware\SetLocale->handle(Object(Dingo\Api\Http\Request), Object(Closure))
#18 D:\phpstudy\WWW\pyrocms\vendor\laravel\framework\src\Illuminate\View\Middleware\ShareErrorsFromSession.php(49): Illuminate\Pipeline\Pipeline->Illuminate\Pipeline\{closure}(Object(Dingo\Api\Http\Request))
#19 D:\phpstudy\WWW\pyrocms\vendor\laravel\framework\src\Illuminate\Pipeline\Pipeline.php(137): Illuminate\View\Middleware\ShareErrorsFromSession->handle(Object(Dingo\Api\Http\Request), Object(Closure))
#20 D:\phpstudy\WWW\pyrocms\vendor\laravel\framework\src\Illuminate\Session\Middleware\StartSession.php(64): Illuminate\Pipeline\Pipeline->Illuminate\Pipeline\{closure}(Object(Dingo\Api\Http\Request))
#21 D:\phpstudy\WWW\pyrocms\vendor\laravel\framework\src\Illuminate\Pipeline\Pipeline.php(137): Illuminate\Session\Middleware\StartSession->handle(Object(Dingo\Api\Http\Request), Object(Closure))
#22 D:\phpstudy\WWW\pyrocms\vendor\laravel\framework\src\Illuminate\Cookie\Middleware\AddQueuedCookiesToResponse.php(37): Illuminate\Pipeline\Pipeline->Illuminate\Pipeline\{closure}(Object(Dingo\Api\Http\Request))
#23 D:\phpstudy\WWW\pyrocms\vendor\laravel\framework\src\Illuminate\Pipeline\Pipeline.php(137): Illuminate\Cookie\Middleware\AddQueuedCookiesToResponse->handle(Object(Dingo\Api\Http\Request), Object(Closure))
#24 D:\phpstudy\WWW\pyrocms\vendor\laravel\framework\src\Illuminate\Cookie\Middleware\EncryptCookies.php(59): Illuminate\Pipeline\Pipeline->Illuminate\Pipeline\{closure}(Object(Dingo\Api\Http\Request))
#25 D:\phpstudy\WWW\pyrocms\vendor\laravel\framework\src\Illuminate\Pipeline\Pipeline.php(137): Illuminate\Cookie\Middleware\EncryptCookies->handle(Object(Dingo\Api\Http\Request), Object(Closure))
#26 D:\phpstudy\WWW\pyrocms\vendor\laravel\framework\src\Illuminate\Pipeline\Pipeline.php(104): Illuminate\Pipeline\Pipeline->Illuminate\Pipeline\{closure}(Object(Dingo\Api\Http\Request))
#27 D:\phpstudy\WWW\pyrocms\vendor\dingo\api\src\Http\Middleware\Request.php(127): Illuminate\Pipeline\Pipeline->then(Object(Closure))
#28 D:\phpstudy\WWW\pyrocms\vendor\dingo\api\src\Http\Middleware\Request.php(103): Dingo\Api\Http\Middleware\Request->sendRequestThroughRouter(Object(Dingo\Api\Http\Request))
#29 D:\phpstudy\WWW\pyrocms\vendor\laravel\framework\src\Illuminate\Pipeline\Pipeline.php(137): Dingo\Api\Http\Middleware\Request->handle(Object(Dingo\Api\Http\Request), Object(Closure))
#30 D:\phpstudy\WWW\pyrocms\vendor\laravel\framework\src\Illuminate\Routing\Pipeline.php(33): Illuminate\Pipeline\Pipeline->Illuminate\Pipeline\{closure}(Object(Illuminate\Http\Request))
#31 D:\phpstudy\WWW\pyrocms\vendor\laravel\framework\src\Illuminate\Pipeline\Pipeline.php(104): Illuminate\Routing\Pipeline->Illuminate\Routing\{closure}(Object(Illuminate\Http\Request))
#32 D:\phpstudy\WWW\pyrocms\vendor\laravel\framework\src\Illuminate\Foundation\Http\Kernel.php(150): Illuminate\Pipeline\Pipeline->then(Object(Closure))
#33 D:\phpstudy\WWW\pyrocms\vendor\laravel\framework\src\Illuminate\Foundation\Http\Kernel.php(117): Illuminate\Foundation\Http\Kernel->sendRequestThroughRouter(Object(Illuminate\Http\Request))
#34 D:\phpstudy\WWW\pyrocms\public\index.php(53): Illuminate\Foundation\Http\Kernel->handle(Object(Illuminate\Http\Request))
#35 {main} {"identification":{"id":"a873c2b6-3f83-45d0-8c47-8046aa57f110"}} 
[2017-08-22 17:49:31] local.ERROR: ErrorException: openssl_sign(): supplied key param cannot be coerced into a private key in D:\phpstudy\WWW\pyrocms\app\Libs\Alipay\aop\AopClient.php:133
Stack trace:
#0 [internal function]: Illuminate\Foundation\Bootstrap\HandleExceptions->handleError(2, 'openssl_sign():...', 'D:\\phpstudy\\WWW...', 133, Array)
#1 D:\phpstudy\WWW\pyrocms\app\Libs\Alipay\aop\AopClient.php(133): openssl_sign('alipay_sdk=alip...', NULL, '-----BEGIN RSA ...', 7)
#2 D:\phpstudy\WWW\pyrocms\app\Libs\Alipay\aop\AopClient.php(62): AopClient->sign('alipay_sdk=alip...', 'RSA2')
#3 D:\phpstudy\WWW\pyrocms\app\Libs\Alipay\aop\AopClient.php(498): AopClient->generateSign(Array, 'RSA2')
#4 D:\phpstudy\WWW\pyrocms\app\Http\Controllers\HomeController.php(974): AopClient->execute(Object(AlipayOpenPublicTemplateMessageIndustryModifyRequest))
#5 [internal function]: App\Http\Controllers\HomeController->alipayResonse(Object(Dingo\Api\Http\Request))
#6 D:\phpstudy\WWW\pyrocms\vendor\laravel\framework\src\Illuminate\Routing\Controller.php(55): call_user_func_array(Array, Array)
#7 D:\phpstudy\WWW\pyrocms\vendor\laravel\framework\src\Illuminate\Routing\ControllerDispatcher.php(44): Illuminate\Routing\Controller->callAction('alipayResonse', Array)
#8 D:\phpstudy\WWW\pyrocms\vendor\laravel\framework\src\Illuminate\Routing\Route.php(189): Illuminate\Routing\ControllerDispatcher->dispatch(Object(Illuminate\Routing\Route), Object(App\Http\Controllers\HomeController), 'alipayResonse')
#9 D:\phpstudy\WWW\pyrocms\vendor\laravel\framework\src\Illuminate\Routing\Route.php(144): Illuminate\Routing\Route->runController()
#10 D:\phpstudy\WWW\pyrocms\vendor\laravel\framework\src\Illuminate\Routing\Router.php(653): Illuminate\Routing\Route->run(Object(Dingo\Api\Http\Request))
#11 D:\phpstudy\WWW\pyrocms\vendor\laravel\framework\src\Illuminate\Routing\Pipeline.php(53): Illuminate\Routing\Router->Illuminate\Routing\{closure}(Object(Dingo\Api\Http\Request))
#12 D:\phpstudy\WWW\pyrocms\vendor\dingo\api\src\Http\Middleware\PrepareController.php(45): Illuminate\Routing\Pipeline->Illuminate\Routing\{closure}(Object(Dingo\Api\Http\Request))
#13 D:\phpstudy\WWW\pyrocms\vendor\laravel\framework\src\Illuminate\Pipeline\Pipeline.php(137): Dingo\Api\Http\Middleware\PrepareController->handle(Object(Dingo\Api\Http\Request), Object(Closure))
#14 D:\phpstudy\WWW\pyrocms\vendor\laravel\framework\src\Illuminate\Routing\Pipeline.php(33): Illuminate\Pipeline\Pipeline->Illuminate\Pipeline\{closure}(Object(Dingo\Api\Http\Request))
#15 D:\phpstudy\WWW\pyrocms\vendor\laravel\framework\src\Illuminate\Pipeline\Pipeline.php(104): Illuminate\Routing\Pipeline->Illuminate\Routing\{closure}(Object(Dingo\Api\Http\Request))
#16 D:\phpstudy\WWW\pyrocms\vendor\laravel\framework\src\Illuminate\Routing\Router.php(655): Illuminate\Pipeline\Pipeline->then(Object(Closure))
#17 D:\phpstudy\WWW\pyrocms\vendor\laravel\framework\src\Illuminate\Routing\Router.php(629): Illuminate\Routing\Router->runRouteWithinStack(Object(Illuminate\Routing\Route), Object(Dingo\Api\Http\Request))
#18 D:\phpstudy\WWW\pyrocms\vendor\laravel\framework\src\Illuminate\Routing\Router.php(607): Illuminate\Routing\Router->dispatchToRoute(Object(Dingo\Api\Http\Request))
#19 D:\phpstudy\WWW\pyrocms\vendor\dingo\api\src\Routing\Adapter\Laravel.php(81): Illuminate\Routing\Router->dispatch(Object(Dingo\Api\Http\Request))
#20 D:\phpstudy\WWW\pyrocms\vendor\dingo\api\src\Routing\Router.php(513): Dingo\Api\Routing\Adapter\Laravel->dispatch(Object(Dingo\Api\Http\Request), 'v1')
#21 D:\phpstudy\WWW\pyrocms\vendor\dingo\api\src\Http\Middleware\Request.php(126): Dingo\Api\Routing\Router->dispatch(Object(Dingo\Api\Http\Request))
#22 D:\phpstudy\WWW\pyrocms\vendor\laravel\framework\src\Illuminate\Pipeline\Pipeline.php(151): Dingo\Api\Http\Middleware\Request->Dingo\Api\Http\Middleware\{closure}(Object(Dingo\Api\Http\Request))
#23 D:\phpstudy\WWW\pyrocms\vendor\anomaly\streams-platform\src\Http\Middleware\SetLocale.php(88): Illuminate\Pipeline\Pipeline->Illuminate\Pipeline\{closure}(Object(Dingo\Api\Http\Request))
#24 D:\phpstudy\WWW\pyrocms\vendor\laravel\framework\src\Illuminate\Pipeline\Pipeline.php(137): Anomaly\Streams\Platform\Http\Middleware\SetLocale->handle(Object(Dingo\Api\Http\Request), Object(Closure))
#25 D:\phpstudy\WWW\pyrocms\vendor\laravel\framework\src\Illuminate\View\Middleware\ShareErrorsFromSession.php(49): Illuminate\Pipeline\Pipeline->Illuminate\Pipeline\{closure}(Object(Dingo\Api\Http\Request))
#26 D:\phpstudy\WWW\pyrocms\vendor\laravel\framework\src\Illuminate\Pipeline\Pipeline.php(137): Illuminate\View\Middleware\ShareErrorsFromSession->handle(Object(Dingo\Api\Http\Request), Object(Closure))
#27 D:\phpstudy\WWW\pyrocms\vendor\laravel\framework\src\Illuminate\Session\Middleware\StartSession.php(64): Illuminate\Pipeline\Pipeline->Illuminate\Pipeline\{closure}(Object(Dingo\Api\Http\Request))
#28 D:\phpstudy\WWW\pyrocms\vendor\laravel\framework\src\Illuminate\Pipeline\Pipeline.php(137): Illuminate\Session\Middleware\StartSession->handle(Object(Dingo\Api\Http\Request), Object(Closure))
#29 D:\phpstudy\WWW\pyrocms\vendor\laravel\framework\src\Illuminate\Cookie\Middleware\AddQueuedCookiesToResponse.php(37): Illuminate\Pipeline\Pipeline->Illuminate\Pipeline\{closure}(Object(Dingo\Api\Http\Request))
#30 D:\phpstudy\WWW\pyrocms\vendor\laravel\framework\src\Illuminate\Pipeline\Pipeline.php(137): Illuminate\Cookie\Middleware\AddQueuedCookiesToResponse->handle(Object(Dingo\Api\Http\Request), Object(Closure))
#31 D:\phpstudy\WWW\pyrocms\vendor\laravel\framework\src\Illuminate\Cookie\Middleware\EncryptCookies.php(59): Illuminate\Pipeline\Pipeline->Illuminate\Pipeline\{closure}(Object(Dingo\Api\Http\Request))
#32 D:\phpstudy\WWW\pyrocms\vendor\laravel\framework\src\Illuminate\Pipeline\Pipeline.php(137): Illuminate\Cookie\Middleware\EncryptCookies->handle(Object(Dingo\Api\Http\Request), Object(Closure))
#33 D:\phpstudy\WWW\pyrocms\vendor\laravel\framework\src\Illuminate\Pipeline\Pipeline.php(104): Illuminate\Pipeline\Pipeline->Illuminate\Pipeline\{closure}(Object(Dingo\Api\Http\Request))
#34 D:\phpstudy\WWW\pyrocms\vendor\dingo\api\src\Http\Middleware\Request.php(127): Illuminate\Pipeline\Pipeline->then(Object(Closure))
#35 D:\phpstudy\WWW\pyrocms\vendor\dingo\api\src\Http\Middleware\Request.php(103): Dingo\Api\Http\Middleware\Request->sendRequestThroughRouter(Object(Dingo\Api\Http\Request))
#36 D:\phpstudy\WWW\pyrocms\vendor\laravel\framework\src\Illuminate\Pipeline\Pipeline.php(137): Dingo\Api\Http\Middleware\Request->handle(Object(Dingo\Api\Http\Request), Object(Closure))
#37 D:\phpstudy\WWW\pyrocms\vendor\laravel\framework\src\Illuminate\Routing\Pipeline.php(33): Illuminate\Pipeline\Pipeline->Illuminate\Pipeline\{closure}(Object(Illuminate\Http\Request))
#38 D:\phpstudy\WWW\pyrocms\vendor\laravel\framework\src\Illuminate\Pipeline\Pipeline.php(104): Illuminate\Routing\Pipeline->Illuminate\Routing\{closure}(Object(Illuminate\Http\Request))
#39 D:\phpstudy\WWW\pyrocms\vendor\laravel\framework\src\Illuminate\Foundation\Http\Kernel.php(150): Illuminate\Pipeline\Pipeline->then(Object(Closure))
#40 D:\phpstudy\WWW\pyrocms\vendor\laravel\framework\src\Illuminate\Foundation\Http\Kernel.php(117): Illuminate\Foundation\Http\Kernel->sendRequestThroughRouter(Object(Illuminate\Http\Request))
#41 D:\phpstudy\WWW\pyrocms\public\index.php(53): Illuminate\Foundation\Http\Kernel->handle(Object(Illuminate\Http\Request))
#42 {main} {"identification":{"id":"b704a1cb-e4a2-41a8-9776-a47140ed7a82"}} 
[2017-08-22 17:49:31] local.ERROR: ErrorException: openssl_sign(): supplied key param cannot be coerced into a private key in D:\phpstudy\WWW\pyrocms\app\Libs\Alipay\aop\AopClient.php:133
Stack trace:
#0 [internal function]: Illuminate\Foundation\Bootstrap\HandleExceptions->handleError(2, 'openssl_sign():...', 'D:\\phpstudy\\WWW...', 133, Array)
#1 D:\phpstudy\WWW\pyrocms\app\Libs\Alipay\aop\AopClient.php(133): openssl_sign('alipay_sdk=alip...', NULL, '-----BEGIN RSA ...', 7)
#2 D:\phpstudy\WWW\pyrocms\app\Libs\Alipay\aop\AopClient.php(62): AopClient->sign('alipay_sdk=alip...', 'RSA2')
#3 D:\phpstudy\WWW\pyrocms\app\Libs\Alipay\aop\AopClient.php(498): AopClient->generateSign(Array, 'RSA2')
#4 D:\phpstudy\WWW\pyrocms\app\Http\Controllers\HomeController.php(974): AopClient->execute(Object(AlipayOpenPublicTemplateMessageIndustryModifyRequest))
#5 [internal function]: App\Http\Controllers\HomeController->alipayResonse(Object(Dingo\Api\Http\Request))
#6 D:\phpstudy\WWW\pyrocms\vendor\laravel\framework\src\Illuminate\Routing\Controller.php(55): call_user_func_array(Array, Array)
#7 D:\phpstudy\WWW\pyrocms\vendor\laravel\framework\src\Illuminate\Routing\ControllerDispatcher.php(44): Illuminate\Routing\Controller->callAction('alipayResonse', Array)
#8 D:\phpstudy\WWW\pyrocms\vendor\laravel\framework\src\Illuminate\Routing\Route.php(189): Illuminate\Routing\ControllerDispatcher->dispatch(Object(Illuminate\Routing\Route), Object(App\Http\Controllers\HomeController), 'alipayResonse')
#9 D:\phpstudy\WWW\pyrocms\vendor\laravel\framework\src\Illuminate\Routing\Route.php(144): Illuminate\Routing\Route->runController()
#10 D:\phpstudy\WWW\pyrocms\vendor\laravel\framework\src\Illuminate\Routing\Router.php(653): Illuminate\Routing\Route->run(Object(Dingo\Api\Http\Request))
#11 D:\phpstudy\WWW\pyrocms\vendor\laravel\framework\src\Illuminate\Routing\Pipeline.php(53): Illuminate\Routing\Router->Illuminate\Routing\{closure}(Object(Dingo\Api\Http\Request))
#12 D:\phpstudy\WWW\pyrocms\vendor\dingo\api\src\Http\Middleware\PrepareController.php(45): Illuminate\Routing\Pipeline->Illuminate\Routing\{closure}(Object(Dingo\Api\Http\Request))
#13 D:\phpstudy\WWW\pyrocms\vendor\laravel\framework\src\Illuminate\Pipeline\Pipeline.php(137): Dingo\Api\Http\Middleware\PrepareController->handle(Object(Dingo\Api\Http\Request), Object(Closure))
#14 D:\phpstudy\WWW\pyrocms\vendor\laravel\framework\src\Illuminate\Routing\Pipeline.php(33): Illuminate\Pipeline\Pipeline->Illuminate\Pipeline\{closure}(Object(Dingo\Api\Http\Request))
#15 D:\phpstudy\WWW\pyrocms\vendor\laravel\framework\src\Illuminate\Pipeline\Pipeline.php(104): Illuminate\Routing\Pipeline->Illuminate\Routing\{closure}(Object(Dingo\Api\Http\Request))
#16 D:\phpstudy\WWW\pyrocms\vendor\laravel\framework\src\Illuminate\Routing\Router.php(655): Illuminate\Pipeline\Pipeline->then(Object(Closure))
#17 D:\phpstudy\WWW\pyrocms\vendor\laravel\framework\src\Illuminate\Routing\Router.php(629): Illuminate\Routing\Router->runRouteWithinStack(Object(Illuminate\Routing\Route), Object(Dingo\Api\Http\Request))
#18 D:\phpstudy\WWW\pyrocms\vendor\laravel\framework\src\Illuminate\Routing\Router.php(607): Illuminate\Routing\Router->dispatchToRoute(Object(Dingo\Api\Http\Request))
#19 D:\phpstudy\WWW\pyrocms\vendor\dingo\api\src\Routing\Adapter\Laravel.php(81): Illuminate\Routing\Router->dispatch(Object(Dingo\Api\Http\Request))
#20 D:\phpstudy\WWW\pyrocms\vendor\dingo\api\src\Routing\Router.php(513): Dingo\Api\Routing\Adapter\Laravel->dispatch(Object(Dingo\Api\Http\Request), 'v1')
#21 D:\phpstudy\WWW\pyrocms\vendor\dingo\api\src\Http\Middleware\Request.php(126): Dingo\Api\Routing\Router->dispatch(Object(Dingo\Api\Http\Request))
#22 D:\phpstudy\WWW\pyrocms\vendor\laravel\framework\src\Illuminate\Pipeline\Pipeline.php(151): Dingo\Api\Http\Middleware\Request->Dingo\Api\Http\Middleware\{closure}(Object(Dingo\Api\Http\Request))
#23 D:\phpstudy\WWW\pyrocms\vendor\anomaly\streams-platform\src\Http\Middleware\SetLocale.php(88): Illuminate\Pipeline\Pipeline->Illuminate\Pipeline\{closure}(Object(Dingo\Api\Http\Request))
#24 D:\phpstudy\WWW\pyrocms\vendor\laravel\framework\src\Illuminate\Pipeline\Pipeline.php(137): Anomaly\Streams\Platform\Http\Middleware\SetLocale->handle(Object(Dingo\Api\Http\Request), Object(Closure))
#25 D:\phpstudy\WWW\pyrocms\vendor\laravel\framework\src\Illuminate\View\Middleware\ShareErrorsFromSession.php(49): Illuminate\Pipeline\Pipeline->Illuminate\Pipeline\{closure}(Object(Dingo\Api\Http\Request))
#26 D:\phpstudy\WWW\pyrocms\vendor\laravel\framework\src\Illuminate\Pipeline\Pipeline.php(137): Illuminate\View\Middleware\ShareErrorsFromSession->handle(Object(Dingo\Api\Http\Request), Object(Closure))
#27 D:\phpstudy\WWW\pyrocms\vendor\laravel\framework\src\Illuminate\Session\Middleware\StartSession.php(64): Illuminate\Pipeline\Pipeline->Illuminate\Pipeline\{closure}(Object(Dingo\Api\Http\Request))
#28 D:\phpstudy\WWW\pyrocms\vendor\laravel\framework\src\Illuminate\Pipeline\Pipeline.php(137): Illuminate\Session\Middleware\StartSession->handle(Object(Dingo\Api\Http\Request), Object(Closure))
#29 D:\phpstudy\WWW\pyrocms\vendor\laravel\framework\src\Illuminate\Cookie\Middleware\AddQueuedCookiesToResponse.php(37): Illuminate\Pipeline\Pipeline->Illuminate\Pipeline\{closure}(Object(Dingo\Api\Http\Request))
#30 D:\phpstudy\WWW\pyrocms\vendor\laravel\framework\src\Illuminate\Pipeline\Pipeline.php(137): Illuminate\Cookie\Middleware\AddQueuedCookiesToResponse->handle(Object(Dingo\Api\Http\Request), Object(Closure))
#31 D:\phpstudy\WWW\pyrocms\vendor\laravel\framework\src\Illuminate\Cookie\Middleware\EncryptCookies.php(59): Illuminate\Pipeline\Pipeline->Illuminate\Pipeline\{closure}(Object(Dingo\Api\Http\Request))
#32 D:\phpstudy\WWW\pyrocms\vendor\laravel\framework\src\Illuminate\Pipeline\Pipeline.php(137): Illuminate\Cookie\Middleware\EncryptCookies->handle(Object(Dingo\Api\Http\Request), Object(Closure))
#33 D:\phpstudy\WWW\pyrocms\vendor\laravel\framework\src\Illuminate\Pipeline\Pipeline.php(104): Illuminate\Pipeline\Pipeline->Illuminate\Pipeline\{closure}(Object(Dingo\Api\Http\Request))
#34 D:\phpstudy\WWW\pyrocms\vendor\dingo\api\src\Http\Middleware\Request.php(127): Illuminate\Pipeline\Pipeline->then(Object(Closure))
#35 D:\phpstudy\WWW\pyrocms\vendor\dingo\api\src\Http\Middleware\Request.php(103): Dingo\Api\Http\Middleware\Request->sendRequestThroughRouter(Object(Dingo\Api\Http\Request))
#36 D:\phpstudy\WWW\pyrocms\vendor\laravel\framework\src\Illuminate\Pipeline\Pipeline.php(137): Dingo\Api\Http\Middleware\Request->handle(Object(Dingo\Api\Http\Request), Object(Closure))
#37 D:\phpstudy\WWW\pyrocms\vendor\laravel\framework\src\Illuminate\Routing\Pipeline.php(33): Illuminate\Pipeline\Pipeline->Illuminate\Pipeline\{closure}(Object(Illuminate\Http\Request))
#38 D:\phpstudy\WWW\pyrocms\vendor\laravel\framework\src\Illuminate\Pipeline\Pipeline.php(104): Illuminate\Routing\Pipeline->Illuminate\Routing\{closure}(Object(Illuminate\Http\Request))
#39 D:\phpstudy\WWW\pyrocms\vendor\laravel\framework\src\Illuminate\Foundation\Http\Kernel.php(150): Illuminate\Pipeline\Pipeline->then(Object(Closure))
#40 D:\phpstudy\WWW\pyrocms\vendor\laravel\framework\src\Illuminate\Foundation\Http\Kernel.php(117): Illuminate\Foundation\Http\Kernel->sendRequestThroughRouter(Object(Illuminate\Http\Request))
#41 D:\phpstudy\WWW\pyrocms\public\index.php(53): Illuminate\Foundation\Http\Kernel->handle(Object(Illuminate\Http\Request))
#42 {main} {"identification":{"id":"b704a1cb-e4a2-41a8-9776-a47140ed7a82"}} 
[2017-08-22 18:05:02] local.ERROR: Symfony\Component\Debug\Exception\FatalThrowableError: Class 'App\Http\Controllers\AlipayTradeAppPayRequest' not found in D:\phpstudy\WWW\pyrocms\app\Http\Controllers\HomeController.php:970
Stack trace:
#0 [internal function]: App\Http\Controllers\HomeController->alipayResonse(Object(Dingo\Api\Http\Request))
#1 D:\phpstudy\WWW\pyrocms\vendor\laravel\framework\src\Illuminate\Routing\Controller.php(55): call_user_func_array(Array, Array)
#2 D:\phpstudy\WWW\pyrocms\vendor\laravel\framework\src\Illuminate\Routing\ControllerDispatcher.php(44): Illuminate\Routing\Controller->callAction('alipayResonse', Array)
#3 D:\phpstudy\WWW\pyrocms\vendor\laravel\framework\src\Illuminate\Routing\Route.php(189): Illuminate\Routing\ControllerDispatcher->dispatch(Object(Illuminate\Routing\Route), Object(App\Http\Controllers\HomeController), 'alipayResonse')
#4 D:\phpstudy\WWW\pyrocms\vendor\laravel\framework\src\Illuminate\Routing\Route.php(144): Illuminate\Routing\Route->runController()
#5 D:\phpstudy\WWW\pyrocms\vendor\laravel\framework\src\Illuminate\Routing\Router.php(653): Illuminate\Routing\Route->run(Object(Dingo\Api\Http\Request))
#6 D:\phpstudy\WWW\pyrocms\vendor\laravel\framework\src\Illuminate\Routing\Pipeline.php(53): Illuminate\Routing\Router->Illuminate\Routing\{closure}(Object(Dingo\Api\Http\Request))
#7 D:\phpstudy\WWW\pyrocms\vendor\dingo\api\src\Http\Middleware\PrepareController.php(45): Illuminate\Routing\Pipeline->Illuminate\Routing\{closure}(Object(Dingo\Api\Http\Request))
#8 D:\phpstudy\WWW\pyrocms\vendor\laravel\framework\src\Illuminate\Pipeline\Pipeline.php(137): Dingo\Api\Http\Middleware\PrepareController->handle(Object(Dingo\Api\Http\Request), Object(Closure))
#9 D:\phpstudy\WWW\pyrocms\vendor\laravel\framework\src\Illuminate\Routing\Pipeline.php(33): Illuminate\Pipeline\Pipeline->Illuminate\Pipeline\{closure}(Object(Dingo\Api\Http\Request))
#10 D:\phpstudy\WWW\pyrocms\vendor\laravel\framework\src\Illuminate\Pipeline\Pipeline.php(104): Illuminate\Routing\Pipeline->Illuminate\Routing\{closure}(Object(Dingo\Api\Http\Request))
#11 D:\phpstudy\WWW\pyrocms\vendor\laravel\framework\src\Illuminate\Routing\Router.php(655): Illuminate\Pipeline\Pipeline->then(Object(Closure))
#12 D:\phpstudy\WWW\pyrocms\vendor\laravel\framework\src\Illuminate\Routing\Router.php(629): Illuminate\Routing\Router->runRouteWithinStack(Object(Illuminate\Routing\Route), Object(Dingo\Api\Http\Request))
#13 D:\phpstudy\WWW\pyrocms\vendor\laravel\framework\src\Illuminate\Routing\Router.php(607): Illuminate\Routing\Router->dispatchToRoute(Object(Dingo\Api\Http\Request))
#14 D:\phpstudy\WWW\pyrocms\vendor\dingo\api\src\Routing\Adapter\Laravel.php(81): Illuminate\Routing\Router->dispatch(Object(Dingo\Api\Http\Request))
#15 D:\phpstudy\WWW\pyrocms\vendor\dingo\api\src\Routing\Router.php(513): Dingo\Api\Routing\Adapter\Laravel->dispatch(Object(Dingo\Api\Http\Request), 'v1')
#16 D:\phpstudy\WWW\pyrocms\vendor\dingo\api\src\Http\Middleware\Request.php(126): Dingo\Api\Routing\Router->dispatch(Object(Dingo\Api\Http\Request))
#17 D:\phpstudy\WWW\pyrocms\vendor\laravel\framework\src\Illuminate\Pipeline\Pipeline.php(151): Dingo\Api\Http\Middleware\Request->Dingo\Api\Http\Middleware\{closure}(Object(Dingo\Api\Http\Request))
#18 D:\phpstudy\WWW\pyrocms\vendor\anomaly\streams-platform\src\Http\Middleware\SetLocale.php(88): Illuminate\Pipeline\Pipeline->Illuminate\Pipeline\{closure}(Object(Dingo\Api\Http\Request))
#19 D:\phpstudy\WWW\pyrocms\vendor\laravel\framework\src\Illuminate\Pipeline\Pipeline.php(137): Anomaly\Streams\Platform\Http\Middleware\SetLocale->handle(Object(Dingo\Api\Http\Request), Object(Closure))
#20 D:\phpstudy\WWW\pyrocms\vendor\laravel\framework\src\Illuminate\View\Middleware\ShareErrorsFromSession.php(49): Illuminate\Pipeline\Pipeline->Illuminate\Pipeline\{closure}(Object(Dingo\Api\Http\Request))
#21 D:\phpstudy\WWW\pyrocms\vendor\laravel\framework\src\Illuminate\Pipeline\Pipeline.php(137): Illuminate\View\Middleware\ShareErrorsFromSession->handle(Object(Dingo\Api\Http\Request), Object(Closure))
#22 D:\phpstudy\WWW\pyrocms\vendor\laravel\framework\src\Illuminate\Session\Middleware\StartSession.php(64): Illuminate\Pipeline\Pipeline->Illuminate\Pipeline\{closure}(Object(Dingo\Api\Http\Request))
#23 D:\phpstudy\WWW\pyrocms\vendor\laravel\framework\src\Illuminate\Pipeline\Pipeline.php(137): Illuminate\Session\Middleware\StartSession->handle(Object(Dingo\Api\Http\Request), Object(Closure))
#24 D:\phpstudy\WWW\pyrocms\vendor\laravel\framework\src\Illuminate\Cookie\Middleware\AddQueuedCookiesToResponse.php(37): Illuminate\Pipeline\Pipeline->Illuminate\Pipeline\{closure}(Object(Dingo\Api\Http\Request))
#25 D:\phpstudy\WWW\pyrocms\vendor\laravel\framework\src\Illuminate\Pipeline\Pipeline.php(137): Illuminate\Cookie\Middleware\AddQueuedCookiesToResponse->handle(Object(Dingo\Api\Http\Request), Object(Closure))
#26 D:\phpstudy\WWW\pyrocms\vendor\laravel\framework\src\Illuminate\Cookie\Middleware\EncryptCookies.php(59): Illuminate\Pipeline\Pipeline->Illuminate\Pipeline\{closure}(Object(Dingo\Api\Http\Request))
#27 D:\phpstudy\WWW\pyrocms\vendor\laravel\framework\src\Illuminate\Pipeline\Pipeline.php(137): Illuminate\Cookie\Middleware\EncryptCookies->handle(Object(Dingo\Api\Http\Request), Object(Closure))
#28 D:\phpstudy\WWW\pyrocms\vendor\laravel\framework\src\Illuminate\Pipeline\Pipeline.php(104): Illuminate\Pipeline\Pipeline->Illuminate\Pipeline\{closure}(Object(Dingo\Api\Http\Request))
#29 D:\phpstudy\WWW\pyrocms\vendor\dingo\api\src\Http\Middleware\Request.php(127): Illuminate\Pipeline\Pipeline->then(Object(Closure))
#30 D:\phpstudy\WWW\pyrocms\vendor\dingo\api\src\Http\Middleware\Request.php(103): Dingo\Api\Http\Middleware\Request->sendRequestThroughRouter(Object(Dingo\Api\Http\Request))
#31 D:\phpstudy\WWW\pyrocms\vendor\laravel\framework\src\Illuminate\Pipeline\Pipeline.php(137): Dingo\Api\Http\Middleware\Request->handle(Object(Dingo\Api\Http\Request), Object(Closure))
#32 D:\phpstudy\WWW\pyrocms\vendor\laravel\framework\src\Illuminate\Routing\Pipeline.php(33): Illuminate\Pipeline\Pipeline->Illuminate\Pipeline\{closure}(Object(Illuminate\Http\Request))
#33 D:\phpstudy\WWW\pyrocms\vendor\laravel\framework\src\Illuminate\Pipeline\Pipeline.php(104): Illuminate\Routing\Pipeline->Illuminate\Routing\{closure}(Object(Illuminate\Http\Request))
#34 D:\phpstudy\WWW\pyrocms\vendor\laravel\framework\src\Illuminate\Foundation\Http\Kernel.php(150): Illuminate\Pipeline\Pipeline->then(Object(Closure))
#35 D:\phpstudy\WWW\pyrocms\vendor\laravel\framework\src\Illuminate\Foundation\Http\Kernel.php(117): Illuminate\Foundation\Http\Kernel->sendRequestThroughRouter(Object(Illuminate\Http\Request))
#36 D:\phpstudy\WWW\pyrocms\public\index.php(53): Illuminate\Foundation\Http\Kernel->handle(Object(Illuminate\Http\Request))
#37 {main} {"identification":{"id":"8f0aa7d8-0cca-4856-845b-e9c55fe460fa"}} 
[2017-08-22 18:05:02] local.ERROR: Symfony\Component\Debug\Exception\FatalThrowableError: Class 'App\Http\Controllers\AlipayTradeAppPayRequest' not found in D:\phpstudy\WWW\pyrocms\app\Http\Controllers\HomeController.php:970
Stack trace:
#0 [internal function]: App\Http\Controllers\HomeController->alipayResonse(Object(Dingo\Api\Http\Request))
#1 D:\phpstudy\WWW\pyrocms\vendor\laravel\framework\src\Illuminate\Routing\Controller.php(55): call_user_func_array(Array, Array)
#2 D:\phpstudy\WWW\pyrocms\vendor\laravel\framework\src\Illuminate\Routing\ControllerDispatcher.php(44): Illuminate\Routing\Controller->callAction('alipayResonse', Array)
#3 D:\phpstudy\WWW\pyrocms\vendor\laravel\framework\src\Illuminate\Routing\Route.php(189): Illuminate\Routing\ControllerDispatcher->dispatch(Object(Illuminate\Routing\Route), Object(App\Http\Controllers\HomeController), 'alipayResonse')
#4 D:\phpstudy\WWW\pyrocms\vendor\laravel\framework\src\Illuminate\Routing\Route.php(144): Illuminate\Routing\Route->runController()
#5 D:\phpstudy\WWW\pyrocms\vendor\laravel\framework\src\Illuminate\Routing\Router.php(653): Illuminate\Routing\Route->run(Object(Dingo\Api\Http\Request))
#6 D:\phpstudy\WWW\pyrocms\vendor\laravel\framework\src\Illuminate\Routing\Pipeline.php(53): Illuminate\Routing\Router->Illuminate\Routing\{closure}(Object(Dingo\Api\Http\Request))
#7 D:\phpstudy\WWW\pyrocms\vendor\dingo\api\src\Http\Middleware\PrepareController.php(45): Illuminate\Routing\Pipeline->Illuminate\Routing\{closure}(Object(Dingo\Api\Http\Request))
#8 D:\phpstudy\WWW\pyrocms\vendor\laravel\framework\src\Illuminate\Pipeline\Pipeline.php(137): Dingo\Api\Http\Middleware\PrepareController->handle(Object(Dingo\Api\Http\Request), Object(Closure))
#9 D:\phpstudy\WWW\pyrocms\vendor\laravel\framework\src\Illuminate\Routing\Pipeline.php(33): Illuminate\Pipeline\Pipeline->Illuminate\Pipeline\{closure}(Object(Dingo\Api\Http\Request))
#10 D:\phpstudy\WWW\pyrocms\vendor\laravel\framework\src\Illuminate\Pipeline\Pipeline.php(104): Illuminate\Routing\Pipeline->Illuminate\Routing\{closure}(Object(Dingo\Api\Http\Request))
#11 D:\phpstudy\WWW\pyrocms\vendor\laravel\framework\src\Illuminate\Routing\Router.php(655): Illuminate\Pipeline\Pipeline->then(Object(Closure))
#12 D:\phpstudy\WWW\pyrocms\vendor\laravel\framework\src\Illuminate\Routing\Router.php(629): Illuminate\Routing\Router->runRouteWithinStack(Object(Illuminate\Routing\Route), Object(Dingo\Api\Http\Request))
#13 D:\phpstudy\WWW\pyrocms\vendor\laravel\framework\src\Illuminate\Routing\Router.php(607): Illuminate\Routing\Router->dispatchToRoute(Object(Dingo\Api\Http\Request))
#14 D:\phpstudy\WWW\pyrocms\vendor\dingo\api\src\Routing\Adapter\Laravel.php(81): Illuminate\Routing\Router->dispatch(Object(Dingo\Api\Http\Request))
#15 D:\phpstudy\WWW\pyrocms\vendor\dingo\api\src\Routing\Router.php(513): Dingo\Api\Routing\Adapter\Laravel->dispatch(Object(Dingo\Api\Http\Request), 'v1')
#16 D:\phpstudy\WWW\pyrocms\vendor\dingo\api\src\Http\Middleware\Request.php(126): Dingo\Api\Routing\Router->dispatch(Object(Dingo\Api\Http\Request))
#17 D:\phpstudy\WWW\pyrocms\vendor\laravel\framework\src\Illuminate\Pipeline\Pipeline.php(151): Dingo\Api\Http\Middleware\Request->Dingo\Api\Http\Middleware\{closure}(Object(Dingo\Api\Http\Request))
#18 D:\phpstudy\WWW\pyrocms\vendor\anomaly\streams-platform\src\Http\Middleware\SetLocale.php(88): Illuminate\Pipeline\Pipeline->Illuminate\Pipeline\{closure}(Object(Dingo\Api\Http\Request))
#19 D:\phpstudy\WWW\pyrocms\vendor\laravel\framework\src\Illuminate\Pipeline\Pipeline.php(137): Anomaly\Streams\Platform\Http\Middleware\SetLocale->handle(Object(Dingo\Api\Http\Request), Object(Closure))
#20 D:\phpstudy\WWW\pyrocms\vendor\laravel\framework\src\Illuminate\View\Middleware\ShareErrorsFromSession.php(49): Illuminate\Pipeline\Pipeline->Illuminate\Pipeline\{closure}(Object(Dingo\Api\Http\Request))
#21 D:\phpstudy\WWW\pyrocms\vendor\laravel\framework\src\Illuminate\Pipeline\Pipeline.php(137): Illuminate\View\Middleware\ShareErrorsFromSession->handle(Object(Dingo\Api\Http\Request), Object(Closure))
#22 D:\phpstudy\WWW\pyrocms\vendor\laravel\framework\src\Illuminate\Session\Middleware\StartSession.php(64): Illuminate\Pipeline\Pipeline->Illuminate\Pipeline\{closure}(Object(Dingo\Api\Http\Request))
#23 D:\phpstudy\WWW\pyrocms\vendor\laravel\framework\src\Illuminate\Pipeline\Pipeline.php(137): Illuminate\Session\Middleware\StartSession->handle(Object(Dingo\Api\Http\Request), Object(Closure))
#24 D:\phpstudy\WWW\pyrocms\vendor\laravel\framework\src\Illuminate\Cookie\Middleware\AddQueuedCookiesToResponse.php(37): Illuminate\Pipeline\Pipeline->Illuminate\Pipeline\{closure}(Object(Dingo\Api\Http\Request))
#25 D:\phpstudy\WWW\pyrocms\vendor\laravel\framework\src\Illuminate\Pipeline\Pipeline.php(137): Illuminate\Cookie\Middleware\AddQueuedCookiesToResponse->handle(Object(Dingo\Api\Http\Request), Object(Closure))
#26 D:\phpstudy\WWW\pyrocms\vendor\laravel\framework\src\Illuminate\Cookie\Middleware\EncryptCookies.php(59): Illuminate\Pipeline\Pipeline->Illuminate\Pipeline\{closure}(Object(Dingo\Api\Http\Request))
#27 D:\phpstudy\WWW\pyrocms\vendor\laravel\framework\src\Illuminate\Pipeline\Pipeline.php(137): Illuminate\Cookie\Middleware\EncryptCookies->handle(Object(Dingo\Api\Http\Request), Object(Closure))
#28 D:\phpstudy\WWW\pyrocms\vendor\laravel\framework\src\Illuminate\Pipeline\Pipeline.php(104): Illuminate\Pipeline\Pipeline->Illuminate\Pipeline\{closure}(Object(Dingo\Api\Http\Request))
#29 D:\phpstudy\WWW\pyrocms\vendor\dingo\api\src\Http\Middleware\Request.php(127): Illuminate\Pipeline\Pipeline->then(Object(Closure))
#30 D:\phpstudy\WWW\pyrocms\vendor\dingo\api\src\Http\Middleware\Request.php(103): Dingo\Api\Http\Middleware\Request->sendRequestThroughRouter(Object(Dingo\Api\Http\Request))
#31 D:\phpstudy\WWW\pyrocms\vendor\laravel\framework\src\Illuminate\Pipeline\Pipeline.php(137): Dingo\Api\Http\Middleware\Request->handle(Object(Dingo\Api\Http\Request), Object(Closure))
#32 D:\phpstudy\WWW\pyrocms\vendor\laravel\framework\src\Illuminate\Routing\Pipeline.php(33): Illuminate\Pipeline\Pipeline->Illuminate\Pipeline\{closure}(Object(Illuminate\Http\Request))
#33 D:\phpstudy\WWW\pyrocms\vendor\laravel\framework\src\Illuminate\Pipeline\Pipeline.php(104): Illuminate\Routing\Pipeline->Illuminate\Routing\{closure}(Object(Illuminate\Http\Request))
#34 D:\phpstudy\WWW\pyrocms\vendor\laravel\framework\src\Illuminate\Foundation\Http\Kernel.php(150): Illuminate\Pipeline\Pipeline->then(Object(Closure))
#35 D:\phpstudy\WWW\pyrocms\vendor\laravel\framework\src\Illuminate\Foundation\Http\Kernel.php(117): Illuminate\Foundation\Http\Kernel->sendRequestThroughRouter(Object(Illuminate\Http\Request))
#36 D:\phpstudy\WWW\pyrocms\public\index.php(53): Illuminate\Foundation\Http\Kernel->handle(Object(Illuminate\Http\Request))
#37 {main} {"identification":{"id":"8f0aa7d8-0cca-4856-845b-e9c55fe460fa"}} 
