[2017-09-08 08:42:47] local.CRITICAL: Symfony\Component\Debug\Exception\FatalErrorException: Maximum execution time of 30 seconds exceeded in D:\phpstudy\WWW\pyrocms\addons\shared\fannan\advertising-module\src\AdvertisingModuleServiceProvider.php:14
Stack trace:
#0 {main} {"identification":{"id":"e42ac9a3-4335-4f06-a2fd-9d21afea7be1"}} 
[2017-09-08 08:42:47] local.CRITICAL: Symfony\Component\Debug\Exception\FatalErrorException: Maximum execution time of 30 seconds exceeded in D:\phpstudy\WWW\pyrocms\addons\shared\fannan\advertising-module\src\AdvertisingModuleServiceProvider.php:14
Stack trace:
#0 {main} {"identification":{"id":"2868bf2d-cfb9-413d-8881-5308e07e60b4"}} 
[2017-09-08 08:42:47] local.CRITICAL: Symfony\Component\Debug\Exception\FatalErrorException: Maximum execution time of 30 seconds exceeded in D:\phpstudy\WWW\pyrocms\addons\shared\fannan\advertising-module\src\AdvertisingModuleServiceProvider.php:14
Stack trace:
#0 {main} {"identification":{"id":"d71b7237-b7e5-4185-bbda-5e2dadf9961e"}} 
[2017-09-08 10:09:21] local.CRITICAL: Symfony\Component\Debug\Exception\FatalErrorException: Maximum execution time of 30 seconds exceeded in D:\phpstudy\WWW\pyrocms\vendor\symfony\http-foundation\AcceptHeader.php:22
Stack trace:
#0 {main} {"identification":{"id":"2bdb56b0-23ed-43ff-b9c9-16c35d0d531e"}} 
[2017-09-08 12:12:19] local.CRITICAL: Symfony\Component\Debug\Exception\FatalErrorException: Maximum execution time of 30 seconds exceeded in D:\phpstudy\WWW\pyrocms\addons\shared\fannan\advertising-module\factories\SlotFactory.php:3
Stack trace:
#0 {main} {"identification":{"id":"5cb07a27-6173-4f05-945d-c4fb91fb55b4"}} 
[2017-09-08 12:19:01] local.CRITICAL: Symfony\Component\Debug\Exception\FatalErrorException: Maximum execution time of 30 seconds exceeded in D:\phpstudy\WWW\pyrocms\vendor\fzaninotto\faker\src\Faker\Provider\DateTime.php:5
Stack trace:
#0 {main} {"identification":{"id":"f802a3b2-65d8-41f0-870b-c0bea3629857"}} 
[2017-09-08 14:37:59] local.CRITICAL: Symfony\Component\Debug\Exception\FatalErrorException: Maximum execution time of 30 seconds exceeded in D:\phpstudy\WWW\pyrocms\vendor\anomaly\streams-platform\src\Addon\Plugin\PluginCollection.php:12
Stack trace:
#0 {main} {"identification":{"id":"737c4a8a-ea69-43bb-a59f-f343c8826b92"}} 
[2017-09-08 14:39:17] local.CRITICAL: Symfony\Component\Debug\Exception\FatalErrorException: Maximum execution time of 30 seconds exceeded in D:\phpstudy\WWW\pyrocms\vendor\kriswallsmith\assetic\src\Assetic\Asset\GlobAsset.php:22
Stack trace:
#0 {main} {"identification":{"id":"323dd9d5-e36a-499e-9069-f0cb2ef09b32"}} 
