[2017-09-07 08:34:29] local.CRITICAL: Symfony\Component\Debug\Exception\FatalErrorException: Maximum execution time of 30 seconds exceeded in D:\phpstudy\WWW\pyrocms\core\anomaly\settings-module\src\SettingsModuleServiceProvider.php:24
Stack trace:
#0 {main} {"identification":{"id":"53aee4c7-9ae9-49c1-8371-cf491bf98e72"}} 
[2017-09-07 08:34:29] local.CRITICAL: Symfony\Component\Debug\Exception\FatalErrorException: Maximum execution time of 30 seconds exceeded in D:\phpstudy\WWW\pyrocms\core\anomaly\settings-module\src\SettingsModuleServiceProvider.php:24
Stack trace:
#0 {main} {"identification":{"id":"07222dc3-84f5-4172-a48a-25f7b664d032"}} 
[2017-09-07 08:34:30] local.CRITICAL: Symfony\Component\Debug\Exception\FatalErrorException: Maximum execution time of 30 seconds exceeded in D:\phpstudy\WWW\pyrocms\core\anomaly\checkboxes-field_type\resources\config\config.php:14
Stack trace:
#0 {main} {"identification":{"id":"f101b015-5af2-47e1-bd95-367d3a86ffe8"}} 
[2017-09-07 08:37:08] local.CRITICAL: Symfony\Component\Debug\Exception\FatalErrorException: Maximum execution time of 30 seconds exceeded in D:\phpstudy\WWW\pyrocms\vendor\kriswallsmith\assetic\src\Assetic\Asset\AssetCollection.php:24
Stack trace:
#0 {main} {"identification":{"id":"40c83364-de4b-4d47-821c-ddee4963d5c4"}} 
[2017-09-07 09:25:43] local.CRITICAL: Symfony\Component\Debug\Exception\FatalErrorException: Maximum execution time of 30 seconds exceeded in D:\phpstudy\WWW\pyrocms\vendor\laravel\framework\src\Illuminate\Translation\FileLoader.php:7
Stack trace:
#0 {main} {"identification":{"id":"1afb6147-0424-4f2e-a761-af25d8a973d2"}} 
[2017-09-07 09:25:43] local.CRITICAL: Symfony\Component\Debug\Exception\FatalErrorException: Maximum execution time of 30 seconds exceeded in D:\phpstudy\WWW\pyrocms\vendor\laravel\framework\src\Illuminate\Translation\FileLoader.php:7
Stack trace:
#0 {main} {"identification":{"id":"59f88819-3995-44c6-8787-d97209437871"}} 
[2017-09-07 09:26:22] local.CRITICAL: Symfony\Component\Debug\Exception\FatalErrorException: Maximum execution time of 30 seconds exceeded in D:\phpstudy\WWW\pyrocms\vendor\doctrine\dbal\lib\Doctrine\DBAL\Driver\PDOConnection.php:43
Stack trace:
#0 {main} {"identification":{"id":"8ae1ac03-0a79-4138-a447-1d5e68568741"}} 
[2017-09-07 09:28:11] local.CRITICAL: Symfony\Component\Debug\Exception\FatalErrorException: Maximum execution time of 30 seconds exceeded in D:\phpstudy\WWW\pyrocms\vendor\kriswallsmith\assetic\src\Assetic\Filter\FilterCollection.php:21
Stack trace:
#0 {main} {"identification":{"id":"3a1a5eeb-6d0f-4bb8-8bd1-4fd0e47c16f0"}} 
[2017-09-07 09:57:37] local.ERROR: ErrorException: file_put_contents(D:\phpstudy\WWW\pyrocms\storage\streams/default/cache/d9/33/d933ab79d50373501ff5ac74e2271540ebbb82c3): failed to open stream: Permission denied in D:\phpstudy\WWW\pyrocms\vendor\laravel\framework\src\Illuminate\Filesystem\Filesystem.php:111
Stack trace:
#0 [internal function]: Illuminate\Foundation\Bootstrap\HandleExceptions->handleError(2, 'file_put_conten...', 'D:\\phpstudy\\WWW...', 111, Array)
#1 D:\phpstudy\WWW\pyrocms\vendor\laravel\framework\src\Illuminate\Filesystem\Filesystem.php(111): file_put_contents('D:\\phpstudy\\WWW...', '9999999999a:1:{...', 2)
#2 D:\phpstudy\WWW\pyrocms\vendor\laravel\framework\src\Illuminate\Cache\FileStore.php(107): Illuminate\Filesystem\Filesystem->put('D:\\phpstudy\\WWW...', '9999999999a:1:{...', true)
#3 D:\phpstudy\WWW\pyrocms\vendor\laravel\framework\src\Illuminate\Cache\FileStore.php(162): Illuminate\Cache\FileStore->put('Anomaly\\Streams...', '9999999999a:1:{...', 0)
#4 D:\phpstudy\WWW\pyrocms\vendor\laravel\framework\src\Illuminate\Cache\Repository.php(294): Illuminate\Cache\FileStore->forever('Anomaly\\Streams...', Array)
#5 D:\phpstudy\WWW\pyrocms\vendor\laravel\framework\src\Illuminate\Cache\Repository.php(349): Illuminate\Cache\Repository->forever('Anomaly\\Streams...', Array)
#6 D:\phpstudy\WWW\pyrocms\vendor\laravel\framework\src\Illuminate\Cache\CacheManager.php(301): Illuminate\Cache\Repository->rememberForever('Anomaly\\Streams...', Object(Closure))
#7 D:\phpstudy\WWW\pyrocms\vendor\anomaly\streams-platform\src\Collection\CacheCollection.php(76): Illuminate\Cache\CacheManager->__call('rememberForever', Array)
#8 D:\phpstudy\WWW\pyrocms\vendor\anomaly\streams-platform\src\Model\EloquentModel.php(129): Anomaly\Streams\Platform\Collection\CacheCollection->index()
#9 D:\phpstudy\WWW\pyrocms\vendor\anomaly\streams-platform\src\Addon\AddonManager.php(217): Anomaly\Streams\Platform\Model\EloquentModel->cache('streams::module...', 9999, Object(Closure))
#10 D:\phpstudy\WWW\pyrocms\vendor\anomaly\streams-platform\src\Addon\AddonManager.php(113): Anomaly\Streams\Platform\Addon\AddonManager->getInstalledAddonNamespaces()
#11 D:\phpstudy\WWW\pyrocms\vendor\anomaly\streams-platform\src\StreamsServiceProvider.php(284): Anomaly\Streams\Platform\Addon\AddonManager->register()
#12 [internal function]: Anomaly\Streams\Platform\StreamsServiceProvider->Anomaly\Streams\Platform\{closure}(Object(Illuminate\Foundation\Application))
#13 D:\phpstudy\WWW\pyrocms\vendor\laravel\framework\src\Illuminate\Foundation\Application.php(808): call_user_func(Object(Closure), Object(Illuminate\Foundation\Application))
#14 D:\phpstudy\WWW\pyrocms\vendor\laravel\framework\src\Illuminate\Foundation\Application.php(757): Illuminate\Foundation\Application->fireAppCallbacks(Array)
#15 D:\phpstudy\WWW\pyrocms\vendor\laravel\framework\src\Illuminate\Foundation\Bootstrap\BootProviders.php(17): Illuminate\Foundation\Application->boot()
#16 D:\phpstudy\WWW\pyrocms\vendor\laravel\framework\src\Illuminate\Foundation\Application.php(203): Illuminate\Foundation\Bootstrap\BootProviders->bootstrap(Object(Illuminate\Foundation\Application))
#17 D:\phpstudy\WWW\pyrocms\vendor\laravel\framework\src\Illuminate\Foundation\Http\Kernel.php(254): Illuminate\Foundation\Application->bootstrapWith(Array)
#18 D:\phpstudy\WWW\pyrocms\vendor\laravel\framework\src\Illuminate\Foundation\Http\Kernel.php(145): Illuminate\Foundation\Http\Kernel->bootstrap()
#19 D:\phpstudy\WWW\pyrocms\vendor\laravel\framework\src\Illuminate\Foundation\Http\Kernel.php(117): Illuminate\Foundation\Http\Kernel->sendRequestThroughRouter(Object(Illuminate\Http\Request))
#20 D:\phpstudy\WWW\pyrocms\public\index.php(53): Illuminate\Foundation\Http\Kernel->handle(Object(Illuminate\Http\Request))
#21 {main} {"identification":{"id":"a3818296-cc64-4e32-a5d2-023e57334cc8"}} 
[2017-09-07 09:57:37] local.ERROR: ErrorException: file_put_contents(D:\phpstudy\WWW\pyrocms\storage\streams/default/cache/d9/33/d933ab79d50373501ff5ac74e2271540ebbb82c3): failed to open stream: Permission denied in D:\phpstudy\WWW\pyrocms\vendor\laravel\framework\src\Illuminate\Filesystem\Filesystem.php:111
Stack trace:
#0 [internal function]: Illuminate\Foundation\Bootstrap\HandleExceptions->handleError(2, 'file_put_conten...', 'D:\\phpstudy\\WWW...', 111, Array)
#1 D:\phpstudy\WWW\pyrocms\vendor\laravel\framework\src\Illuminate\Filesystem\Filesystem.php(111): file_put_contents('D:\\phpstudy\\WWW...', '9999999999a:2:{...', 2)
#2 D:\phpstudy\WWW\pyrocms\vendor\laravel\framework\src\Illuminate\Cache\FileStore.php(107): Illuminate\Filesystem\Filesystem->put('D:\\phpstudy\\WWW...', '9999999999a:2:{...', true)
#3 D:\phpstudy\WWW\pyrocms\vendor\laravel\framework\src\Illuminate\Cache\FileStore.php(162): Illuminate\Cache\FileStore->put('Anomaly\\Streams...', '9999999999a:2:{...', 0)
#4 D:\phpstudy\WWW\pyrocms\vendor\laravel\framework\src\Illuminate\Cache\Repository.php(294): Illuminate\Cache\FileStore->forever('Anomaly\\Streams...', Array)
#5 D:\phpstudy\WWW\pyrocms\vendor\laravel\framework\src\Illuminate\Cache\Repository.php(349): Illuminate\Cache\Repository->forever('Anomaly\\Streams...', Array)
#6 D:\phpstudy\WWW\pyrocms\vendor\laravel\framework\src\Illuminate\Cache\CacheManager.php(301): Illuminate\Cache\Repository->rememberForever('Anomaly\\Streams...', Object(Closure))
#7 D:\phpstudy\WWW\pyrocms\vendor\anomaly\streams-platform\src\Collection\CacheCollection.php(76): Illuminate\Cache\CacheManager->__call('rememberForever', Array)
#8 D:\phpstudy\WWW\pyrocms\vendor\anomaly\streams-platform\src\Model\EloquentModel.php(129): Anomaly\Streams\Platform\Collection\CacheCollection->index()
#9 D:\phpstudy\WWW\pyrocms\vendor\anomaly\streams-platform\src\Addon\AddonManager.php(217): Anomaly\Streams\Platform\Model\EloquentModel->cache('streams::module...', 9999, Object(Closure))
#10 D:\phpstudy\WWW\pyrocms\vendor\anomaly\streams-platform\src\Addon\AddonManager.php(113): Anomaly\Streams\Platform\Addon\AddonManager->getInstalledAddonNamespaces()
#11 D:\phpstudy\WWW\pyrocms\vendor\anomaly\streams-platform\src\StreamsServiceProvider.php(284): Anomaly\Streams\Platform\Addon\AddonManager->register()
#12 [internal function]: Anomaly\Streams\Platform\StreamsServiceProvider->Anomaly\Streams\Platform\{closure}(Object(Illuminate\Foundation\Application))
#13 D:\phpstudy\WWW\pyrocms\vendor\laravel\framework\src\Illuminate\Foundation\Application.php(808): call_user_func(Object(Closure), Object(Illuminate\Foundation\Application))
#14 D:\phpstudy\WWW\pyrocms\vendor\laravel\framework\src\Illuminate\Foundation\Application.php(757): Illuminate\Foundation\Application->fireAppCallbacks(Array)
#15 D:\phpstudy\WWW\pyrocms\vendor\laravel\framework\src\Illuminate\Foundation\Bootstrap\BootProviders.php(17): Illuminate\Foundation\Application->boot()
#16 D:\phpstudy\WWW\pyrocms\vendor\laravel\framework\src\Illuminate\Foundation\Application.php(203): Illuminate\Foundation\Bootstrap\BootProviders->bootstrap(Object(Illuminate\Foundation\Application))
#17 D:\phpstudy\WWW\pyrocms\vendor\laravel\framework\src\Illuminate\Foundation\Http\Kernel.php(254): Illuminate\Foundation\Application->bootstrapWith(Array)
#18 D:\phpstudy\WWW\pyrocms\vendor\laravel\framework\src\Illuminate\Foundation\Http\Kernel.php(145): Illuminate\Foundation\Http\Kernel->bootstrap()
#19 D:\phpstudy\WWW\pyrocms\vendor\laravel\framework\src\Illuminate\Foundation\Http\Kernel.php(117): Illuminate\Foundation\Http\Kernel->sendRequestThroughRouter(Object(Illuminate\Http\Request))
#20 D:\phpstudy\WWW\pyrocms\public\index.php(53): Illuminate\Foundation\Http\Kernel->handle(Object(Illuminate\Http\Request))
#21 {main} {"identification":{"id":"e2d1fd6f-a739-4efc-996b-3969c96397d9"}} 
[2017-09-07 09:57:52] local.CRITICAL: Symfony\Component\Debug\Exception\FatalErrorException: Maximum execution time of 30 seconds exceeded in D:\phpstudy\WWW\pyrocms\core\anomaly\pages-module\src\Page\PageModel.php:20
Stack trace:
#0 {main} {"identification":{"id":"fee9c9cf-1b71-4dcb-a8cd-ed896f66d83a"}} 
[2017-09-07 10:25:43] local.ERROR: Symfony\Component\Debug\Exception\FatalErrorException: Maximum execution time of 30 seconds exceeded in D:\phpstudy\WWW\pyrocms\core\anomaly\wysiwyg-field_type\src\WysiwygFieldTypeAccessor.php:14
Stack trace:
#0 {main} {"identification":{"id":"873334bd-ee23-45f7-aa9b-25407a1a9ba4"}} 
[2017-09-07 10:37:30] local.ERROR: ErrorException: file_put_contents(D:\phpstudy\WWW\pyrocms\storage\streams/default/cache/d9/33/d933ab79d50373501ff5ac74e2271540ebbb82c3): failed to open stream: Permission denied in D:\phpstudy\WWW\pyrocms\vendor\laravel\framework\src\Illuminate\Filesystem\Filesystem.php:111
Stack trace:
#0 [internal function]: Illuminate\Foundation\Bootstrap\HandleExceptions->handleError(2, 'file_put_conten...', 'D:\\phpstudy\\WWW...', 111, Array)
#1 D:\phpstudy\WWW\pyrocms\vendor\laravel\framework\src\Illuminate\Filesystem\Filesystem.php(111): file_put_contents('D:\\phpstudy\\WWW...', '9999999999a:2:{...', 2)
#2 D:\phpstudy\WWW\pyrocms\vendor\laravel\framework\src\Illuminate\Cache\FileStore.php(107): Illuminate\Filesystem\Filesystem->put('D:\\phpstudy\\WWW...', '9999999999a:2:{...', true)
#3 D:\phpstudy\WWW\pyrocms\vendor\laravel\framework\src\Illuminate\Cache\FileStore.php(162): Illuminate\Cache\FileStore->put('Anomaly\\Streams...', '9999999999a:2:{...', 0)
#4 D:\phpstudy\WWW\pyrocms\vendor\laravel\framework\src\Illuminate\Cache\Repository.php(294): Illuminate\Cache\FileStore->forever('Anomaly\\Streams...', Array)
#5 D:\phpstudy\WWW\pyrocms\vendor\laravel\framework\src\Illuminate\Cache\Repository.php(349): Illuminate\Cache\Repository->forever('Anomaly\\Streams...', Array)
#6 D:\phpstudy\WWW\pyrocms\vendor\laravel\framework\src\Illuminate\Cache\CacheManager.php(301): Illuminate\Cache\Repository->rememberForever('Anomaly\\Streams...', Object(Closure))
#7 D:\phpstudy\WWW\pyrocms\vendor\anomaly\streams-platform\src\Collection\CacheCollection.php(76): Illuminate\Cache\CacheManager->__call('rememberForever', Array)
#8 D:\phpstudy\WWW\pyrocms\vendor\anomaly\streams-platform\src\Model\EloquentModel.php(129): Anomaly\Streams\Platform\Collection\CacheCollection->index()
#9 D:\phpstudy\WWW\pyrocms\vendor\anomaly\streams-platform\src\Addon\AddonManager.php(217): Anomaly\Streams\Platform\Model\EloquentModel->cache('streams::module...', 9999, Object(Closure))
#10 D:\phpstudy\WWW\pyrocms\vendor\anomaly\streams-platform\src\Addon\AddonManager.php(113): Anomaly\Streams\Platform\Addon\AddonManager->getInstalledAddonNamespaces()
#11 D:\phpstudy\WWW\pyrocms\vendor\anomaly\streams-platform\src\StreamsServiceProvider.php(284): Anomaly\Streams\Platform\Addon\AddonManager->register()
#12 [internal function]: Anomaly\Streams\Platform\StreamsServiceProvider->Anomaly\Streams\Platform\{closure}(Object(Illuminate\Foundation\Application))
#13 D:\phpstudy\WWW\pyrocms\vendor\laravel\framework\src\Illuminate\Foundation\Application.php(808): call_user_func(Object(Closure), Object(Illuminate\Foundation\Application))
#14 D:\phpstudy\WWW\pyrocms\vendor\laravel\framework\src\Illuminate\Foundation\Application.php(757): Illuminate\Foundation\Application->fireAppCallbacks(Array)
#15 D:\phpstudy\WWW\pyrocms\vendor\laravel\framework\src\Illuminate\Foundation\Bootstrap\BootProviders.php(17): Illuminate\Foundation\Application->boot()
#16 D:\phpstudy\WWW\pyrocms\vendor\laravel\framework\src\Illuminate\Foundation\Application.php(203): Illuminate\Foundation\Bootstrap\BootProviders->bootstrap(Object(Illuminate\Foundation\Application))
#17 D:\phpstudy\WWW\pyrocms\vendor\laravel\framework\src\Illuminate\Foundation\Http\Kernel.php(254): Illuminate\Foundation\Application->bootstrapWith(Array)
#18 D:\phpstudy\WWW\pyrocms\vendor\laravel\framework\src\Illuminate\Foundation\Http\Kernel.php(145): Illuminate\Foundation\Http\Kernel->bootstrap()
#19 D:\phpstudy\WWW\pyrocms\vendor\laravel\framework\src\Illuminate\Foundation\Http\Kernel.php(117): Illuminate\Foundation\Http\Kernel->sendRequestThroughRouter(Object(Illuminate\Http\Request))
#20 D:\phpstudy\WWW\pyrocms\public\index.php(53): Illuminate\Foundation\Http\Kernel->handle(Object(Illuminate\Http\Request))
#21 {main} {"identification":{"id":"7a3035d2-22ec-4c90-a4de-39fadfbd85a1"}} 
[2017-09-07 10:39:50] local.ERROR: ErrorException: file_put_contents(D:\phpstudy\WWW\pyrocms\storage\streams/default/cache/d9/33/d933ab79d50373501ff5ac74e2271540ebbb82c3): failed to open stream: Permission denied in D:\phpstudy\WWW\pyrocms\vendor\laravel\framework\src\Illuminate\Filesystem\Filesystem.php:111
Stack trace:
#0 [internal function]: Illuminate\Foundation\Bootstrap\HandleExceptions->handleError(2, 'file_put_conten...', 'D:\\phpstudy\\WWW...', 111, Array)
#1 D:\phpstudy\WWW\pyrocms\vendor\laravel\framework\src\Illuminate\Filesystem\Filesystem.php(111): file_put_contents('D:\\phpstudy\\WWW...', '9999999999a:2:{...', 2)
#2 D:\phpstudy\WWW\pyrocms\vendor\laravel\framework\src\Illuminate\Cache\FileStore.php(107): Illuminate\Filesystem\Filesystem->put('D:\\phpstudy\\WWW...', '9999999999a:2:{...', true)
#3 D:\phpstudy\WWW\pyrocms\vendor\laravel\framework\src\Illuminate\Cache\FileStore.php(162): Illuminate\Cache\FileStore->put('Anomaly\\Streams...', '9999999999a:2:{...', 0)
#4 D:\phpstudy\WWW\pyrocms\vendor\laravel\framework\src\Illuminate\Cache\Repository.php(294): Illuminate\Cache\FileStore->forever('Anomaly\\Streams...', Array)
#5 D:\phpstudy\WWW\pyrocms\vendor\laravel\framework\src\Illuminate\Cache\Repository.php(349): Illuminate\Cache\Repository->forever('Anomaly\\Streams...', Array)
#6 D:\phpstudy\WWW\pyrocms\vendor\laravel\framework\src\Illuminate\Cache\CacheManager.php(301): Illuminate\Cache\Repository->rememberForever('Anomaly\\Streams...', Object(Closure))
#7 D:\phpstudy\WWW\pyrocms\vendor\anomaly\streams-platform\src\Collection\CacheCollection.php(76): Illuminate\Cache\CacheManager->__call('rememberForever', Array)
#8 D:\phpstudy\WWW\pyrocms\vendor\anomaly\streams-platform\src\Model\EloquentModel.php(129): Anomaly\Streams\Platform\Collection\CacheCollection->index()
#9 D:\phpstudy\WWW\pyrocms\vendor\anomaly\streams-platform\src\Addon\AddonManager.php(217): Anomaly\Streams\Platform\Model\EloquentModel->cache('streams::module...', 9999, Object(Closure))
#10 D:\phpstudy\WWW\pyrocms\vendor\anomaly\streams-platform\src\Addon\AddonManager.php(113): Anomaly\Streams\Platform\Addon\AddonManager->getInstalledAddonNamespaces()
#11 D:\phpstudy\WWW\pyrocms\vendor\anomaly\streams-platform\src\StreamsServiceProvider.php(284): Anomaly\Streams\Platform\Addon\AddonManager->register()
#12 [internal function]: Anomaly\Streams\Platform\StreamsServiceProvider->Anomaly\Streams\Platform\{closure}(Object(Illuminate\Foundation\Application))
#13 D:\phpstudy\WWW\pyrocms\vendor\laravel\framework\src\Illuminate\Foundation\Application.php(808): call_user_func(Object(Closure), Object(Illuminate\Foundation\Application))
#14 D:\phpstudy\WWW\pyrocms\vendor\laravel\framework\src\Illuminate\Foundation\Application.php(757): Illuminate\Foundation\Application->fireAppCallbacks(Array)
#15 D:\phpstudy\WWW\pyrocms\vendor\laravel\framework\src\Illuminate\Foundation\Bootstrap\BootProviders.php(17): Illuminate\Foundation\Application->boot()
#16 D:\phpstudy\WWW\pyrocms\vendor\laravel\framework\src\Illuminate\Foundation\Application.php(203): Illuminate\Foundation\Bootstrap\BootProviders->bootstrap(Object(Illuminate\Foundation\Application))
#17 D:\phpstudy\WWW\pyrocms\vendor\laravel\framework\src\Illuminate\Foundation\Http\Kernel.php(254): Illuminate\Foundation\Application->bootstrapWith(Array)
#18 D:\phpstudy\WWW\pyrocms\vendor\laravel\framework\src\Illuminate\Foundation\Http\Kernel.php(145): Illuminate\Foundation\Http\Kernel->bootstrap()
#19 D:\phpstudy\WWW\pyrocms\vendor\laravel\framework\src\Illuminate\Foundation\Http\Kernel.php(117): Illuminate\Foundation\Http\Kernel->sendRequestThroughRouter(Object(Illuminate\Http\Request))
#20 D:\phpstudy\WWW\pyrocms\public\index.php(53): Illuminate\Foundation\Http\Kernel->handle(Object(Illuminate\Http\Request))
#21 {main} {"identification":{"id":"0c08520b-c38f-42a1-9b4b-d22f5d7cc382"}} 
[2017-09-07 11:01:32] local.CRITICAL: Symfony\Component\Debug\Exception\FatalErrorException: Maximum execution time of 30 seconds exceeded in D:\phpstudy\WWW\pyrocms\core\anomaly\url_link_type-extension\src\UrlLinkTypeExtension.php:16
Stack trace:
#0 {main} {"identification":{"id":"b48a03d6-704c-459d-8eb4-2959ff959f7c"}} 
[2017-09-07 11:01:32] local.CRITICAL: Symfony\Component\Debug\Exception\FatalErrorException: Maximum execution time of 30 seconds exceeded in D:\phpstudy\WWW\pyrocms\core\anomaly\users-module\src\UsersModule.php:13
Stack trace:
#0 {main} {"identification":{"id":"bedc98d3-21f1-4dc9-bd91-b628f30dc59d"}} 
[2017-09-07 11:01:52] local.CRITICAL: Symfony\Component\Debug\Exception\FatalErrorException: Maximum execution time of 30 seconds exceeded in D:\phpstudy\WWW\pyrocms\core\anomaly\pages-module\resources\config\lookup.php:17
Stack trace:
#0 {main} {"identification":{"id":"9617d108-85ae-4aa4-9734-ba4a4ed867ef"}} 
[2017-09-07 11:01:55] local.CRITICAL: Symfony\Component\Debug\Exception\FatalErrorException: Maximum execution time of 30 seconds exceeded in D:\phpstudy\WWW\pyrocms\vendor\laravel\framework\src\Illuminate\Auth\EloquentUserProvider.php:10
Stack trace:
#0 {main} {"identification":{"id":"cfb0d1e7-c9ef-4ed5-927c-24b0f041bf34"}} 
