[2017-09-22 09:56:22] local.ERROR: Predis\Connection\ConnectionException: 由于目标计算机积极拒绝，无法连接。 [tcp://localhost:6379] in D:\phpstudy\WWW\pyrocms\vendor\predis\predis\src\Connection\AbstractConnection.php:155
Stack trace:
#0 D:\phpstudy\WWW\pyrocms\vendor\predis\predis\src\Connection\StreamConnection.php(128): Predis\Connection\AbstractConnection->onConnectionError('\xD3\xC9\xD3\xDA\xC4\xBF\xB1\xEA\xBC\xC6\xCB\xE3\xBB\xFA\xBB...', 10061)
#1 D:\phpstudy\WWW\pyrocms\vendor\predis\predis\src\Connection\StreamConnection.php(178): Predis\Connection\StreamConnection->createStreamSocket(Object(Predis\Connection\Parameters), 'tcp://localhost...', 4)
#2 D:\phpstudy\WWW\pyrocms\vendor\predis\predis\src\Connection\StreamConnection.php(100): Predis\Connection\StreamConnection->tcpStreamInitializer(Object(Predis\Connection\Parameters))
#3 D:\phpstudy\WWW\pyrocms\vendor\predis\predis\src\Connection\AbstractConnection.php(81): Predis\Connection\StreamConnection->createResource()
#4 D:\phpstudy\WWW\pyrocms\vendor\predis\predis\src\Connection\StreamConnection.php(258): Predis\Connection\AbstractConnection->connect()
#5 D:\phpstudy\WWW\pyrocms\vendor\predis\predis\src\Connection\AbstractConnection.php(180): Predis\Connection\StreamConnection->connect()
#6 D:\phpstudy\WWW\pyrocms\vendor\predis\predis\src\Connection\StreamConnection.php(288): Predis\Connection\AbstractConnection->getResource()
#7 D:\phpstudy\WWW\pyrocms\vendor\predis\predis\src\Connection\StreamConnection.php(394): Predis\Connection\StreamConnection->write('*2\r\n$3\r\nGET\r\n$5...')
#8 D:\phpstudy\WWW\pyrocms\vendor\predis\predis\src\Connection\AbstractConnection.php(110): Predis\Connection\StreamConnection->writeRequest(Object(Predis\Command\StringGet))
#9 D:\phpstudy\WWW\pyrocms\vendor\predis\predis\src\Client.php(331): Predis\Connection\AbstractConnection->executeCommand(Object(Predis\Command\StringGet))
#10 D:\phpstudy\WWW\pyrocms\vendor\predis\predis\src\Client.php(314): Predis\Client->executeCommand(Object(Predis\Command\StringGet))
#11 D:\phpstudy\WWW\pyrocms\vendor\laravel\framework\src\Illuminate\Cache\RedisStore.php(54): Predis\Client->__call('get', Array)
#12 D:\phpstudy\WWW\pyrocms\vendor\laravel\framework\src\Illuminate\Cache\Repository.php(129): Illuminate\Cache\RedisStore->get('Anomaly\\Streams...')
#13 D:\phpstudy\WWW\pyrocms\vendor\laravel\framework\src\Illuminate\Cache\CacheManager.php(301): Illuminate\Cache\Repository->get('Anomaly\\Streams...')
#14 D:\phpstudy\WWW\pyrocms\vendor\anomaly\streams-platform\src\Collection\CacheCollection.php(62): Illuminate\Cache\CacheManager->__call('get', Array)
#15 D:\phpstudy\WWW\pyrocms\vendor\anomaly\streams-platform\src\Model\EloquentModel.php(129): Anomaly\Streams\Platform\Collection\CacheCollection->index()
#16 D:\phpstudy\WWW\pyrocms\vendor\anomaly\streams-platform\src\Addon\AddonManager.php(187): Anomaly\Streams\Platform\Model\EloquentModel->cache('streams::module...', 9999, Object(Closure))
#17 D:\phpstudy\WWW\pyrocms\vendor\anomaly\streams-platform\src\Addon\AddonManager.php(112): Anomaly\Streams\Platform\Addon\AddonManager->getEnabledAddonNamespaces()
#18 D:\phpstudy\WWW\pyrocms\vendor\anomaly\streams-platform\src\StreamsServiceProvider.php(284): Anomaly\Streams\Platform\Addon\AddonManager->register()
#19 [internal function]: Anomaly\Streams\Platform\StreamsServiceProvider->Anomaly\Streams\Platform\{closure}(Object(Illuminate\Foundation\Application))
#20 D:\phpstudy\WWW\pyrocms\vendor\laravel\framework\src\Illuminate\Foundation\Application.php(808): call_user_func(Object(Closure), Object(Illuminate\Foundation\Application))
#21 D:\phpstudy\WWW\pyrocms\vendor\laravel\framework\src\Illuminate\Foundation\Application.php(757): Illuminate\Foundation\Application->fireAppCallbacks(Array)
#22 D:\phpstudy\WWW\pyrocms\vendor\laravel\framework\src\Illuminate\Foundation\Bootstrap\BootProviders.php(17): Illuminate\Foundation\Application->boot()
#23 D:\phpstudy\WWW\pyrocms\vendor\laravel\framework\src\Illuminate\Foundation\Application.php(203): Illuminate\Foundation\Bootstrap\BootProviders->bootstrap(Object(Illuminate\Foundation\Application))
#24 D:\phpstudy\WWW\pyrocms\vendor\laravel\framework\src\Illuminate\Foundation\Http\Kernel.php(254): Illuminate\Foundation\Application->bootstrapWith(Array)
#25 D:\phpstudy\WWW\pyrocms\vendor\laravel\framework\src\Illuminate\Foundation\Http\Kernel.php(145): Illuminate\Foundation\Http\Kernel->bootstrap()
#26 D:\phpstudy\WWW\pyrocms\vendor\laravel\framework\src\Illuminate\Foundation\Http\Kernel.php(117): Illuminate\Foundation\Http\Kernel->sendRequestThroughRouter(Object(Illuminate\Http\Request))
#27 D:\phpstudy\WWW\pyrocms\public\index.php(53): Illuminate\Foundation\Http\Kernel->handle(Object(Illuminate\Http\Request))
#28 {main} {"identification":{"id":"751551d1-c357-4825-bfa4-431e58ef2e68"}} 
[2017-09-22 09:56:27] local.ERROR: Predis\Connection\ConnectionException: 由于目标计算机积极拒绝，无法连接。 [tcp://localhost:6379] in D:\phpstudy\WWW\pyrocms\vendor\predis\predis\src\Connection\AbstractConnection.php:155
Stack trace:
#0 D:\phpstudy\WWW\pyrocms\vendor\predis\predis\src\Connection\StreamConnection.php(128): Predis\Connection\AbstractConnection->onConnectionError('\xD3\xC9\xD3\xDA\xC4\xBF\xB1\xEA\xBC\xC6\xCB\xE3\xBB\xFA\xBB...', 10061)
#1 D:\phpstudy\WWW\pyrocms\vendor\predis\predis\src\Connection\StreamConnection.php(178): Predis\Connection\StreamConnection->createStreamSocket(Object(Predis\Connection\Parameters), 'tcp://localhost...', 4)
#2 D:\phpstudy\WWW\pyrocms\vendor\predis\predis\src\Connection\StreamConnection.php(100): Predis\Connection\StreamConnection->tcpStreamInitializer(Object(Predis\Connection\Parameters))
#3 D:\phpstudy\WWW\pyrocms\vendor\predis\predis\src\Connection\AbstractConnection.php(81): Predis\Connection\StreamConnection->createResource()
#4 D:\phpstudy\WWW\pyrocms\vendor\predis\predis\src\Connection\StreamConnection.php(258): Predis\Connection\AbstractConnection->connect()
#5 D:\phpstudy\WWW\pyrocms\vendor\predis\predis\src\Connection\AbstractConnection.php(180): Predis\Connection\StreamConnection->connect()
#6 D:\phpstudy\WWW\pyrocms\vendor\predis\predis\src\Connection\StreamConnection.php(288): Predis\Connection\AbstractConnection->getResource()
#7 D:\phpstudy\WWW\pyrocms\vendor\predis\predis\src\Connection\StreamConnection.php(394): Predis\Connection\StreamConnection->write('*2\r\n$3\r\nGET\r\n$5...')
#8 D:\phpstudy\WWW\pyrocms\vendor\predis\predis\src\Connection\AbstractConnection.php(110): Predis\Connection\StreamConnection->writeRequest(Object(Predis\Command\StringGet))
#9 D:\phpstudy\WWW\pyrocms\vendor\predis\predis\src\Client.php(331): Predis\Connection\AbstractConnection->executeCommand(Object(Predis\Command\StringGet))
#10 D:\phpstudy\WWW\pyrocms\vendor\predis\predis\src\Client.php(314): Predis\Client->executeCommand(Object(Predis\Command\StringGet))
#11 D:\phpstudy\WWW\pyrocms\vendor\laravel\framework\src\Illuminate\Cache\RedisStore.php(54): Predis\Client->__call('get', Array)
#12 D:\phpstudy\WWW\pyrocms\vendor\laravel\framework\src\Illuminate\Cache\Repository.php(129): Illuminate\Cache\RedisStore->get('Anomaly\\Streams...')
#13 D:\phpstudy\WWW\pyrocms\vendor\laravel\framework\src\Illuminate\Cache\CacheManager.php(301): Illuminate\Cache\Repository->get('Anomaly\\Streams...')
#14 D:\phpstudy\WWW\pyrocms\vendor\anomaly\streams-platform\src\Collection\CacheCollection.php(62): Illuminate\Cache\CacheManager->__call('get', Array)
#15 D:\phpstudy\WWW\pyrocms\vendor\anomaly\streams-platform\src\Model\EloquentModel.php(129): Anomaly\Streams\Platform\Collection\CacheCollection->index()
#16 D:\phpstudy\WWW\pyrocms\vendor\anomaly\streams-platform\src\Addon\AddonManager.php(187): Anomaly\Streams\Platform\Model\EloquentModel->cache('streams::module...', 9999, Object(Closure))
#17 D:\phpstudy\WWW\pyrocms\vendor\anomaly\streams-platform\src\Addon\AddonManager.php(112): Anomaly\Streams\Platform\Addon\AddonManager->getEnabledAddonNamespaces()
#18 D:\phpstudy\WWW\pyrocms\vendor\anomaly\streams-platform\src\StreamsServiceProvider.php(284): Anomaly\Streams\Platform\Addon\AddonManager->register()
#19 [internal function]: Anomaly\Streams\Platform\StreamsServiceProvider->Anomaly\Streams\Platform\{closure}(Object(Illuminate\Foundation\Application))
#20 D:\phpstudy\WWW\pyrocms\vendor\laravel\framework\src\Illuminate\Foundation\Application.php(808): call_user_func(Object(Closure), Object(Illuminate\Foundation\Application))
#21 D:\phpstudy\WWW\pyrocms\vendor\laravel\framework\src\Illuminate\Foundation\Application.php(757): Illuminate\Foundation\Application->fireAppCallbacks(Array)
#22 D:\phpstudy\WWW\pyrocms\vendor\laravel\framework\src\Illuminate\Foundation\Bootstrap\BootProviders.php(17): Illuminate\Foundation\Application->boot()
#23 D:\phpstudy\WWW\pyrocms\vendor\laravel\framework\src\Illuminate\Foundation\Application.php(203): Illuminate\Foundation\Bootstrap\BootProviders->bootstrap(Object(Illuminate\Foundation\Application))
#24 D:\phpstudy\WWW\pyrocms\vendor\laravel\framework\src\Illuminate\Foundation\Http\Kernel.php(254): Illuminate\Foundation\Application->bootstrapWith(Array)
#25 D:\phpstudy\WWW\pyrocms\vendor\laravel\framework\src\Illuminate\Foundation\Http\Kernel.php(145): Illuminate\Foundation\Http\Kernel->bootstrap()
#26 D:\phpstudy\WWW\pyrocms\vendor\laravel\framework\src\Illuminate\Foundation\Http\Kernel.php(117): Illuminate\Foundation\Http\Kernel->sendRequestThroughRouter(Object(Illuminate\Http\Request))
#27 D:\phpstudy\WWW\pyrocms\public\index.php(53): Illuminate\Foundation\Http\Kernel->handle(Object(Illuminate\Http\Request))
#28 {main} {"identification":{"id":"4be646e0-88a1-4268-96c3-970ba1b2bc7f"}} 
[2017-09-22 15:07:36] local.CRITICAL: Symfony\Component\Debug\Exception\FatalErrorException: Maximum execution time of 30 seconds exceeded in D:\phpstudy\WWW\pyrocms\core\anomaly\preferences-module\resources\config\permissions.php:6
Stack trace:
#0 {main} {"identification":{"id":"bc94a385-ecc7-4cce-94c1-25cababab918"}} 
