[2017-09-12 09:10:10] local.CRITICAL: Symfony\Component\Debug\Exception\FatalErrorException: Maximum execution time of 30 seconds exceeded in D:\phpstudy\WWW\pyrocms\core\anomaly\redirects-module\src\RedirectsModuleServiceProvider.php:17
Stack trace:
#0 {main} {"identification":{"id":"2b2d0fc7-ef7c-47dd-9fd9-f6d32455f4c1"}} 
[2017-09-12 09:10:11] local.CRITICAL: Symfony\Component\Debug\Exception\FatalErrorException: Maximum execution time of 30 seconds exceeded in D:\phpstudy\WWW\pyrocms\vendor\laravel\framework\src\Illuminate\Auth\AuthManager.php:9
Stack trace:
#0 {main} {"identification":{"id":"c65edd4e-9823-4628-bbaf-a33cec5db1c9"}} 
[2017-09-12 09:10:17] local.CRITICAL: Symfony\Component\Debug\Exception\FatalErrorException: Maximum execution time of 30 seconds exceeded in D:\phpstudy\WWW\pyrocms\vendor\doctrine\dbal\lib\Doctrine\DBAL\Driver\PDOStatement.php:35
Stack trace:
#0 {main} {"identification":{"id":"776832f0-c16d-4966-8748-99e4eacce9b3"}} 
[2017-09-12 11:24:18] local.CRITICAL: Symfony\Component\Debug\Exception\FatalErrorException: Maximum execution time of 30 seconds exceeded in D:\phpstudy\WWW\pyrocms\core\anomaly\users-module\src\User\Authenticator\AuthenticatorExtension.php:14
Stack trace:
#0 {main} {"identification":{"id":"9636e876-223a-4fce-8ea8-984d368f060f"}} 
[2017-09-12 14:14:03] local.CRITICAL: Symfony\Component\Debug\Exception\FatalErrorException: Maximum execution time of 30 seconds exceeded in D:\phpstudy\WWW\pyrocms\core\anomaly\relationship-field_type\src\RelationshipFieldType.php:22
Stack trace:
#0 {main} {"identification":{"id":"0ad2b708-c717-487c-a298-486b8c92906a"}} 
[2017-09-12 14:23:39] local.CRITICAL: Symfony\Component\Debug\Exception\FatalErrorException: Maximum execution time of 30 seconds exceeded in D:\phpstudy\WWW\pyrocms\addons\shared\fannan\members-module\factories\RepaymentFactory.php:3
Stack trace:
#0 {main} {"identification":{"id":"8eb9d38f-75dd-43cd-b1ed-757d9c3945bf"}} 
[2017-09-12 14:23:39] local.CRITICAL: Symfony\Component\Debug\Exception\FatalErrorException: Maximum execution time of 30 seconds exceeded in D:\phpstudy\WWW\pyrocms\addons\shared\fannan\members-module\factories\RepaymentFactory.php:3
Stack trace:
#0 {main} {"identification":{"id":"929938fa-1952-4f02-8e3c-f89da22e9307"}} 
[2017-09-12 16:52:01] local.CRITICAL: Symfony\Component\Debug\Exception\FatalErrorException: Maximum execution time of 30 seconds exceeded in D:\phpstudy\WWW\pyrocms\vendor\fzaninotto\faker\src\Faker\Provider\en_US\Address.php:5
Stack trace:
#0 {main} {"identification":{"id":"50541f85-83c1-4abd-98ac-827906253efb"}} 
[2017-09-12 17:34:38] local.ERROR: ErrorException: Trying to get property of non-object in D:\phpstudy\WWW\pyrocms\app\Http\Controllers\HomeController.php:1317
Stack trace:
#0 D:\phpstudy\WWW\pyrocms\app\Http\Controllers\HomeController.php(1317): Illuminate\Foundation\Bootstrap\HandleExceptions->handleError(8, 'Trying to get p...', 'D:\\phpstudy\\WWW...', 1317, Array)
#1 [internal function]: App\Http\Controllers\HomeController->hRegister(Object(Illuminate\Http\Request))
#2 D:\phpstudy\WWW\pyrocms\vendor\laravel\framework\src\Illuminate\Routing\Controller.php(55): call_user_func_array(Array, Array)
#3 D:\phpstudy\WWW\pyrocms\vendor\laravel\framework\src\Illuminate\Routing\ControllerDispatcher.php(44): Illuminate\Routing\Controller->callAction('hRegister', Array)
#4 D:\phpstudy\WWW\pyrocms\vendor\laravel\framework\src\Illuminate\Routing\Route.php(189): Illuminate\Routing\ControllerDispatcher->dispatch(Object(Illuminate\Routing\Route), Object(App\Http\Controllers\HomeController), 'hRegister')
#5 D:\phpstudy\WWW\pyrocms\vendor\laravel\framework\src\Illuminate\Routing\Route.php(144): Illuminate\Routing\Route->runController()
#6 D:\phpstudy\WWW\pyrocms\vendor\laravel\framework\src\Illuminate\Routing\Router.php(653): Illuminate\Routing\Route->run(Object(Illuminate\Http\Request))
#7 D:\phpstudy\WWW\pyrocms\vendor\laravel\framework\src\Illuminate\Routing\Pipeline.php(53): Illuminate\Routing\Router->Illuminate\Routing\{closure}(Object(Illuminate\Http\Request))
#8 D:\phpstudy\WWW\pyrocms\vendor\laravel\framework\src\Illuminate\Routing\Middleware\SubstituteBindings.php(41): Illuminate\Routing\Pipeline->Illuminate\Routing\{closure}(Object(Illuminate\Http\Request))
#9 D:\phpstudy\WWW\pyrocms\vendor\laravel\framework\src\Illuminate\Pipeline\Pipeline.php(137): Illuminate\Routing\Middleware\SubstituteBindings->handle(Object(Illuminate\Http\Request), Object(Closure))
#10 D:\phpstudy\WWW\pyrocms\vendor\laravel\framework\src\Illuminate\Routing\Pipeline.php(33): Illuminate\Pipeline\Pipeline->Illuminate\Pipeline\{closure}(Object(Illuminate\Http\Request))
#11 D:\phpstudy\WWW\pyrocms\vendor\laravel\framework\src\Illuminate\Foundation\Http\Middleware\VerifyCsrfToken.php(65): Illuminate\Routing\Pipeline->Illuminate\Routing\{closure}(Object(Illuminate\Http\Request))
#12 D:\phpstudy\WWW\pyrocms\vendor\laravel\framework\src\Illuminate\Pipeline\Pipeline.php(137): Illuminate\Foundation\Http\Middleware\VerifyCsrfToken->handle(Object(Illuminate\Http\Request), Object(Closure))
#13 D:\phpstudy\WWW\pyrocms\vendor\laravel\framework\src\Illuminate\Routing\Pipeline.php(33): Illuminate\Pipeline\Pipeline->Illuminate\Pipeline\{closure}(Object(Illuminate\Http\Request))
#14 D:\phpstudy\WWW\pyrocms\vendor\laravel\framework\src\Illuminate\View\Middleware\ShareErrorsFromSession.php(49): Illuminate\Routing\Pipeline->Illuminate\Routing\{closure}(Object(Illuminate\Http\Request))
#15 D:\phpstudy\WWW\pyrocms\vendor\laravel\framework\src\Illuminate\Pipeline\Pipeline.php(137): Illuminate\View\Middleware\ShareErrorsFromSession->handle(Object(Illuminate\Http\Request), Object(Closure))
#16 D:\phpstudy\WWW\pyrocms\vendor\laravel\framework\src\Illuminate\Routing\Pipeline.php(33): Illuminate\Pipeline\Pipeline->Illuminate\Pipeline\{closure}(Object(Illuminate\Http\Request))
#17 D:\phpstudy\WWW\pyrocms\vendor\laravel\framework\src\Illuminate\Session\Middleware\StartSession.php(64): Illuminate\Routing\Pipeline->Illuminate\Routing\{closure}(Object(Illuminate\Http\Request))
#18 D:\phpstudy\WWW\pyrocms\vendor\laravel\framework\src\Illuminate\Pipeline\Pipeline.php(137): Illuminate\Session\Middleware\StartSession->handle(Object(Illuminate\Http\Request), Object(Closure))
#19 D:\phpstudy\WWW\pyrocms\vendor\laravel\framework\src\Illuminate\Routing\Pipeline.php(33): Illuminate\Pipeline\Pipeline->Illuminate\Pipeline\{closure}(Object(Illuminate\Http\Request))
#20 D:\phpstudy\WWW\pyrocms\vendor\laravel\framework\src\Illuminate\Cookie\Middleware\AddQueuedCookiesToResponse.php(37): Illuminate\Routing\Pipeline->Illuminate\Routing\{closure}(Object(Illuminate\Http\Request))
#21 D:\phpstudy\WWW\pyrocms\vendor\laravel\framework\src\Illuminate\Pipeline\Pipeline.php(137): Illuminate\Cookie\Middleware\AddQueuedCookiesToResponse->handle(Object(Illuminate\Http\Request), Object(Closure))
#22 D:\phpstudy\WWW\pyrocms\vendor\laravel\framework\src\Illuminate\Routing\Pipeline.php(33): Illuminate\Pipeline\Pipeline->Illuminate\Pipeline\{closure}(Object(Illuminate\Http\Request))
#23 D:\phpstudy\WWW\pyrocms\vendor\laravel\framework\src\Illuminate\Cookie\Middleware\EncryptCookies.php(59): Illuminate\Routing\Pipeline->Illuminate\Routing\{closure}(Object(Illuminate\Http\Request))
#24 D:\phpstudy\WWW\pyrocms\vendor\laravel\framework\src\Illuminate\Pipeline\Pipeline.php(137): Illuminate\Cookie\Middleware\EncryptCookies->handle(Object(Illuminate\Http\Request), Object(Closure))
#25 D:\phpstudy\WWW\pyrocms\vendor\laravel\framework\src\Illuminate\Routing\Pipeline.php(33): Illuminate\Pipeline\Pipeline->Illuminate\Pipeline\{closure}(Object(Illuminate\Http\Request))
#26 D:\phpstudy\WWW\pyrocms\vendor\laravel\framework\src\Illuminate\Pipeline\Pipeline.php(104): Illuminate\Routing\Pipeline->Illuminate\Routing\{closure}(Object(Illuminate\Http\Request))
#27 D:\phpstudy\WWW\pyrocms\vendor\laravel\framework\src\Illuminate\Routing\Router.php(655): Illuminate\Pipeline\Pipeline->then(Object(Closure))
#28 D:\phpstudy\WWW\pyrocms\vendor\laravel\framework\src\Illuminate\Routing\Router.php(629): Illuminate\Routing\Router->runRouteWithinStack(Object(Illuminate\Routing\Route), Object(Illuminate\Http\Request))
#29 D:\phpstudy\WWW\pyrocms\vendor\laravel\framework\src\Illuminate\Routing\Router.php(607): Illuminate\Routing\Router->dispatchToRoute(Object(Illuminate\Http\Request))
#30 D:\phpstudy\WWW\pyrocms\vendor\laravel\framework\src\Illuminate\Foundation\Http\Kernel.php(268): Illuminate\Routing\Router->dispatch(Object(Illuminate\Http\Request))
#31 D:\phpstudy\WWW\pyrocms\vendor\laravel\framework\src\Illuminate\Routing\Pipeline.php(53): Illuminate\Foundation\Http\Kernel->Illuminate\Foundation\Http\{closure}(Object(Illuminate\Http\Request))
#32 D:\phpstudy\WWW\pyrocms\vendor\anomaly\streams-platform\src\Http\Middleware\SetLocale.php(88): Illuminate\Routing\Pipeline->Illuminate\Routing\{closure}(Object(Illuminate\Http\Request))
#33 D:\phpstudy\WWW\pyrocms\vendor\laravel\framework\src\Illuminate\Pipeline\Pipeline.php(137): Anomaly\Streams\Platform\Http\Middleware\SetLocale->handle(Object(Illuminate\Http\Request), Object(Closure))
#34 D:\phpstudy\WWW\pyrocms\vendor\laravel\framework\src\Illuminate\Routing\Pipeline.php(33): Illuminate\Pipeline\Pipeline->Illuminate\Pipeline\{closure}(Object(Illuminate\Http\Request))
#35 D:\phpstudy\WWW\pyrocms\vendor\laravel\framework\src\Illuminate\View\Middleware\ShareErrorsFromSession.php(49): Illuminate\Routing\Pipeline->Illuminate\Routing\{closure}(Object(Illuminate\Http\Request))
#36 D:\phpstudy\WWW\pyrocms\vendor\laravel\framework\src\Illuminate\Pipeline\Pipeline.php(137): Illuminate\View\Middleware\ShareErrorsFromSession->handle(Object(Illuminate\Http\Request), Object(Closure))
#37 D:\phpstudy\WWW\pyrocms\vendor\laravel\framework\src\Illuminate\Routing\Pipeline.php(33): Illuminate\Pipeline\Pipeline->Illuminate\Pipeline\{closure}(Object(Illuminate\Http\Request))
#38 D:\phpstudy\WWW\pyrocms\vendor\laravel\framework\src\Illuminate\Session\Middleware\StartSession.php(64): Illuminate\Routing\Pipeline->Illuminate\Routing\{closure}(Object(Illuminate\Http\Request))
#39 D:\phpstudy\WWW\pyrocms\vendor\laravel\framework\src\Illuminate\Pipeline\Pipeline.php(137): Illuminate\Session\Middleware\StartSession->handle(Object(Illuminate\Http\Request), Object(Closure))
#40 D:\phpstudy\WWW\pyrocms\vendor\laravel\framework\src\Illuminate\Routing\Pipeline.php(33): Illuminate\Pipeline\Pipeline->Illuminate\Pipeline\{closure}(Object(Illuminate\Http\Request))
#41 D:\phpstudy\WWW\pyrocms\vendor\laravel\framework\src\Illuminate\Cookie\Middleware\AddQueuedCookiesToResponse.php(37): Illuminate\Routing\Pipeline->Illuminate\Routing\{closure}(Object(Illuminate\Http\Request))
#42 D:\phpstudy\WWW\pyrocms\vendor\laravel\framework\src\Illuminate\Pipeline\Pipeline.php(137): Illuminate\Cookie\Middleware\AddQueuedCookiesToResponse->handle(Object(Illuminate\Http\Request), Object(Closure))
#43 D:\phpstudy\WWW\pyrocms\vendor\laravel\framework\src\Illuminate\Routing\Pipeline.php(33): Illuminate\Pipeline\Pipeline->Illuminate\Pipeline\{closure}(Object(Illuminate\Http\Request))
#44 D:\phpstudy\WWW\pyrocms\vendor\laravel\framework\src\Illuminate\Cookie\Middleware\EncryptCookies.php(59): Illuminate\Routing\Pipeline->Illuminate\Routing\{closure}(Object(Illuminate\Http\Request))
#45 D:\phpstudy\WWW\pyrocms\vendor\laravel\framework\src\Illuminate\Pipeline\Pipeline.php(137): Illuminate\Cookie\Middleware\EncryptCookies->handle(Object(Illuminate\Http\Request), Object(Closure))
#46 D:\phpstudy\WWW\pyrocms\vendor\laravel\framework\src\Illuminate\Routing\Pipeline.php(33): Illuminate\Pipeline\Pipeline->Illuminate\Pipeline\{closure}(Object(Illuminate\Http\Request))
#47 D:\phpstudy\WWW\pyrocms\vendor\dingo\api\src\Http\Middleware\Request.php(111): Illuminate\Routing\Pipeline->Illuminate\Routing\{closure}(Object(Illuminate\Http\Request))
#48 D:\phpstudy\WWW\pyrocms\vendor\laravel\framework\src\Illuminate\Pipeline\Pipeline.php(137): Dingo\Api\Http\Middleware\Request->handle(Object(Illuminate\Http\Request), Object(Closure))
#49 D:\phpstudy\WWW\pyrocms\vendor\laravel\framework\src\Illuminate\Routing\Pipeline.php(33): Illuminate\Pipeline\Pipeline->Illuminate\Pipeline\{closure}(Object(Illuminate\Http\Request))
#50 D:\phpstudy\WWW\pyrocms\vendor\laravel\framework\src\Illuminate\Pipeline\Pipeline.php(104): Illuminate\Routing\Pipeline->Illuminate\Routing\{closure}(Object(Illuminate\Http\Request))
#51 D:\phpstudy\WWW\pyrocms\vendor\laravel\framework\src\Illuminate\Foundation\Http\Kernel.php(150): Illuminate\Pipeline\Pipeline->then(Object(Closure))
#52 D:\phpstudy\WWW\pyrocms\vendor\laravel\framework\src\Illuminate\Foundation\Http\Kernel.php(117): Illuminate\Foundation\Http\Kernel->sendRequestThroughRouter(Object(Illuminate\Http\Request))
#53 D:\phpstudy\WWW\pyrocms\public\index.php(53): Illuminate\Foundation\Http\Kernel->handle(Object(Illuminate\Http\Request))
#54 {main} {"identification":{"id":"6b5de46f-65b6-4ded-ab37-292cf41f05e2"}} 
[2017-09-12 17:36:41] local.CRITICAL: Symfony\Component\Debug\Exception\FatalErrorException: Maximum execution time of 30 seconds exceeded in D:\phpstudy\WWW\pyrocms\vendor\fzaninotto\faker\src\Faker\Provider\Miscellaneous.php:5
Stack trace:
#0 {main} {"identification":{"id":"4a202010-b345-49aa-bb18-427aceea9a3e"}} 
