[2017-09-20 08:39:29] local.CRITICAL: Symfony\Component\Debug\Exception\FatalErrorException: Maximum execution time of 30 seconds exceeded in D:\phpstudy\WWW\pyrocms\core\anomaly\datetime-field_type\src\DatetimeFieldType.php:15
Stack trace:
#0 {main} {"identification":{"id":"4d5cc529-8bc7-4d36-992b-86ba37e8b10a"}} 
[2017-09-20 08:39:29] local.CRITICAL: Symfony\Component\Debug\Exception\FatalErrorException: Maximum execution time of 30 seconds exceeded in D:\phpstudy\WWW\pyrocms\core\anomaly\datetime-field_type\src\DatetimeFieldType.php:15
Stack trace:
#0 {main} {"identification":{"id":"6bdc7ef3-ce6e-41fa-9205-8ebbd89654c0"}} 
[2017-09-20 08:39:35] local.CRITICAL: Symfony\Component\Debug\Exception\FatalErrorException: Maximum execution time of 30 seconds exceeded in D:\phpstudy\WWW\pyrocms\vendor\fzaninotto\faker\src\Faker\Provider\en_US\Company.php:5
Stack trace:
#0 {main} {"identification":{"id":"ff51cb5f-549c-4ba8-aca0-778c9dbffe06"}} 
[2017-09-20 10:14:21] local.CRITICAL: Symfony\Component\Debug\Exception\FatalErrorException: Maximum execution time of 30 seconds exceeded in D:\phpstudy\WWW\pyrocms\vendor\laravel\framework\src\Illuminate\Filesystem\Filesystem.php:54
Stack trace:
#0 {main} {"identification":{"id":"98847aee-c73d-469a-a451-480b433723f5"}} 
[2017-09-20 10:32:52] local.ERROR: InvalidArgumentException: View [*] not found. in D:\phpstudy\WWW\pyrocms\vendor\laravel\framework\src\Illuminate\View\FileViewFinder.php:137
Stack trace:
#0 D:\phpstudy\WWW\pyrocms\vendor\laravel\framework\src\Illuminate\View\FileViewFinder.php(79): Illuminate\View\FileViewFinder->findInPaths('*', Array)
#1 D:\phpstudy\WWW\pyrocms\vendor\laravel\framework\src\Illuminate\View\Factory.php(174): Illuminate\View\FileViewFinder->find('*')
#2 D:\phpstudy\WWW\pyrocms\vendor\laravel\framework\src\Illuminate\Foundation\helpers.php(858): Illuminate\View\Factory->make('*', Array, Array)
#3 D:\phpstudy\WWW\pyrocms\vendor\anomaly\streams-platform\src\Addon\FieldType\FieldType.php(1241): view('*', Array)
#4 [internal function]: Anomaly\Streams\Platform\Addon\FieldType\FieldType->getInput()
#5 D:\phpstudy\WWW\pyrocms\vendor\anomaly\streams-platform\src\Support\Presenter.php(70): call_user_func_array(Array, Array)
#6 D:\phpstudy\WWW\pyrocms\vendor\anomaly\streams-platform\src\Addon\FieldType\FieldTypePresenter.php(94): Anomaly\Streams\Platform\Support\Presenter->__get('input')
#7 D:\phpstudy\WWW\pyrocms\vendor\robclancy\presenter\src\Presenter.php(100): Anomaly\Streams\Platform\Addon\FieldType\FieldTypePresenter->__get('input')
#8 D:\phpstudy\WWW\pyrocms\vendor\twig\twig\lib\Twig\Template.php(522): Robbo\Presenter\Presenter->offsetGet('input')
#9 D:\phpstudy\WWW\pyrocms\vendor\rcrowe\twigbridge\src\Twig\Template.php(129): Twig_Template->getAttribute(Object(Anomaly\TextFieldType\TextFieldTypePresenter), 'input', Array, 'any', false, false)
#10 D:\phpstudy\WWW\pyrocms\storage\framework\views\twig\2e\2e3b0ea545fc24148368f5b14ff279a8ee8984e11d4d4689eef70504881ccdc2.php(112): TwigBridge\Twig\Template->getAttribute(Object(Anomaly\TextFieldType\TextFieldTypePresenter), 'input', Array)
#11 D:\phpstudy\WWW\pyrocms\vendor\twig\twig\lib\Twig\Template.php(432): __TwigTemplate_78ccf36335c70b4c8be382d1012d3fafba1a57733cb86c1081fe884b46deeaf4->doDisplay(Array, Array)
#12 D:\phpstudy\WWW\pyrocms\vendor\twig\twig\lib\Twig\Template.php(403): Twig_Template->displayWithErrorHandling(Array, Array)
#13 D:\phpstudy\WWW\pyrocms\vendor\rcrowe\twigbridge\src\Twig\Template.php(41): Twig_Template->display(Array, Array)
#14 D:\phpstudy\WWW\pyrocms\vendor\twig\twig\lib\Twig\Template.php(411): TwigBridge\Twig\Template->display(Array)
#15 D:\phpstudy\WWW\pyrocms\vendor\rcrowe\twigbridge\src\Engine\Twig.php(91): Twig_Template->render(Array)
#16 D:\phpstudy\WWW\pyrocms\vendor\laravel\framework\src\Illuminate\View\View.php(149): TwigBridge\Engine\Twig->get('D:\\phpstudy\\WWW...', Array)
#17 D:\phpstudy\WWW\pyrocms\vendor\laravel\framework\src\Illuminate\View\View.php(120): Illuminate\View\View->getContents()
#18 D:\phpstudy\WWW\pyrocms\vendor\laravel\framework\src\Illuminate\View\View.php(85): Illuminate\View\View->renderContents()
#19 D:\phpstudy\WWW\pyrocms\vendor\anomaly\streams-platform\src\Addon\FieldType\FieldType.php(962): Illuminate\View\View->render()
#20 D:\phpstudy\WWW\pyrocms\vendor\twig\twig\lib\Twig\Template.php(677): Anomaly\Streams\Platform\Addon\FieldType\FieldType->render(Array)
#21 D:\phpstudy\WWW\pyrocms\vendor\rcrowe\twigbridge\src\Twig\Template.php(129): Twig_Template->getAttribute(Object(Anomaly\TextFieldType\TextFieldType), 'render', Array, 'method', false, false)
#22 D:\phpstudy\WWW\pyrocms\storage\framework\views\twig\d9\d91999a36bc459e45df6e0da6ce5d062457a57b30f03e9ed84f629f25693f547.php(33): TwigBridge\Twig\Template->getAttribute(Object(Anomaly\TextFieldType\TextFieldType), 'render', Array, 'method')
#23 D:\phpstudy\WWW\pyrocms\vendor\twig\twig\lib\Twig\Template.php(432): __TwigTemplate_7f0a6bc2af453452dd39770a962c1f4d265ee55e07c5045991cc1de48b543d7a->doDisplay(Array, Array)
#24 D:\phpstudy\WWW\pyrocms\vendor\twig\twig\lib\Twig\Template.php(403): Twig_Template->displayWithErrorHandling(Array, Array)
#25 D:\phpstudy\WWW\pyrocms\vendor\rcrowe\twigbridge\src\Twig\Template.php(41): Twig_Template->display(Array, Array)
#26 D:\phpstudy\WWW\pyrocms\storage\framework\views\twig\19\197365c5475418055fa5e777ca472df0dd9b4132be969201cdf9e14a44253c4e.php(30): TwigBridge\Twig\Template->display(Array)
#27 D:\phpstudy\WWW\pyrocms\vendor\twig\twig\lib\Twig\Template.php(432): __TwigTemplate_81bb85482432cf5c423fbe41b411764c884abf32f0fe3d672f25883425a95f3c->doDisplay(Array, Array)
#28 D:\phpstudy\WWW\pyrocms\vendor\twig\twig\lib\Twig\Template.php(403): Twig_Template->displayWithErrorHandling(Array, Array)
#29 D:\phpstudy\WWW\pyrocms\vendor\rcrowe\twigbridge\src\Twig\Template.php(41): Twig_Template->display(Array, Array)
#30 D:\phpstudy\WWW\pyrocms\storage\framework\views\twig\7d\7d67ce101a0c0317d89a4693d0b5d0d3e97a1ef17a4131c6dce216aea45a61ee.php(99): TwigBridge\Twig\Template->display(Array)
#31 D:\phpstudy\WWW\pyrocms\vendor\twig\twig\lib\Twig\Template.php(432): __TwigTemplate_673fbe2acb8ee0f487bbbe7658ebfd5846252898541652da58ccfcfc980cb1fa->doDisplay(Array, Array)
#32 D:\phpstudy\WWW\pyrocms\vendor\twig\twig\lib\Twig\Template.php(403): Twig_Template->displayWithErrorHandling(Array, Array)
#33 D:\phpstudy\WWW\pyrocms\vendor\rcrowe\twigbridge\src\Twig\Template.php(41): Twig_Template->display(Array, Array)
#34 D:\phpstudy\WWW\pyrocms\storage\framework\views\twig\9b\9bd9d6124de7869f392333639da88fa17cc46ccb39d786207ab377a348c249f1.php(55): TwigBridge\Twig\Template->display(Array)
#35 D:\phpstudy\WWW\pyrocms\vendor\twig\twig\lib\Twig\Template.php(215): __TwigTemplate_db8060d6b8b83aeeb3dbbd95b12937c1bfb832c9e5d9e1dc3e6b69596c055bb9->block_content(Array, Array)
#36 D:\phpstudy\WWW\pyrocms\storage\framework\views\twig\9b\9bd9d6124de7869f392333639da88fa17cc46ccb39d786207ab377a348c249f1.php(33): Twig_Template->displayBlock('content', Array, Array)
#37 D:\phpstudy\WWW\pyrocms\vendor\twig\twig\lib\Twig\Template.php(432): __TwigTemplate_db8060d6b8b83aeeb3dbbd95b12937c1bfb832c9e5d9e1dc3e6b69596c055bb9->doDisplay(Array, Array)
#38 D:\phpstudy\WWW\pyrocms\vendor\twig\twig\lib\Twig\Template.php(403): Twig_Template->displayWithErrorHandling(Array, Array)
#39 D:\phpstudy\WWW\pyrocms\vendor\rcrowe\twigbridge\src\Twig\Template.php(41): Twig_Template->display(Array, Array)
#40 D:\phpstudy\WWW\pyrocms\vendor\twig\twig\lib\Twig\Template.php(411): TwigBridge\Twig\Template->display(Array)
#41 D:\phpstudy\WWW\pyrocms\vendor\rcrowe\twigbridge\src\Engine\Twig.php(91): Twig_Template->render(Array)
#42 D:\phpstudy\WWW\pyrocms\vendor\laravel\framework\src\Illuminate\View\View.php(149): TwigBridge\Engine\Twig->get('D:\\phpstudy\\WWW...', Array)
#43 D:\phpstudy\WWW\pyrocms\vendor\laravel\framework\src\Illuminate\View\View.php(120): Illuminate\View\View->getContents()
#44 D:\phpstudy\WWW\pyrocms\vendor\laravel\framework\src\Illuminate\View\View.php(85): Illuminate\View\View->renderContents()
#45 D:\phpstudy\WWW\pyrocms\vendor\laravel\framework\src\Illuminate\View\View.php(163): Illuminate\View\View->render()
#46 D:\phpstudy\WWW\pyrocms\vendor\laravel\framework\src\Illuminate\View\View.php(149): Illuminate\View\View->gatherData()
#47 D:\phpstudy\WWW\pyrocms\vendor\laravel\framework\src\Illuminate\View\View.php(120): Illuminate\View\View->getContents()
#48 D:\phpstudy\WWW\pyrocms\vendor\laravel\framework\src\Illuminate\View\View.php(85): Illuminate\View\View->renderContents()
#49 D:\phpstudy\WWW\pyrocms\vendor\laravel\framework\src\Illuminate\Http\Response.php(45): Illuminate\View\View->render()
#50 D:\phpstudy\WWW\pyrocms\vendor\symfony\http-foundation\Response.php(201): Illuminate\Http\Response->setContent(Object(Illuminate\View\View))
#51 D:\phpstudy\WWW\pyrocms\vendor\laravel\framework\src\Illuminate\Routing\ResponseFactory.php(55): Symfony\Component\HttpFoundation\Response->__construct(Object(Illuminate\View\View), 200, Array)
#52 D:\phpstudy\WWW\pyrocms\vendor\laravel\framework\src\Illuminate\Routing\ResponseFactory.php(69): Illuminate\Routing\ResponseFactory->make(Object(Illuminate\View\View), 200, Array)
#53 D:\phpstudy\WWW\pyrocms\vendor\anomaly\streams-platform\src\Ui\Form\Command\SetFormResponse.php(46): Illuminate\Routing\ResponseFactory->view('streams::blank', Array)
#54 [internal function]: Anomaly\Streams\Platform\Ui\Form\Command\SetFormResponse->handle(Object(Illuminate\Routing\ResponseFactory))
#55 D:\phpstudy\WWW\pyrocms\vendor\laravel\framework\src\Illuminate\Container\Container.php(508): call_user_func_array(Array, Array)
#56 D:\phpstudy\WWW\pyrocms\vendor\laravel\framework\src\Illuminate\Bus\Dispatcher.php(94): Illuminate\Container\Container->call(Array)
#57 D:\phpstudy\WWW\pyrocms\vendor\laravel\framework\src\Illuminate\Pipeline\Pipeline.php(151): Illuminate\Bus\Dispatcher->Illuminate\Bus\{closure}(Object(Anomaly\Streams\Platform\Ui\Form\Command\SetFormResponse))
#58 D:\phpstudy\WWW\pyrocms\vendor\laravel\framework\src\Illuminate\Pipeline\Pipeline.php(104): Illuminate\Pipeline\Pipeline->Illuminate\Pipeline\{closure}(Object(Anomaly\Streams\Platform\Ui\Form\Command\SetFormResponse))
#59 D:\phpstudy\WWW\pyrocms\vendor\laravel\framework\src\Illuminate\Bus\Dispatcher.php(98): Illuminate\Pipeline\Pipeline->then(Object(Closure))
#60 D:\phpstudy\WWW\pyrocms\vendor\laravel\framework\src\Illuminate\Bus\Dispatcher.php(75): Illuminate\Bus\Dispatcher->dispatchNow(Object(Anomaly\Streams\Platform\Ui\Form\Command\SetFormResponse))
#61 D:\phpstudy\WWW\pyrocms\vendor\laravel\framework\src\Illuminate\Foundation\Bus\DispatchesJobs.php(17): Illuminate\Bus\Dispatcher->dispatch(Object(Anomaly\Streams\Platform\Ui\Form\Command\SetFormResponse))
#62 D:\phpstudy\WWW\pyrocms\vendor\anomaly\streams-platform\src\Ui\Form\FormBuilder.php(290): Anomaly\Streams\Platform\Ui\Form\FormBuilder->dispatch(Object(Anomaly\Streams\Platform\Ui\Form\Command\SetFormResponse))
#63 D:\phpstudy\WWW\pyrocms\addons\shared\fannan\members-module\src\Http\Controller\Admin\MembersController.php(43): Anomaly\Streams\Platform\Ui\Form\FormBuilder->render('1')
#64 [internal function]: Fannan\MembersModule\Http\Controller\Admin\MembersController->edit(Object(Fannan\MembersModule\Member\Form\MemberFormBuilder), '1', Object(Illuminate\Http\Request))
#65 D:\phpstudy\WWW\pyrocms\vendor\laravel\framework\src\Illuminate\Routing\Controller.php(55): call_user_func_array(Array, Array)
#66 D:\phpstudy\WWW\pyrocms\vendor\laravel\framework\src\Illuminate\Routing\ControllerDispatcher.php(44): Illuminate\Routing\Controller->callAction('edit', Array)
#67 D:\phpstudy\WWW\pyrocms\vendor\laravel\framework\src\Illuminate\Routing\Route.php(189): Illuminate\Routing\ControllerDispatcher->dispatch(Object(Illuminate\Routing\Route), Object(Fannan\MembersModule\Http\Controller\Admin\MembersController), 'edit')
#68 D:\phpstudy\WWW\pyrocms\vendor\laravel\framework\src\Illuminate\Routing\Route.php(144): Illuminate\Routing\Route->runController()
#69 D:\phpstudy\WWW\pyrocms\vendor\laravel\framework\src\Illuminate\Routing\Router.php(653): Illuminate\Routing\Route->run(Object(Illuminate\Http\Request))
#70 D:\phpstudy\WWW\pyrocms\vendor\laravel\framework\src\Illuminate\Routing\Pipeline.php(53): Illuminate\Routing\Router->Illuminate\Routing\{closure}(Object(Illuminate\Http\Request))
#71 D:\phpstudy\WWW\pyrocms\vendor\anomaly\streams-platform\src\Http\Middleware\ApplicationReady.php(49): Illuminate\Routing\Pipeline->Illuminate\Routing\{closure}(Object(Illuminate\Http\Request))
#72 D:\phpstudy\WWW\pyrocms\vendor\laravel\framework\src\Illuminate\Pipeline\Pipeline.php(137): Anomaly\Streams\Platform\Http\Middleware\ApplicationReady->handle(Object(Illuminate\Http\Request), Object(Closure))
#73 D:\phpstudy\WWW\pyrocms\vendor\laravel\framework\src\Illuminate\Routing\Pipeline.php(33): Illuminate\Pipeline\Pipeline->Illuminate\Pipeline\{closure}(Object(Illuminate\Http\Request))
#74 D:\phpstudy\WWW\pyrocms\vendor\anomaly\streams-platform\src\Http\Middleware\SetLocale.php(88): Illuminate\Routing\Pipeline->Illuminate\Routing\{closure}(Object(Illuminate\Http\Request))
#75 D:\phpstudy\WWW\pyrocms\vendor\laravel\framework\src\Illuminate\Pipeline\Pipeline.php(137): Anomaly\Streams\Platform\Http\Middleware\SetLocale->handle(Object(Illuminate\Http\Request), Object(Closure))
#76 D:\phpstudy\WWW\pyrocms\vendor\laravel\framework\src\Illuminate\Routing\Pipeline.php(33): Illuminate\Pipeline\Pipeline->Illuminate\Pipeline\{closure}(Object(Illuminate\Http\Request))
#77 D:\phpstudy\WWW\pyrocms\vendor\anomaly\streams-platform\src\Http\Middleware\PoweredBy.php(38): Illuminate\Routing\Pipeline->Illuminate\Routing\{closure}(Object(Illuminate\Http\Request))
#78 D:\phpstudy\WWW\pyrocms\vendor\laravel\framework\src\Illuminate\Pipeline\Pipeline.php(137): Anomaly\Streams\Platform\Http\Middleware\PoweredBy->handle(Object(Illuminate\Http\Request), Object(Closure))
#79 D:\phpstudy\WWW\pyrocms\vendor\laravel\framework\src\Illuminate\Routing\Pipeline.php(33): Illuminate\Pipeline\Pipeline->Illuminate\Pipeline\{closure}(Object(Illuminate\Http\Request))
#80 D:\phpstudy\WWW\pyrocms\vendor\anomaly\streams-platform\src\Http\Middleware\VerifyCsrfToken.php(106): Illuminate\Routing\Pipeline->Illuminate\Routing\{closure}(Object(Illuminate\Http\Request))
#81 D:\phpstudy\WWW\pyrocms\vendor\laravel\framework\src\Illuminate\Pipeline\Pipeline.php(137): Anomaly\Streams\Platform\Http\Middleware\VerifyCsrfToken->handle(Object(Illuminate\Http\Request), Object(Closure))
#82 D:\phpstudy\WWW\pyrocms\vendor\laravel\framework\src\Illuminate\Routing\Pipeline.php(33): Illuminate\Pipeline\Pipeline->Illuminate\Pipeline\{closure}(Object(Illuminate\Http\Request))
#83 D:\phpstudy\WWW\pyrocms\core\anomaly\users-module\src\Http\Middleware\AuthorizeRoutePermission.php(107): Illuminate\Routing\Pipeline->Illuminate\Routing\{closure}(Object(Illuminate\Http\Request))
#84 D:\phpstudy\WWW\pyrocms\vendor\laravel\framework\src\Illuminate\Pipeline\Pipeline.php(137): Anomaly\UsersModule\Http\Middleware\AuthorizeRoutePermission->handle(Object(Illuminate\Http\Request), Object(Closure))
#85 D:\phpstudy\WWW\pyrocms\vendor\laravel\framework\src\Illuminate\Routing\Pipeline.php(33): Illuminate\Pipeline\Pipeline->Illuminate\Pipeline\{closure}(Object(Illuminate\Http\Request))
#86 D:\phpstudy\WWW\pyrocms\core\anomaly\users-module\src\Http\Middleware\AuthorizeControlPanel.php(51): Illuminate\Routing\Pipeline->Illuminate\Routing\{closure}(Object(Illuminate\Http\Request))
#87 D:\phpstudy\WWW\pyrocms\vendor\laravel\framework\src\Illuminate\Pipeline\Pipeline.php(137): Anomaly\UsersModule\Http\Middleware\AuthorizeControlPanel->handle(Object(Illuminate\Http\Request), Object(Closure))
#88 D:\phpstudy\WWW\pyrocms\vendor\laravel\framework\src\Illuminate\Routing\Pipeline.php(33): Illuminate\Pipeline\Pipeline->Illuminate\Pipeline\{closure}(Object(Illuminate\Http\Request))
#89 D:\phpstudy\WWW\pyrocms\core\anomaly\users-module\src\Http\Middleware\AuthorizeModuleAccess.php(63): Illuminate\Routing\Pipeline->Illuminate\Routing\{closure}(Object(Illuminate\Http\Request))
#90 D:\phpstudy\WWW\pyrocms\vendor\laravel\framework\src\Illuminate\Pipeline\Pipeline.php(137): Anomaly\UsersModule\Http\Middleware\AuthorizeModuleAccess->handle(Object(Illuminate\Http\Request), Object(Closure))
#91 D:\phpstudy\WWW\pyrocms\vendor\laravel\framework\src\Illuminate\Routing\Pipeline.php(33): Illuminate\Pipeline\Pipeline->Illuminate\Pipeline\{closure}(Object(Illuminate\Http\Request))
#92 D:\phpstudy\WWW\pyrocms\core\anomaly\users-module\src\Http\Middleware\AuthorizeRouteRoles.php(106): Illuminate\Routing\Pipeline->Illuminate\Routing\{closure}(Object(Illuminate\Http\Request))
#93 D:\phpstudy\WWW\pyrocms\vendor\laravel\framework\src\Illuminate\Pipeline\Pipeline.php(137): Anomaly\UsersModule\Http\Middleware\AuthorizeRouteRoles->handle(Object(Illuminate\Http\Request), Object(Closure))
#94 D:\phpstudy\WWW\pyrocms\vendor\laravel\framework\src\Illuminate\Routing\Pipeline.php(33): Illuminate\Pipeline\Pipeline->Illuminate\Pipeline\{closure}(Object(Illuminate\Http\Request))
#95 D:\phpstudy\WWW\pyrocms\core\anomaly\users-module\src\Http\Middleware\CheckSecurity.php(86): Illuminate\Routing\Pipeline->Illuminate\Routing\{closure}(Object(Illuminate\Http\Request))
#96 D:\phpstudy\WWW\pyrocms\vendor\laravel\framework\src\Illuminate\Pipeline\Pipeline.php(137): Anomaly\UsersModule\Http\Middleware\CheckSecurity->handle(Object(Illuminate\Http\Request), Object(Closure))
#97 D:\phpstudy\WWW\pyrocms\vendor\laravel\framework\src\Illuminate\Routing\Pipeline.php(33): Illuminate\Pipeline\Pipeline->Illuminate\Pipeline\{closure}(Object(Illuminate\Http\Request))
#98 D:\phpstudy\WWW\pyrocms\vendor\laravel\framework\src\Illuminate\Auth\Middleware\Authenticate.php(43): Illuminate\Routing\Pipeline->Illuminate\Routing\{closure}(Object(Illuminate\Http\Request))
#99 D:\phpstudy\WWW\pyrocms\vendor\laravel\framework\src\Illuminate\Pipeline\Pipeline.php(137): Illuminate\Auth\Middleware\Authenticate->handle(Object(Illuminate\Http\Request), Object(Closure))
#100 D:\phpstudy\WWW\pyrocms\vendor\laravel\framework\src\Illuminate\Routing\Pipeline.php(33): Illuminate\Pipeline\Pipeline->Illuminate\Pipeline\{closure}(Object(Illuminate\Http\Request))
#101 D:\phpstudy\WWW\pyrocms\vendor\laravel\framework\src\Illuminate\Pipeline\Pipeline.php(104): Illuminate\Routing\Pipeline->Illuminate\Routing\{closure}(Object(Illuminate\Http\Request))
#102 D:\phpstudy\WWW\pyrocms\vendor\laravel\framework\src\Illuminate\Routing\Router.php(655): Illuminate\Pipeline\Pipeline->then(Object(Closure))
#103 D:\phpstudy\WWW\pyrocms\vendor\laravel\framework\src\Illuminate\Routing\Router.php(629): Illuminate\Routing\Router->runRouteWithinStack(Object(Illuminate\Routing\Route), Object(Illuminate\Http\Request))
#104 D:\phpstudy\WWW\pyrocms\vendor\laravel\framework\src\Illuminate\Routing\Router.php(607): Illuminate\Routing\Router->dispatchToRoute(Object(Illuminate\Http\Request))
#105 D:\phpstudy\WWW\pyrocms\vendor\laravel\framework\src\Illuminate\Foundation\Http\Kernel.php(268): Illuminate\Routing\Router->dispatch(Object(Illuminate\Http\Request))
#106 D:\phpstudy\WWW\pyrocms\vendor\laravel\framework\src\Illuminate\Routing\Pipeline.php(53): Illuminate\Foundation\Http\Kernel->Illuminate\Foundation\Http\{closure}(Object(Illuminate\Http\Request))
#107 D:\phpstudy\WWW\pyrocms\vendor\anomaly\streams-platform\src\Http\Middleware\SetLocale.php(88): Illuminate\Routing\Pipeline->Illuminate\Routing\{closure}(Object(Illuminate\Http\Request))
#108 D:\phpstudy\WWW\pyrocms\vendor\laravel\framework\src\Illuminate\Pipeline\Pipeline.php(137): Anomaly\Streams\Platform\Http\Middleware\SetLocale->handle(Object(Illuminate\Http\Request), Object(Closure))
#109 D:\phpstudy\WWW\pyrocms\vendor\laravel\framework\src\Illuminate\Routing\Pipeline.php(33): Illuminate\Pipeline\Pipeline->Illuminate\Pipeline\{closure}(Object(Illuminate\Http\Request))
#110 D:\phpstudy\WWW\pyrocms\vendor\laravel\framework\src\Illuminate\View\Middleware\ShareErrorsFromSession.php(49): Illuminate\Routing\Pipeline->Illuminate\Routing\{closure}(Object(Illuminate\Http\Request))
#111 D:\phpstudy\WWW\pyrocms\vendor\laravel\framework\src\Illuminate\Pipeline\Pipeline.php(137): Illuminate\View\Middleware\ShareErrorsFromSession->handle(Object(Illuminate\Http\Request), Object(Closure))
#112 D:\phpstudy\WWW\pyrocms\vendor\laravel\framework\src\Illuminate\Routing\Pipeline.php(33): Illuminate\Pipeline\Pipeline->Illuminate\Pipeline\{closure}(Object(Illuminate\Http\Request))
#113 D:\phpstudy\WWW\pyrocms\vendor\laravel\framework\src\Illuminate\Session\Middleware\StartSession.php(64): Illuminate\Routing\Pipeline->Illuminate\Routing\{closure}(Object(Illuminate\Http\Request))
#114 D:\phpstudy\WWW\pyrocms\vendor\laravel\framework\src\Illuminate\Pipeline\Pipeline.php(137): Illuminate\Session\Middleware\StartSession->handle(Object(Illuminate\Http\Request), Object(Closure))
#115 D:\phpstudy\WWW\pyrocms\vendor\laravel\framework\src\Illuminate\Routing\Pipeline.php(33): Illuminate\Pipeline\Pipeline->Illuminate\Pipeline\{closure}(Object(Illuminate\Http\Request))
#116 D:\phpstudy\WWW\pyrocms\vendor\laravel\framework\src\Illuminate\Cookie\Middleware\AddQueuedCookiesToResponse.php(37): Illuminate\Routing\Pipeline->Illuminate\Routing\{closure}(Object(Illuminate\Http\Request))
#117 D:\phpstudy\WWW\pyrocms\vendor\laravel\framework\src\Illuminate\Pipeline\Pipeline.php(137): Illuminate\Cookie\Middleware\AddQueuedCookiesToResponse->handle(Object(Illuminate\Http\Request), Object(Closure))
#118 D:\phpstudy\WWW\pyrocms\vendor\laravel\framework\src\Illuminate\Routing\Pipeline.php(33): Illuminate\Pipeline\Pipeline->Illuminate\Pipeline\{closure}(Object(Illuminate\Http\Request))
#119 D:\phpstudy\WWW\pyrocms\vendor\laravel\framework\src\Illuminate\Cookie\Middleware\EncryptCookies.php(59): Illuminate\Routing\Pipeline->Illuminate\Routing\{closure}(Object(Illuminate\Http\Request))
#120 D:\phpstudy\WWW\pyrocms\vendor\laravel\framework\src\Illuminate\Pipeline\Pipeline.php(137): Illuminate\Cookie\Middleware\EncryptCookies->handle(Object(Illuminate\Http\Request), Object(Closure))
#121 D:\phpstudy\WWW\pyrocms\vendor\laravel\framework\src\Illuminate\Routing\Pipeline.php(33): Illuminate\Pipeline\Pipeline->Illuminate\Pipeline\{closure}(Object(Illuminate\Http\Request))
#122 D:\phpstudy\WWW\pyrocms\vendor\dingo\api\src\Http\Middleware\Request.php(111): Illuminate\Routing\Pipeline->Illuminate\Routing\{closure}(Object(Illuminate\Http\Request))
#123 D:\phpstudy\WWW\pyrocms\vendor\laravel\framework\src\Illuminate\Pipeline\Pipeline.php(137): Dingo\Api\Http\Middleware\Request->handle(Object(Illuminate\Http\Request), Object(Closure))
#124 D:\phpstudy\WWW\pyrocms\vendor\laravel\framework\src\Illuminate\Routing\Pipeline.php(33): Illuminate\Pipeline\Pipeline->Illuminate\Pipeline\{closure}(Object(Illuminate\Http\Request))
#125 D:\phpstudy\WWW\pyrocms\vendor\laravel\framework\src\Illuminate\Pipeline\Pipeline.php(104): Illuminate\Routing\Pipeline->Illuminate\Routing\{closure}(Object(Illuminate\Http\Request))
#126 D:\phpstudy\WWW\pyrocms\vendor\laravel\framework\src\Illuminate\Foundation\Http\Kernel.php(150): Illuminate\Pipeline\Pipeline->then(Object(Closure))
#127 D:\phpstudy\WWW\pyrocms\vendor\laravel\framework\src\Illuminate\Foundation\Http\Kernel.php(117): Illuminate\Foundation\Http\Kernel->sendRequestThroughRouter(Object(Illuminate\Http\Request))
#128 D:\phpstudy\WWW\pyrocms\public\index.php(53): Illuminate\Foundation\Http\Kernel->handle(Object(Illuminate\Http\Request))
#129 {main}

Next Twig_Error_Runtime: An exception has been thrown during the rendering of a template ("View [*] not found.") in "D:\phpstudy\WWW\pyrocms\vendor\anomaly\streams-platform\src\View\Command/../../../resources/views/form/partials/wrapper.twig" at line 39. in D:\phpstudy\WWW\pyrocms\vendor\twig\twig\lib\Twig\Template.php:447
Stack trace:
#0 D:\phpstudy\WWW\pyrocms\vendor\twig\twig\lib\Twig\Template.php(403): Twig_Template->displayWithErrorHandling(Array, Array)
#1 D:\phpstudy\WWW\pyrocms\vendor\rcrowe\twigbridge\src\Twig\Template.php(41): Twig_Template->display(Array, Array)
#2 D:\phpstudy\WWW\pyrocms\vendor\twig\twig\lib\Twig\Template.php(411): TwigBridge\Twig\Template->display(Array)
#3 D:\phpstudy\WWW\pyrocms\vendor\rcrowe\twigbridge\src\Engine\Twig.php(91): Twig_Template->render(Array)
#4 D:\phpstudy\WWW\pyrocms\vendor\laravel\framework\src\Illuminate\View\View.php(149): TwigBridge\Engine\Twig->get('D:\\phpstudy\\WWW...', Array)
#5 D:\phpstudy\WWW\pyrocms\vendor\laravel\framework\src\Illuminate\View\View.php(120): Illuminate\View\View->getContents()
#6 D:\phpstudy\WWW\pyrocms\vendor\laravel\framework\src\Illuminate\View\View.php(85): Illuminate\View\View->renderContents()
#7 D:\phpstudy\WWW\pyrocms\vendor\anomaly\streams-platform\src\Addon\FieldType\FieldType.php(962): Illuminate\View\View->render()
#8 D:\phpstudy\WWW\pyrocms\vendor\twig\twig\lib\Twig\Template.php(677): Anomaly\Streams\Platform\Addon\FieldType\FieldType->render(Array)
#9 D:\phpstudy\WWW\pyrocms\vendor\rcrowe\twigbridge\src\Twig\Template.php(129): Twig_Template->getAttribute(Object(Anomaly\TextFieldType\TextFieldType), 'render', Array, 'method', false, false)
#10 D:\phpstudy\WWW\pyrocms\storage\framework\views\twig\d9\d91999a36bc459e45df6e0da6ce5d062457a57b30f03e9ed84f629f25693f547.php(33): TwigBridge\Twig\Template->getAttribute(Object(Anomaly\TextFieldType\TextFieldType), 'render', Array, 'method')
#11 D:\phpstudy\WWW\pyrocms\vendor\twig\twig\lib\Twig\Template.php(432): __TwigTemplate_7f0a6bc2af453452dd39770a962c1f4d265ee55e07c5045991cc1de48b543d7a->doDisplay(Array, Array)
#12 D:\phpstudy\WWW\pyrocms\vendor\twig\twig\lib\Twig\Template.php(403): Twig_Template->displayWithErrorHandling(Array, Array)
#13 D:\phpstudy\WWW\pyrocms\vendor\rcrowe\twigbridge\src\Twig\Template.php(41): Twig_Template->display(Array, Array)
#14 D:\phpstudy\WWW\pyrocms\storage\framework\views\twig\19\197365c5475418055fa5e777ca472df0dd9b4132be969201cdf9e14a44253c4e.php(30): TwigBridge\Twig\Template->display(Array)
#15 D:\phpstudy\WWW\pyrocms\vendor\twig\twig\lib\Twig\Template.php(432): __TwigTemplate_81bb85482432cf5c423fbe41b411764c884abf32f0fe3d672f25883425a95f3c->doDisplay(Array, Array)
#16 D:\phpstudy\WWW\pyrocms\vendor\twig\twig\lib\Twig\Template.php(403): Twig_Template->displayWithErrorHandling(Array, Array)
#17 D:\phpstudy\WWW\pyrocms\vendor\rcrowe\twigbridge\src\Twig\Template.php(41): Twig_Template->display(Array, Array)
#18 D:\phpstudy\WWW\pyrocms\storage\framework\views\twig\7d\7d67ce101a0c0317d89a4693d0b5d0d3e97a1ef17a4131c6dce216aea45a61ee.php(99): TwigBridge\Twig\Template->display(Array)
#19 D:\phpstudy\WWW\pyrocms\vendor\twig\twig\lib\Twig\Template.php(432): __TwigTemplate_673fbe2acb8ee0f487bbbe7658ebfd5846252898541652da58ccfcfc980cb1fa->doDisplay(Array, Array)
#20 D:\phpstudy\WWW\pyrocms\vendor\twig\twig\lib\Twig\Template.php(403): Twig_Template->displayWithErrorHandling(Array, Array)
#21 D:\phpstudy\WWW\pyrocms\vendor\rcrowe\twigbridge\src\Twig\Template.php(41): Twig_Template->display(Array, Array)
#22 D:\phpstudy\WWW\pyrocms\storage\framework\views\twig\9b\9bd9d6124de7869f392333639da88fa17cc46ccb39d786207ab377a348c249f1.php(55): TwigBridge\Twig\Template->display(Array)
#23 D:\phpstudy\WWW\pyrocms\vendor\twig\twig\lib\Twig\Template.php(215): __TwigTemplate_db8060d6b8b83aeeb3dbbd95b12937c1bfb832c9e5d9e1dc3e6b69596c055bb9->block_content(Array, Array)
#24 D:\phpstudy\WWW\pyrocms\storage\framework\views\twig\9b\9bd9d6124de7869f392333639da88fa17cc46ccb39d786207ab377a348c249f1.php(33): Twig_Template->displayBlock('content', Array, Array)
#25 D:\phpstudy\WWW\pyrocms\vendor\twig\twig\lib\Twig\Template.php(432): __TwigTemplate_db8060d6b8b83aeeb3dbbd95b12937c1bfb832c9e5d9e1dc3e6b69596c055bb9->doDisplay(Array, Array)
#26 D:\phpstudy\WWW\pyrocms\vendor\twig\twig\lib\Twig\Template.php(403): Twig_Template->displayWithErrorHandling(Array, Array)
#27 D:\phpstudy\WWW\pyrocms\vendor\rcrowe\twigbridge\src\Twig\Template.php(41): Twig_Template->display(Array, Array)
#28 D:\phpstudy\WWW\pyrocms\vendor\twig\twig\lib\Twig\Template.php(411): TwigBridge\Twig\Template->display(Array)
#29 D:\phpstudy\WWW\pyrocms\vendor\rcrowe\twigbridge\src\Engine\Twig.php(91): Twig_Template->render(Array)
#30 D:\phpstudy\WWW\pyrocms\vendor\laravel\framework\src\Illuminate\View\View.php(149): TwigBridge\Engine\Twig->get('D:\\phpstudy\\WWW...', Array)
#31 D:\phpstudy\WWW\pyrocms\vendor\laravel\framework\src\Illuminate\View\View.php(120): Illuminate\View\View->getContents()
#32 D:\phpstudy\WWW\pyrocms\vendor\laravel\framework\src\Illuminate\View\View.php(85): Illuminate\View\View->renderContents()
#33 D:\phpstudy\WWW\pyrocms\vendor\laravel\framework\src\Illuminate\View\View.php(163): Illuminate\View\View->render()
#34 D:\phpstudy\WWW\pyrocms\vendor\laravel\framework\src\Illuminate\View\View.php(149): Illuminate\View\View->gatherData()
#35 D:\phpstudy\WWW\pyrocms\vendor\laravel\framework\src\Illuminate\View\View.php(120): Illuminate\View\View->getContents()
#36 D:\phpstudy\WWW\pyrocms\vendor\laravel\framework\src\Illuminate\View\View.php(85): Illuminate\View\View->renderContents()
#37 D:\phpstudy\WWW\pyrocms\vendor\laravel\framework\src\Illuminate\Http\Response.php(45): Illuminate\View\View->render()
#38 D:\phpstudy\WWW\pyrocms\vendor\symfony\http-foundation\Response.php(201): Illuminate\Http\Response->setContent(Object(Illuminate\View\View))
#39 D:\phpstudy\WWW\pyrocms\vendor\laravel\framework\src\Illuminate\Routing\ResponseFactory.php(55): Symfony\Component\HttpFoundation\Response->__construct(Object(Illuminate\View\View), 200, Array)
#40 D:\phpstudy\WWW\pyrocms\vendor\laravel\framework\src\Illuminate\Routing\ResponseFactory.php(69): Illuminate\Routing\ResponseFactory->make(Object(Illuminate\View\View), 200, Array)
#41 D:\phpstudy\WWW\pyrocms\vendor\anomaly\streams-platform\src\Ui\Form\Command\SetFormResponse.php(46): Illuminate\Routing\ResponseFactory->view('streams::blank', Array)
#42 [internal function]: Anomaly\Streams\Platform\Ui\Form\Command\SetFormResponse->handle(Object(Illuminate\Routing\ResponseFactory))
#43 D:\phpstudy\WWW\pyrocms\vendor\laravel\framework\src\Illuminate\Container\Container.php(508): call_user_func_array(Array, Array)
#44 D:\phpstudy\WWW\pyrocms\vendor\laravel\framework\src\Illuminate\Bus\Dispatcher.php(94): Illuminate\Container\Container->call(Array)
#45 D:\phpstudy\WWW\pyrocms\vendor\laravel\framework\src\Illuminate\Pipeline\Pipeline.php(151): Illuminate\Bus\Dispatcher->Illuminate\Bus\{closure}(Object(Anomaly\Streams\Platform\Ui\Form\Command\SetFormResponse))
#46 D:\phpstudy\WWW\pyrocms\vendor\laravel\framework\src\Illuminate\Pipeline\Pipeline.php(104): Illuminate\Pipeline\Pipeline->Illuminate\Pipeline\{closure}(Object(Anomaly\Streams\Platform\Ui\Form\Command\SetFormResponse))
#47 D:\phpstudy\WWW\pyrocms\vendor\laravel\framework\src\Illuminate\Bus\Dispatcher.php(98): Illuminate\Pipeline\Pipeline->then(Object(Closure))
#48 D:\phpstudy\WWW\pyrocms\vendor\laravel\framework\src\Illuminate\Bus\Dispatcher.php(75): Illuminate\Bus\Dispatcher->dispatchNow(Object(Anomaly\Streams\Platform\Ui\Form\Command\SetFormResponse))
#49 D:\phpstudy\WWW\pyrocms\vendor\laravel\framework\src\Illuminate\Foundation\Bus\DispatchesJobs.php(17): Illuminate\Bus\Dispatcher->dispatch(Object(Anomaly\Streams\Platform\Ui\Form\Command\SetFormResponse))
#50 D:\phpstudy\WWW\pyrocms\vendor\anomaly\streams-platform\src\Ui\Form\FormBuilder.php(290): Anomaly\Streams\Platform\Ui\Form\FormBuilder->dispatch(Object(Anomaly\Streams\Platform\Ui\Form\Command\SetFormResponse))
#51 D:\phpstudy\WWW\pyrocms\addons\shared\fannan\members-module\src\Http\Controller\Admin\MembersController.php(43): Anomaly\Streams\Platform\Ui\Form\FormBuilder->render('1')
#52 [internal function]: Fannan\MembersModule\Http\Controller\Admin\MembersController->edit(Object(Fannan\MembersModule\Member\Form\MemberFormBuilder), '1', Object(Illuminate\Http\Request))
#53 D:\phpstudy\WWW\pyrocms\vendor\laravel\framework\src\Illuminate\Routing\Controller.php(55): call_user_func_array(Array, Array)
#54 D:\phpstudy\WWW\pyrocms\vendor\laravel\framework\src\Illuminate\Routing\ControllerDispatcher.php(44): Illuminate\Routing\Controller->callAction('edit', Array)
#55 D:\phpstudy\WWW\pyrocms\vendor\laravel\framework\src\Illuminate\Routing\Route.php(189): Illuminate\Routing\ControllerDispatcher->dispatch(Object(Illuminate\Routing\Route), Object(Fannan\MembersModule\Http\Controller\Admin\MembersController), 'edit')
#56 D:\phpstudy\WWW\pyrocms\vendor\laravel\framework\src\Illuminate\Routing\Route.php(144): Illuminate\Routing\Route->runController()
#57 D:\phpstudy\WWW\pyrocms\vendor\laravel\framework\src\Illuminate\Routing\Router.php(653): Illuminate\Routing\Route->run(Object(Illuminate\Http\Request))
#58 D:\phpstudy\WWW\pyrocms\vendor\laravel\framework\src\Illuminate\Routing\Pipeline.php(53): Illuminate\Routing\Router->Illuminate\Routing\{closure}(Object(Illuminate\Http\Request))
#59 D:\phpstudy\WWW\pyrocms\vendor\anomaly\streams-platform\src\Http\Middleware\ApplicationReady.php(49): Illuminate\Routing\Pipeline->Illuminate\Routing\{closure}(Object(Illuminate\Http\Request))
#60 D:\phpstudy\WWW\pyrocms\vendor\laravel\framework\src\Illuminate\Pipeline\Pipeline.php(137): Anomaly\Streams\Platform\Http\Middleware\ApplicationReady->handle(Object(Illuminate\Http\Request), Object(Closure))
#61 D:\phpstudy\WWW\pyrocms\vendor\laravel\framework\src\Illuminate\Routing\Pipeline.php(33): Illuminate\Pipeline\Pipeline->Illuminate\Pipeline\{closure}(Object(Illuminate\Http\Request))
#62 D:\phpstudy\WWW\pyrocms\vendor\anomaly\streams-platform\src\Http\Middleware\SetLocale.php(88): Illuminate\Routing\Pipeline->Illuminate\Routing\{closure}(Object(Illuminate\Http\Request))
#63 D:\phpstudy\WWW\pyrocms\vendor\laravel\framework\src\Illuminate\Pipeline\Pipeline.php(137): Anomaly\Streams\Platform\Http\Middleware\SetLocale->handle(Object(Illuminate\Http\Request), Object(Closure))
#64 D:\phpstudy\WWW\pyrocms\vendor\laravel\framework\src\Illuminate\Routing\Pipeline.php(33): Illuminate\Pipeline\Pipeline->Illuminate\Pipeline\{closure}(Object(Illuminate\Http\Request))
#65 D:\phpstudy\WWW\pyrocms\vendor\anomaly\streams-platform\src\Http\Middleware\PoweredBy.php(38): Illuminate\Routing\Pipeline->Illuminate\Routing\{closure}(Object(Illuminate\Http\Request))
#66 D:\phpstudy\WWW\pyrocms\vendor\laravel\framework\src\Illuminate\Pipeline\Pipeline.php(137): Anomaly\Streams\Platform\Http\Middleware\PoweredBy->handle(Object(Illuminate\Http\Request), Object(Closure))
#67 D:\phpstudy\WWW\pyrocms\vendor\laravel\framework\src\Illuminate\Routing\Pipeline.php(33): Illuminate\Pipeline\Pipeline->Illuminate\Pipeline\{closure}(Object(Illuminate\Http\Request))
#68 D:\phpstudy\WWW\pyrocms\vendor\anomaly\streams-platform\src\Http\Middleware\VerifyCsrfToken.php(106): Illuminate\Routing\Pipeline->Illuminate\Routing\{closure}(Object(Illuminate\Http\Request))
#69 D:\phpstudy\WWW\pyrocms\vendor\laravel\framework\src\Illuminate\Pipeline\Pipeline.php(137): Anomaly\Streams\Platform\Http\Middleware\VerifyCsrfToken->handle(Object(Illuminate\Http\Request), Object(Closure))
#70 D:\phpstudy\WWW\pyrocms\vendor\laravel\framework\src\Illuminate\Routing\Pipeline.php(33): Illuminate\Pipeline\Pipeline->Illuminate\Pipeline\{closure}(Object(Illuminate\Http\Request))
#71 D:\phpstudy\WWW\pyrocms\core\anomaly\users-module\src\Http\Middleware\AuthorizeRoutePermission.php(107): Illuminate\Routing\Pipeline->Illuminate\Routing\{closure}(Object(Illuminate\Http\Request))
#72 D:\phpstudy\WWW\pyrocms\vendor\laravel\framework\src\Illuminate\Pipeline\Pipeline.php(137): Anomaly\UsersModule\Http\Middleware\AuthorizeRoutePermission->handle(Object(Illuminate\Http\Request), Object(Closure))
#73 D:\phpstudy\WWW\pyrocms\vendor\laravel\framework\src\Illuminate\Routing\Pipeline.php(33): Illuminate\Pipeline\Pipeline->Illuminate\Pipeline\{closure}(Object(Illuminate\Http\Request))
#74 D:\phpstudy\WWW\pyrocms\core\anomaly\users-module\src\Http\Middleware\AuthorizeControlPanel.php(51): Illuminate\Routing\Pipeline->Illuminate\Routing\{closure}(Object(Illuminate\Http\Request))
#75 D:\phpstudy\WWW\pyrocms\vendor\laravel\framework\src\Illuminate\Pipeline\Pipeline.php(137): Anomaly\UsersModule\Http\Middleware\AuthorizeControlPanel->handle(Object(Illuminate\Http\Request), Object(Closure))
#76 D:\phpstudy\WWW\pyrocms\vendor\laravel\framework\src\Illuminate\Routing\Pipeline.php(33): Illuminate\Pipeline\Pipeline->Illuminate\Pipeline\{closure}(Object(Illuminate\Http\Request))
#77 D:\phpstudy\WWW\pyrocms\core\anomaly\users-module\src\Http\Middleware\AuthorizeModuleAccess.php(63): Illuminate\Routing\Pipeline->Illuminate\Routing\{closure}(Object(Illuminate\Http\Request))
#78 D:\phpstudy\WWW\pyrocms\vendor\laravel\framework\src\Illuminate\Pipeline\Pipeline.php(137): Anomaly\UsersModule\Http\Middleware\AuthorizeModuleAccess->handle(Object(Illuminate\Http\Request), Object(Closure))
#79 D:\phpstudy\WWW\pyrocms\vendor\laravel\framework\src\Illuminate\Routing\Pipeline.php(33): Illuminate\Pipeline\Pipeline->Illuminate\Pipeline\{closure}(Object(Illuminate\Http\Request))
#80 D:\phpstudy\WWW\pyrocms\core\anomaly\users-module\src\Http\Middleware\AuthorizeRouteRoles.php(106): Illuminate\Routing\Pipeline->Illuminate\Routing\{closure}(Object(Illuminate\Http\Request))
#81 D:\phpstudy\WWW\pyrocms\vendor\laravel\framework\src\Illuminate\Pipeline\Pipeline.php(137): Anomaly\UsersModule\Http\Middleware\AuthorizeRouteRoles->handle(Object(Illuminate\Http\Request), Object(Closure))
#82 D:\phpstudy\WWW\pyrocms\vendor\laravel\framework\src\Illuminate\Routing\Pipeline.php(33): Illuminate\Pipeline\Pipeline->Illuminate\Pipeline\{closure}(Object(Illuminate\Http\Request))
#83 D:\phpstudy\WWW\pyrocms\core\anomaly\users-module\src\Http\Middleware\CheckSecurity.php(86): Illuminate\Routing\Pipeline->Illuminate\Routing\{closure}(Object(Illuminate\Http\Request))
#84 D:\phpstudy\WWW\pyrocms\vendor\laravel\framework\src\Illuminate\Pipeline\Pipeline.php(137): Anomaly\UsersModule\Http\Middleware\CheckSecurity->handle(Object(Illuminate\Http\Request), Object(Closure))
#85 D:\phpstudy\WWW\pyrocms\vendor\laravel\framework\src\Illuminate\Routing\Pipeline.php(33): Illuminate\Pipeline\Pipeline->Illuminate\Pipeline\{closure}(Object(Illuminate\Http\Request))
#86 D:\phpstudy\WWW\pyrocms\vendor\laravel\framework\src\Illuminate\Auth\Middleware\Authenticate.php(43): Illuminate\Routing\Pipeline->Illuminate\Routing\{closure}(Object(Illuminate\Http\Request))
#87 D:\phpstudy\WWW\pyrocms\vendor\laravel\framework\src\Illuminate\Pipeline\Pipeline.php(137): Illuminate\Auth\Middleware\Authenticate->handle(Object(Illuminate\Http\Request), Object(Closure))
#88 D:\phpstudy\WWW\pyrocms\vendor\laravel\framework\src\Illuminate\Routing\Pipeline.php(33): Illuminate\Pipeline\Pipeline->Illuminate\Pipeline\{closure}(Object(Illuminate\Http\Request))
#89 D:\phpstudy\WWW\pyrocms\vendor\laravel\framework\src\Illuminate\Pipeline\Pipeline.php(104): Illuminate\Routing\Pipeline->Illuminate\Routing\{closure}(Object(Illuminate\Http\Request))
#90 D:\phpstudy\WWW\pyrocms\vendor\laravel\framework\src\Illuminate\Routing\Router.php(655): Illuminate\Pipeline\Pipeline->then(Object(Closure))
#91 D:\phpstudy\WWW\pyrocms\vendor\laravel\framework\src\Illuminate\Routing\Router.php(629): Illuminate\Routing\Router->runRouteWithinStack(Object(Illuminate\Routing\Route), Object(Illuminate\Http\Request))
#92 D:\phpstudy\WWW\pyrocms\vendor\laravel\framework\src\Illuminate\Routing\Router.php(607): Illuminate\Routing\Router->dispatchToRoute(Object(Illuminate\Http\Request))
#93 D:\phpstudy\WWW\pyrocms\vendor\laravel\framework\src\Illuminate\Foundation\Http\Kernel.php(268): Illuminate\Routing\Router->dispatch(Object(Illuminate\Http\Request))
#94 D:\phpstudy\WWW\pyrocms\vendor\laravel\framework\src\Illuminate\Routing\Pipeline.php(53): Illuminate\Foundation\Http\Kernel->Illuminate\Foundation\Http\{closure}(Object(Illuminate\Http\Request))
#95 D:\phpstudy\WWW\pyrocms\vendor\anomaly\streams-platform\src\Http\Middleware\SetLocale.php(88): Illuminate\Routing\Pipeline->Illuminate\Routing\{closure}(Object(Illuminate\Http\Request))
#96 D:\phpstudy\WWW\pyrocms\vendor\laravel\framework\src\Illuminate\Pipeline\Pipeline.php(137): Anomaly\Streams\Platform\Http\Middleware\SetLocale->handle(Object(Illuminate\Http\Request), Object(Closure))
#97 D:\phpstudy\WWW\pyrocms\vendor\laravel\framework\src\Illuminate\Routing\Pipeline.php(33): Illuminate\Pipeline\Pipeline->Illuminate\Pipeline\{closure}(Object(Illuminate\Http\Request))
#98 D:\phpstudy\WWW\pyrocms\vendor\laravel\framework\src\Illuminate\View\Middleware\ShareErrorsFromSession.php(49): Illuminate\Routing\Pipeline->Illuminate\Routing\{closure}(Object(Illuminate\Http\Request))
#99 D:\phpstudy\WWW\pyrocms\vendor\laravel\framework\src\Illuminate\Pipeline\Pipeline.php(137): Illuminate\View\Middleware\ShareErrorsFromSession->handle(Object(Illuminate\Http\Request), Object(Closure))
#100 D:\phpstudy\WWW\pyrocms\vendor\laravel\framework\src\Illuminate\Routing\Pipeline.php(33): Illuminate\Pipeline\Pipeline->Illuminate\Pipeline\{closure}(Object(Illuminate\Http\Request))
#101 D:\phpstudy\WWW\pyrocms\vendor\laravel\framework\src\Illuminate\Session\Middleware\StartSession.php(64): Illuminate\Routing\Pipeline->Illuminate\Routing\{closure}(Object(Illuminate\Http\Request))
#102 D:\phpstudy\WWW\pyrocms\vendor\laravel\framework\src\Illuminate\Pipeline\Pipeline.php(137): Illuminate\Session\Middleware\StartSession->handle(Object(Illuminate\Http\Request), Object(Closure))
#103 D:\phpstudy\WWW\pyrocms\vendor\laravel\framework\src\Illuminate\Routing\Pipeline.php(33): Illuminate\Pipeline\Pipeline->Illuminate\Pipeline\{closure}(Object(Illuminate\Http\Request))
#104 D:\phpstudy\WWW\pyrocms\vendor\laravel\framework\src\Illuminate\Cookie\Middleware\AddQueuedCookiesToResponse.php(37): Illuminate\Routing\Pipeline->Illuminate\Routing\{closure}(Object(Illuminate\Http\Request))
#105 D:\phpstudy\WWW\pyrocms\vendor\laravel\framework\src\Illuminate\Pipeline\Pipeline.php(137): Illuminate\Cookie\Middleware\AddQueuedCookiesToResponse->handle(Object(Illuminate\Http\Request), Object(Closure))
#106 D:\phpstudy\WWW\pyrocms\vendor\laravel\framework\src\Illuminate\Routing\Pipeline.php(33): Illuminate\Pipeline\Pipeline->Illuminate\Pipeline\{closure}(Object(Illuminate\Http\Request))
#107 D:\phpstudy\WWW\pyrocms\vendor\laravel\framework\src\Illuminate\Cookie\Middleware\EncryptCookies.php(59): Illuminate\Routing\Pipeline->Illuminate\Routing\{closure}(Object(Illuminate\Http\Request))
#108 D:\phpstudy\WWW\pyrocms\vendor\laravel\framework\src\Illuminate\Pipeline\Pipeline.php(137): Illuminate\Cookie\Middleware\EncryptCookies->handle(Object(Illuminate\Http\Request), Object(Closure))
#109 D:\phpstudy\WWW\pyrocms\vendor\laravel\framework\src\Illuminate\Routing\Pipeline.php(33): Illuminate\Pipeline\Pipeline->Illuminate\Pipeline\{closure}(Object(Illuminate\Http\Request))
#110 D:\phpstudy\WWW\pyrocms\vendor\dingo\api\src\Http\Middleware\Request.php(111): Illuminate\Routing\Pipeline->Illuminate\Routing\{closure}(Object(Illuminate\Http\Request))
#111 D:\phpstudy\WWW\pyrocms\vendor\laravel\framework\src\Illuminate\Pipeline\Pipeline.php(137): Dingo\Api\Http\Middleware\Request->handle(Object(Illuminate\Http\Request), Object(Closure))
#112 D:\phpstudy\WWW\pyrocms\vendor\laravel\framework\src\Illuminate\Routing\Pipeline.php(33): Illuminate\Pipeline\Pipeline->Illuminate\Pipeline\{closure}(Object(Illuminate\Http\Request))
#113 D:\phpstudy\WWW\pyrocms\vendor\laravel\framework\src\Illuminate\Pipeline\Pipeline.php(104): Illuminate\Routing\Pipeline->Illuminate\Routing\{closure}(Object(Illuminate\Http\Request))
#114 D:\phpstudy\WWW\pyrocms\vendor\laravel\framework\src\Illuminate\Foundation\Http\Kernel.php(150): Illuminate\Pipeline\Pipeline->then(Object(Closure))
#115 D:\phpstudy\WWW\pyrocms\vendor\laravel\framework\src\Illuminate\Foundation\Http\Kernel.php(117): Illuminate\Foundation\Http\Kernel->sendRequestThroughRouter(Object(Illuminate\Http\Request))
#116 D:\phpstudy\WWW\pyrocms\public\index.php(53): Illuminate\Foundation\Http\Kernel->handle(Object(Illuminate\Http\Request))
#117 {main} {"identification":{"id":"0757d4c3-7ed6-45e0-848e-7df1f529306a"}} 
[2017-09-20 12:09:38] local.CRITICAL: Symfony\Component\Debug\Exception\FatalErrorException: Maximum execution time of 30 seconds exceeded in D:\phpstudy\WWW\pyrocms\core\anomaly\editor-field_type\src\EditorFieldType.php:13
Stack trace:
#0 {main} {"identification":{"id":"9d11f748-7266-4cfd-b145-315317daaf14"}} 
[2017-09-20 16:13:46] local.CRITICAL: Symfony\Component\Debug\Exception\FatalErrorException: Maximum execution time of 30 seconds exceeded in D:\phpstudy\WWW\pyrocms\vendor\anomaly\streams-platform\src\Addon\AddonLoader.php:56
Stack trace:
#0 {main} {"identification":{"id":"cc67f737-9b27-455c-a6f3-b4bb8a227ea3"}} 
[2017-09-20 16:14:49] local.CRITICAL: Symfony\Component\Debug\Exception\FatalErrorException: Maximum execution time of 30 seconds exceeded in D:\phpstudy\WWW\pyrocms\core\anomaly\boolean-field_type\src\BooleanFieldTypePresenter.php:12
Stack trace:
#0 {main} {"identification":{"id":"27fc8fa5-b695-4291-91dd-e8259d98657c"}} 
[2017-09-20 16:34:59] local.ERROR: Symfony\Component\Debug\Exception\FatalThrowableError: Type error: Argument 1 passed to App\Http\Controllers\HomeController::generateCaptcha() must be an instance of Illuminate\Http\Request, string given, called in D:\phpstudy\WWW\pyrocms\app\Http\Controllers\HomeController.php on line 95 in D:\phpstudy\WWW\pyrocms\app\Http\Controllers\HomeController.php:1542
Stack trace:
#0 D:\phpstudy\WWW\pyrocms\app\Http\Controllers\HomeController.php(95): App\Http\Controllers\HomeController->generateCaptcha('mobile')
#1 [internal function]: App\Http\Controllers\HomeController->test(Object(Dingo\Api\Http\Request))
#2 D:\phpstudy\WWW\pyrocms\vendor\laravel\framework\src\Illuminate\Routing\Controller.php(55): call_user_func_array(Array, Array)
#3 D:\phpstudy\WWW\pyrocms\vendor\laravel\framework\src\Illuminate\Routing\ControllerDispatcher.php(44): Illuminate\Routing\Controller->callAction('test', Array)
#4 D:\phpstudy\WWW\pyrocms\vendor\laravel\framework\src\Illuminate\Routing\Route.php(189): Illuminate\Routing\ControllerDispatcher->dispatch(Object(Illuminate\Routing\Route), Object(App\Http\Controllers\HomeController), 'test')
#5 D:\phpstudy\WWW\pyrocms\vendor\laravel\framework\src\Illuminate\Routing\Route.php(144): Illuminate\Routing\Route->runController()
#6 D:\phpstudy\WWW\pyrocms\vendor\laravel\framework\src\Illuminate\Routing\Router.php(653): Illuminate\Routing\Route->run(Object(Dingo\Api\Http\Request))
#7 D:\phpstudy\WWW\pyrocms\vendor\laravel\framework\src\Illuminate\Routing\Pipeline.php(53): Illuminate\Routing\Router->Illuminate\Routing\{closure}(Object(Dingo\Api\Http\Request))
#8 D:\phpstudy\WWW\pyrocms\vendor\dingo\api\src\Http\Middleware\PrepareController.php(45): Illuminate\Routing\Pipeline->Illuminate\Routing\{closure}(Object(Dingo\Api\Http\Request))
#9 D:\phpstudy\WWW\pyrocms\vendor\laravel\framework\src\Illuminate\Pipeline\Pipeline.php(137): Dingo\Api\Http\Middleware\PrepareController->handle(Object(Dingo\Api\Http\Request), Object(Closure))
#10 D:\phpstudy\WWW\pyrocms\vendor\laravel\framework\src\Illuminate\Routing\Pipeline.php(33): Illuminate\Pipeline\Pipeline->Illuminate\Pipeline\{closure}(Object(Dingo\Api\Http\Request))
#11 D:\phpstudy\WWW\pyrocms\vendor\laravel\framework\src\Illuminate\Pipeline\Pipeline.php(104): Illuminate\Routing\Pipeline->Illuminate\Routing\{closure}(Object(Dingo\Api\Http\Request))
#12 D:\phpstudy\WWW\pyrocms\vendor\laravel\framework\src\Illuminate\Routing\Router.php(655): Illuminate\Pipeline\Pipeline->then(Object(Closure))
#13 D:\phpstudy\WWW\pyrocms\vendor\laravel\framework\src\Illuminate\Routing\Router.php(629): Illuminate\Routing\Router->runRouteWithinStack(Object(Illuminate\Routing\Route), Object(Dingo\Api\Http\Request))
#14 D:\phpstudy\WWW\pyrocms\vendor\laravel\framework\src\Illuminate\Routing\Router.php(607): Illuminate\Routing\Router->dispatchToRoute(Object(Dingo\Api\Http\Request))
#15 D:\phpstudy\WWW\pyrocms\vendor\dingo\api\src\Routing\Adapter\Laravel.php(81): Illuminate\Routing\Router->dispatch(Object(Dingo\Api\Http\Request))
#16 D:\phpstudy\WWW\pyrocms\vendor\dingo\api\src\Routing\Router.php(513): Dingo\Api\Routing\Adapter\Laravel->dispatch(Object(Dingo\Api\Http\Request), 'v1')
#17 D:\phpstudy\WWW\pyrocms\vendor\dingo\api\src\Http\Middleware\Request.php(126): Dingo\Api\Routing\Router->dispatch(Object(Dingo\Api\Http\Request))
#18 D:\phpstudy\WWW\pyrocms\vendor\laravel\framework\src\Illuminate\Pipeline\Pipeline.php(151): Dingo\Api\Http\Middleware\Request->Dingo\Api\Http\Middleware\{closure}(Object(Dingo\Api\Http\Request))
#19 D:\phpstudy\WWW\pyrocms\vendor\anomaly\streams-platform\src\Http\Middleware\SetLocale.php(88): Illuminate\Pipeline\Pipeline->Illuminate\Pipeline\{closure}(Object(Dingo\Api\Http\Request))
#20 D:\phpstudy\WWW\pyrocms\vendor\laravel\framework\src\Illuminate\Pipeline\Pipeline.php(137): Anomaly\Streams\Platform\Http\Middleware\SetLocale->handle(Object(Dingo\Api\Http\Request), Object(Closure))
#21 D:\phpstudy\WWW\pyrocms\vendor\laravel\framework\src\Illuminate\View\Middleware\ShareErrorsFromSession.php(49): Illuminate\Pipeline\Pipeline->Illuminate\Pipeline\{closure}(Object(Dingo\Api\Http\Request))
#22 D:\phpstudy\WWW\pyrocms\vendor\laravel\framework\src\Illuminate\Pipeline\Pipeline.php(137): Illuminate\View\Middleware\ShareErrorsFromSession->handle(Object(Dingo\Api\Http\Request), Object(Closure))
#23 D:\phpstudy\WWW\pyrocms\vendor\laravel\framework\src\Illuminate\Session\Middleware\StartSession.php(64): Illuminate\Pipeline\Pipeline->Illuminate\Pipeline\{closure}(Object(Dingo\Api\Http\Request))
#24 D:\phpstudy\WWW\pyrocms\vendor\laravel\framework\src\Illuminate\Pipeline\Pipeline.php(137): Illuminate\Session\Middleware\StartSession->handle(Object(Dingo\Api\Http\Request), Object(Closure))
#25 D:\phpstudy\WWW\pyrocms\vendor\laravel\framework\src\Illuminate\Cookie\Middleware\AddQueuedCookiesToResponse.php(37): Illuminate\Pipeline\Pipeline->Illuminate\Pipeline\{closure}(Object(Dingo\Api\Http\Request))
#26 D:\phpstudy\WWW\pyrocms\vendor\laravel\framework\src\Illuminate\Pipeline\Pipeline.php(137): Illuminate\Cookie\Middleware\AddQueuedCookiesToResponse->handle(Object(Dingo\Api\Http\Request), Object(Closure))
#27 D:\phpstudy\WWW\pyrocms\vendor\laravel\framework\src\Illuminate\Cookie\Middleware\EncryptCookies.php(59): Illuminate\Pipeline\Pipeline->Illuminate\Pipeline\{closure}(Object(Dingo\Api\Http\Request))
#28 D:\phpstudy\WWW\pyrocms\vendor\laravel\framework\src\Illuminate\Pipeline\Pipeline.php(137): Illuminate\Cookie\Middleware\EncryptCookies->handle(Object(Dingo\Api\Http\Request), Object(Closure))
#29 D:\phpstudy\WWW\pyrocms\vendor\laravel\framework\src\Illuminate\Pipeline\Pipeline.php(104): Illuminate\Pipeline\Pipeline->Illuminate\Pipeline\{closure}(Object(Dingo\Api\Http\Request))
#30 D:\phpstudy\WWW\pyrocms\vendor\dingo\api\src\Http\Middleware\Request.php(127): Illuminate\Pipeline\Pipeline->then(Object(Closure))
#31 D:\phpstudy\WWW\pyrocms\vendor\dingo\api\src\Http\Middleware\Request.php(103): Dingo\Api\Http\Middleware\Request->sendRequestThroughRouter(Object(Dingo\Api\Http\Request))
#32 D:\phpstudy\WWW\pyrocms\vendor\laravel\framework\src\Illuminate\Pipeline\Pipeline.php(137): Dingo\Api\Http\Middleware\Request->handle(Object(Dingo\Api\Http\Request), Object(Closure))
#33 D:\phpstudy\WWW\pyrocms\vendor\laravel\framework\src\Illuminate\Routing\Pipeline.php(33): Illuminate\Pipeline\Pipeline->Illuminate\Pipeline\{closure}(Object(Illuminate\Http\Request))
#34 D:\phpstudy\WWW\pyrocms\vendor\laravel\framework\src\Illuminate\Pipeline\Pipeline.php(104): Illuminate\Routing\Pipeline->Illuminate\Routing\{closure}(Object(Illuminate\Http\Request))
#35 D:\phpstudy\WWW\pyrocms\vendor\laravel\framework\src\Illuminate\Foundation\Http\Kernel.php(150): Illuminate\Pipeline\Pipeline->then(Object(Closure))
#36 D:\phpstudy\WWW\pyrocms\vendor\laravel\framework\src\Illuminate\Foundation\Http\Kernel.php(117): Illuminate\Foundation\Http\Kernel->sendRequestThroughRouter(Object(Illuminate\Http\Request))
#37 D:\phpstudy\WWW\pyrocms\public\index.php(53): Illuminate\Foundation\Http\Kernel->handle(Object(Illuminate\Http\Request))
#38 {main} {"identification":{"id":"d97c8a47-2558-40a4-9eb8-127df5fd6494"}} 
[2017-09-20 16:34:59] local.ERROR: Symfony\Component\Debug\Exception\FatalThrowableError: Type error: Argument 1 passed to App\Http\Controllers\HomeController::generateCaptcha() must be an instance of Illuminate\Http\Request, string given, called in D:\phpstudy\WWW\pyrocms\app\Http\Controllers\HomeController.php on line 95 in D:\phpstudy\WWW\pyrocms\app\Http\Controllers\HomeController.php:1542
Stack trace:
#0 D:\phpstudy\WWW\pyrocms\app\Http\Controllers\HomeController.php(95): App\Http\Controllers\HomeController->generateCaptcha('mobile')
#1 [internal function]: App\Http\Controllers\HomeController->test(Object(Dingo\Api\Http\Request))
#2 D:\phpstudy\WWW\pyrocms\vendor\laravel\framework\src\Illuminate\Routing\Controller.php(55): call_user_func_array(Array, Array)
#3 D:\phpstudy\WWW\pyrocms\vendor\laravel\framework\src\Illuminate\Routing\ControllerDispatcher.php(44): Illuminate\Routing\Controller->callAction('test', Array)
#4 D:\phpstudy\WWW\pyrocms\vendor\laravel\framework\src\Illuminate\Routing\Route.php(189): Illuminate\Routing\ControllerDispatcher->dispatch(Object(Illuminate\Routing\Route), Object(App\Http\Controllers\HomeController), 'test')
#5 D:\phpstudy\WWW\pyrocms\vendor\laravel\framework\src\Illuminate\Routing\Route.php(144): Illuminate\Routing\Route->runController()
#6 D:\phpstudy\WWW\pyrocms\vendor\laravel\framework\src\Illuminate\Routing\Router.php(653): Illuminate\Routing\Route->run(Object(Dingo\Api\Http\Request))
#7 D:\phpstudy\WWW\pyrocms\vendor\laravel\framework\src\Illuminate\Routing\Pipeline.php(53): Illuminate\Routing\Router->Illuminate\Routing\{closure}(Object(Dingo\Api\Http\Request))
#8 D:\phpstudy\WWW\pyrocms\vendor\dingo\api\src\Http\Middleware\PrepareController.php(45): Illuminate\Routing\Pipeline->Illuminate\Routing\{closure}(Object(Dingo\Api\Http\Request))
#9 D:\phpstudy\WWW\pyrocms\vendor\laravel\framework\src\Illuminate\Pipeline\Pipeline.php(137): Dingo\Api\Http\Middleware\PrepareController->handle(Object(Dingo\Api\Http\Request), Object(Closure))
#10 D:\phpstudy\WWW\pyrocms\vendor\laravel\framework\src\Illuminate\Routing\Pipeline.php(33): Illuminate\Pipeline\Pipeline->Illuminate\Pipeline\{closure}(Object(Dingo\Api\Http\Request))
#11 D:\phpstudy\WWW\pyrocms\vendor\laravel\framework\src\Illuminate\Pipeline\Pipeline.php(104): Illuminate\Routing\Pipeline->Illuminate\Routing\{closure}(Object(Dingo\Api\Http\Request))
#12 D:\phpstudy\WWW\pyrocms\vendor\laravel\framework\src\Illuminate\Routing\Router.php(655): Illuminate\Pipeline\Pipeline->then(Object(Closure))
#13 D:\phpstudy\WWW\pyrocms\vendor\laravel\framework\src\Illuminate\Routing\Router.php(629): Illuminate\Routing\Router->runRouteWithinStack(Object(Illuminate\Routing\Route), Object(Dingo\Api\Http\Request))
#14 D:\phpstudy\WWW\pyrocms\vendor\laravel\framework\src\Illuminate\Routing\Router.php(607): Illuminate\Routing\Router->dispatchToRoute(Object(Dingo\Api\Http\Request))
#15 D:\phpstudy\WWW\pyrocms\vendor\dingo\api\src\Routing\Adapter\Laravel.php(81): Illuminate\Routing\Router->dispatch(Object(Dingo\Api\Http\Request))
#16 D:\phpstudy\WWW\pyrocms\vendor\dingo\api\src\Routing\Router.php(513): Dingo\Api\Routing\Adapter\Laravel->dispatch(Object(Dingo\Api\Http\Request), 'v1')
#17 D:\phpstudy\WWW\pyrocms\vendor\dingo\api\src\Http\Middleware\Request.php(126): Dingo\Api\Routing\Router->dispatch(Object(Dingo\Api\Http\Request))
#18 D:\phpstudy\WWW\pyrocms\vendor\laravel\framework\src\Illuminate\Pipeline\Pipeline.php(151): Dingo\Api\Http\Middleware\Request->Dingo\Api\Http\Middleware\{closure}(Object(Dingo\Api\Http\Request))
#19 D:\phpstudy\WWW\pyrocms\vendor\anomaly\streams-platform\src\Http\Middleware\SetLocale.php(88): Illuminate\Pipeline\Pipeline->Illuminate\Pipeline\{closure}(Object(Dingo\Api\Http\Request))
#20 D:\phpstudy\WWW\pyrocms\vendor\laravel\framework\src\Illuminate\Pipeline\Pipeline.php(137): Anomaly\Streams\Platform\Http\Middleware\SetLocale->handle(Object(Dingo\Api\Http\Request), Object(Closure))
#21 D:\phpstudy\WWW\pyrocms\vendor\laravel\framework\src\Illuminate\View\Middleware\ShareErrorsFromSession.php(49): Illuminate\Pipeline\Pipeline->Illuminate\Pipeline\{closure}(Object(Dingo\Api\Http\Request))
#22 D:\phpstudy\WWW\pyrocms\vendor\laravel\framework\src\Illuminate\Pipeline\Pipeline.php(137): Illuminate\View\Middleware\ShareErrorsFromSession->handle(Object(Dingo\Api\Http\Request), Object(Closure))
#23 D:\phpstudy\WWW\pyrocms\vendor\laravel\framework\src\Illuminate\Session\Middleware\StartSession.php(64): Illuminate\Pipeline\Pipeline->Illuminate\Pipeline\{closure}(Object(Dingo\Api\Http\Request))
#24 D:\phpstudy\WWW\pyrocms\vendor\laravel\framework\src\Illuminate\Pipeline\Pipeline.php(137): Illuminate\Session\Middleware\StartSession->handle(Object(Dingo\Api\Http\Request), Object(Closure))
#25 D:\phpstudy\WWW\pyrocms\vendor\laravel\framework\src\Illuminate\Cookie\Middleware\AddQueuedCookiesToResponse.php(37): Illuminate\Pipeline\Pipeline->Illuminate\Pipeline\{closure}(Object(Dingo\Api\Http\Request))
#26 D:\phpstudy\WWW\pyrocms\vendor\laravel\framework\src\Illuminate\Pipeline\Pipeline.php(137): Illuminate\Cookie\Middleware\AddQueuedCookiesToResponse->handle(Object(Dingo\Api\Http\Request), Object(Closure))
#27 D:\phpstudy\WWW\pyrocms\vendor\laravel\framework\src\Illuminate\Cookie\Middleware\EncryptCookies.php(59): Illuminate\Pipeline\Pipeline->Illuminate\Pipeline\{closure}(Object(Dingo\Api\Http\Request))
#28 D:\phpstudy\WWW\pyrocms\vendor\laravel\framework\src\Illuminate\Pipeline\Pipeline.php(137): Illuminate\Cookie\Middleware\EncryptCookies->handle(Object(Dingo\Api\Http\Request), Object(Closure))
#29 D:\phpstudy\WWW\pyrocms\vendor\laravel\framework\src\Illuminate\Pipeline\Pipeline.php(104): Illuminate\Pipeline\Pipeline->Illuminate\Pipeline\{closure}(Object(Dingo\Api\Http\Request))
#30 D:\phpstudy\WWW\pyrocms\vendor\dingo\api\src\Http\Middleware\Request.php(127): Illuminate\Pipeline\Pipeline->then(Object(Closure))
#31 D:\phpstudy\WWW\pyrocms\vendor\dingo\api\src\Http\Middleware\Request.php(103): Dingo\Api\Http\Middleware\Request->sendRequestThroughRouter(Object(Dingo\Api\Http\Request))
#32 D:\phpstudy\WWW\pyrocms\vendor\laravel\framework\src\Illuminate\Pipeline\Pipeline.php(137): Dingo\Api\Http\Middleware\Request->handle(Object(Dingo\Api\Http\Request), Object(Closure))
#33 D:\phpstudy\WWW\pyrocms\vendor\laravel\framework\src\Illuminate\Routing\Pipeline.php(33): Illuminate\Pipeline\Pipeline->Illuminate\Pipeline\{closure}(Object(Illuminate\Http\Request))
#34 D:\phpstudy\WWW\pyrocms\vendor\laravel\framework\src\Illuminate\Pipeline\Pipeline.php(104): Illuminate\Routing\Pipeline->Illuminate\Routing\{closure}(Object(Illuminate\Http\Request))
#35 D:\phpstudy\WWW\pyrocms\vendor\laravel\framework\src\Illuminate\Foundation\Http\Kernel.php(150): Illuminate\Pipeline\Pipeline->then(Object(Closure))
#36 D:\phpstudy\WWW\pyrocms\vendor\laravel\framework\src\Illuminate\Foundation\Http\Kernel.php(117): Illuminate\Foundation\Http\Kernel->sendRequestThroughRouter(Object(Illuminate\Http\Request))
#37 D:\phpstudy\WWW\pyrocms\public\index.php(53): Illuminate\Foundation\Http\Kernel->handle(Object(Illuminate\Http\Request))
#38 {main} {"identification":{"id":"d97c8a47-2558-40a4-9eb8-127df5fd6494"}} 
