[2017-08-15 08:36:38] local.CRITICAL: Symfony\Component\Debug\Exception\FatalErrorException: Maximum execution time of 30 seconds exceeded in D:\phpstudy\WWW\pyrocms\core\anomaly\robots-extension\src\RobotsExtensionServiceProvider.php:13
Stack trace:
#0 {main} {"identification":{"id":"de43c6ba-7bfb-49be-bbb9-5bdf996b6a69"}} 
[2017-08-15 08:37:23] local.CRITICAL: Symfony\Component\Debug\Exception\FatalErrorException: Maximum execution time of 30 seconds exceeded in D:\phpstudy\WWW\pyrocms\core\anomaly\pages-module\src\Type\TypeObserver.php:18
Stack trace:
#0 {main} {"identification":{"id":"05b068af-6f80-4957-a0d0-7fba16c9f316"}} 
[2017-08-15 08:38:35] local.CRITICAL: Symfony\Component\Debug\Exception\FatalErrorException: Maximum execution time of 30 seconds exceeded in D:\phpstudy\WWW\pyrocms\vendor\anomaly\streams-platform\src\Asset\Asset.php:198
Stack trace:
#0 {main} {"identification":{"id":"b34ec8ad-a874-4a6d-83db-59408213fe82"}} 
[2017-08-15 08:41:00] local.CRITICAL: Symfony\Component\Debug\Exception\FatalErrorException: Maximum execution time of 30 seconds exceeded in D:\phpstudy\WWW\pyrocms\storage\framework\views\twig\01\017650c253c513925fd18b2fdc5a867f47c331871045f8e6a2f755e337f3e8e9.php:4
Stack trace:
#0 {main} {"identification":{"id":"a608c133-9b48-492a-a3f1-f32a1dbe064f"}} 
[2017-08-15 09:33:14] local.CRITICAL: Symfony\Component\Debug\Exception\FatalErrorException: Maximum execution time of 30 seconds exceeded in D:\phpstudy\WWW\pyrocms\core\anomaly\users-module\src\Role\Contract\RoleInterface.php:13
Stack trace:
#0 {main} {"identification":{"id":"b891f48c-5a91-4acb-89a9-06bf8676d26b"}} 
[2017-08-15 09:33:53] local.CRITICAL: Symfony\Component\Debug\Exception\FatalErrorException: Maximum execution time of 30 seconds exceeded in D:\phpstudy\WWW\pyrocms\storage\framework\views\twig\d7\d7ab5103f5a09c5af113b83767effbac06664c225c78aa23b0cd182744b067e9.php:4
Stack trace:
#0 {main} {"identification":{"id":"600c1c01-9e80-499d-b86e-9e0634987387"}} 
[2017-08-15 11:07:58] local.ERROR: PDOException: SQLSTATE[42S22]: Column not found: 1054 Unknown column 'name' in 'order clause' in D:\phpstudy\WWW\pyrocms\vendor\doctrine\dbal\lib\Doctrine\DBAL\Driver\PDOConnection.php:77
Stack trace:
#0 D:\phpstudy\WWW\pyrocms\vendor\doctrine\dbal\lib\Doctrine\DBAL\Driver\PDOConnection.php(77): PDO->prepare('select `default...', Array)
#1 D:\phpstudy\WWW\pyrocms\vendor\laravel\framework\src\Illuminate\Database\Connection.php(333): Doctrine\DBAL\Driver\PDOConnection->prepare('select `default...')
#2 D:\phpstudy\WWW\pyrocms\vendor\laravel\framework\src\Illuminate\Database\Connection.php(763): Illuminate\Database\Connection->Illuminate\Database\{closure}(Object(Illuminate\Database\MySqlConnection), 'select `default...', Array)
#3 D:\phpstudy\WWW\pyrocms\vendor\laravel\framework\src\Illuminate\Database\Connection.php(726): Illuminate\Database\Connection->runQueryCallback('select `default...', Array, Object(Closure))
#4 D:\phpstudy\WWW\pyrocms\vendor\laravel\framework\src\Illuminate\Database\Connection.php(351): Illuminate\Database\Connection->run('select `default...', Array, Object(Closure))
#5 D:\phpstudy\WWW\pyrocms\vendor\laravel\framework\src\Illuminate\Database\Query\Builder.php(1648): Illuminate\Database\Connection->select('select `default...', Array, true)
#6 D:\phpstudy\WWW\pyrocms\vendor\laravel\framework\src\Illuminate\Database\Query\Builder.php(1634): Illuminate\Database\Query\Builder->runSelect()
#7 D:\phpstudy\WWW\pyrocms\vendor\laravel\framework\src\Illuminate\Database\Eloquent\Builder.php(638): Illuminate\Database\Query\Builder->get(Array)
#8 D:\phpstudy\WWW\pyrocms\vendor\laravel\framework\src\Illuminate\Database\Eloquent\Builder.php(327): Illuminate\Database\Eloquent\Builder->getModels(Array)
#9 D:\phpstudy\WWW\pyrocms\vendor\anomaly\streams-platform\src\Model\EloquentQueryBuilder.php(78): Illuminate\Database\Eloquent\Builder->get(Array)
#10 D:\phpstudy\WWW\pyrocms\vendor\anomaly\streams-platform\src\Model\EloquentTableRepository.php(125): Anomaly\Streams\Platform\Model\EloquentQueryBuilder->get()
#11 D:\phpstudy\WWW\pyrocms\vendor\anomaly\streams-platform\src\Ui\Table\Command\GetTableEntries.php(66): Anomaly\Streams\Platform\Model\EloquentTableRepository->get(Object(Fannan\LotteryModule\Winning\Table\WinningTableBuilder))
#12 [internal function]: Anomaly\Streams\Platform\Ui\Table\Command\GetTableEntries->handle()
#13 D:\phpstudy\WWW\pyrocms\vendor\laravel\framework\src\Illuminate\Container\Container.php(508): call_user_func_array(Array, Array)
#14 D:\phpstudy\WWW\pyrocms\vendor\laravel\framework\src\Illuminate\Bus\Dispatcher.php(94): Illuminate\Container\Container->call(Array)
#15 D:\phpstudy\WWW\pyrocms\vendor\laravel\framework\src\Illuminate\Pipeline\Pipeline.php(151): Illuminate\Bus\Dispatcher->Illuminate\Bus\{closure}(Object(Anomaly\Streams\Platform\Ui\Table\Command\GetTableEntries))
#16 D:\phpstudy\WWW\pyrocms\vendor\laravel\framework\src\Illuminate\Pipeline\Pipeline.php(104): Illuminate\Pipeline\Pipeline->Illuminate\Pipeline\{closure}(Object(Anomaly\Streams\Platform\Ui\Table\Command\GetTableEntries))
#17 D:\phpstudy\WWW\pyrocms\vendor\laravel\framework\src\Illuminate\Bus\Dispatcher.php(98): Illuminate\Pipeline\Pipeline->then(Object(Closure))
#18 D:\phpstudy\WWW\pyrocms\vendor\laravel\framework\src\Illuminate\Bus\Dispatcher.php(75): Illuminate\Bus\Dispatcher->dispatchNow(Object(Anomaly\Streams\Platform\Ui\Table\Command\GetTableEntries))
#19 D:\phpstudy\WWW\pyrocms\vendor\laravel\framework\src\Illuminate\Foundation\Bus\DispatchesJobs.php(17): Illuminate\Bus\Dispatcher->dispatch(Object(Anomaly\Streams\Platform\Ui\Table\Command\GetTableEntries))
#20 D:\phpstudy\WWW\pyrocms\vendor\anomaly\streams-platform\src\Ui\Table\Command\BuildTable.php(95): Anomaly\Streams\Platform\Ui\Table\Command\BuildTable->dispatch(Object(Anomaly\Streams\Platform\Ui\Table\Command\GetTableEntries))
#21 [internal function]: Anomaly\Streams\Platform\Ui\Table\Command\BuildTable->handle()
#22 D:\phpstudy\WWW\pyrocms\vendor\laravel\framework\src\Illuminate\Container\Container.php(508): call_user_func_array(Array, Array)
#23 D:\phpstudy\WWW\pyrocms\vendor\laravel\framework\src\Illuminate\Bus\Dispatcher.php(94): Illuminate\Container\Container->call(Array)
#24 D:\phpstudy\WWW\pyrocms\vendor\laravel\framework\src\Illuminate\Pipeline\Pipeline.php(151): Illuminate\Bus\Dispatcher->Illuminate\Bus\{closure}(Object(Anomaly\Streams\Platform\Ui\Table\Command\BuildTable))
#25 D:\phpstudy\WWW\pyrocms\vendor\laravel\framework\src\Illuminate\Pipeline\Pipeline.php(104): Illuminate\Pipeline\Pipeline->Illuminate\Pipeline\{closure}(Object(Anomaly\Streams\Platform\Ui\Table\Command\BuildTable))
#26 D:\phpstudy\WWW\pyrocms\vendor\laravel\framework\src\Illuminate\Bus\Dispatcher.php(98): Illuminate\Pipeline\Pipeline->then(Object(Closure))
#27 D:\phpstudy\WWW\pyrocms\vendor\laravel\framework\src\Illuminate\Bus\Dispatcher.php(75): Illuminate\Bus\Dispatcher->dispatchNow(Object(Anomaly\Streams\Platform\Ui\Table\Command\BuildTable))
#28 D:\phpstudy\WWW\pyrocms\vendor\laravel\framework\src\Illuminate\Foundation\Bus\DispatchesJobs.php(17): Illuminate\Bus\Dispatcher->dispatch(Object(Anomaly\Streams\Platform\Ui\Table\Command\BuildTable))
#29 D:\phpstudy\WWW\pyrocms\vendor\anomaly\streams-platform\src\Ui\Table\TableBuilder.php(134): Anomaly\Streams\Platform\Ui\Table\TableBuilder->dispatch(Object(Anomaly\Streams\Platform\Ui\Table\Command\BuildTable))
#30 D:\phpstudy\WWW\pyrocms\vendor\anomaly\streams-platform\src\Ui\Table\TableBuilder.php(148): Anomaly\Streams\Platform\Ui\Table\TableBuilder->build()
#31 D:\phpstudy\WWW\pyrocms\vendor\anomaly\streams-platform\src\Ui\Table\TableBuilder.php(191): Anomaly\Streams\Platform\Ui\Table\TableBuilder->make()
#32 D:\phpstudy\WWW\pyrocms\addons\shared\fannan\lottery-module\src\Http\Controller\Admin\WinningController.php(18): Anomaly\Streams\Platform\Ui\Table\TableBuilder->render()
#33 [internal function]: Fannan\LotteryModule\Http\Controller\Admin\WinningController->index(Object(Fannan\LotteryModule\Winning\Table\WinningTableBuilder))
#34 D:\phpstudy\WWW\pyrocms\vendor\laravel\framework\src\Illuminate\Routing\Controller.php(55): call_user_func_array(Array, Array)
#35 D:\phpstudy\WWW\pyrocms\vendor\laravel\framework\src\Illuminate\Routing\ControllerDispatcher.php(44): Illuminate\Routing\Controller->callAction('index', Array)
#36 D:\phpstudy\WWW\pyrocms\vendor\laravel\framework\src\Illuminate\Routing\Route.php(189): Illuminate\Routing\ControllerDispatcher->dispatch(Object(Illuminate\Routing\Route), Object(Fannan\LotteryModule\Http\Controller\Admin\WinningController), 'index')
#37 D:\phpstudy\WWW\pyrocms\vendor\laravel\framework\src\Illuminate\Routing\Route.php(144): Illuminate\Routing\Route->runController()
#38 D:\phpstudy\WWW\pyrocms\vendor\laravel\framework\src\Illuminate\Routing\Router.php(653): Illuminate\Routing\Route->run(Object(Illuminate\Http\Request))
#39 D:\phpstudy\WWW\pyrocms\vendor\laravel\framework\src\Illuminate\Routing\Pipeline.php(53): Illuminate\Routing\Router->Illuminate\Routing\{closure}(Object(Illuminate\Http\Request))
#40 D:\phpstudy\WWW\pyrocms\vendor\anomaly\streams-platform\src\Http\Middleware\ApplicationReady.php(49): Illuminate\Routing\Pipeline->Illuminate\Routing\{closure}(Object(Illuminate\Http\Request))
#41 D:\phpstudy\WWW\pyrocms\vendor\laravel\framework\src\Illuminate\Pipeline\Pipeline.php(137): Anomaly\Streams\Platform\Http\Middleware\ApplicationReady->handle(Object(Illuminate\Http\Request), Object(Closure))
#42 D:\phpstudy\WWW\pyrocms\vendor\laravel\framework\src\Illuminate\Routing\Pipeline.php(33): Illuminate\Pipeline\Pipeline->Illuminate\Pipeline\{closure}(Object(Illuminate\Http\Request))
#43 D:\phpstudy\WWW\pyrocms\vendor\anomaly\streams-platform\src\Http\Middleware\SetLocale.php(88): Illuminate\Routing\Pipeline->Illuminate\Routing\{closure}(Object(Illuminate\Http\Request))
#44 D:\phpstudy\WWW\pyrocms\vendor\laravel\framework\src\Illuminate\Pipeline\Pipeline.php(137): Anomaly\Streams\Platform\Http\Middleware\SetLocale->handle(Object(Illuminate\Http\Request), Object(Closure))
#45 D:\phpstudy\WWW\pyrocms\vendor\laravel\framework\src\Illuminate\Routing\Pipeline.php(33): Illuminate\Pipeline\Pipeline->Illuminate\Pipeline\{closure}(Object(Illuminate\Http\Request))
#46 D:\phpstudy\WWW\pyrocms\vendor\anomaly\streams-platform\src\Http\Middleware\PoweredBy.php(38): Illuminate\Routing\Pipeline->Illuminate\Routing\{closure}(Object(Illuminate\Http\Request))
#47 D:\phpstudy\WWW\pyrocms\vendor\laravel\framework\src\Illuminate\Pipeline\Pipeline.php(137): Anomaly\Streams\Platform\Http\Middleware\PoweredBy->handle(Object(Illuminate\Http\Request), Object(Closure))
#48 D:\phpstudy\WWW\pyrocms\vendor\laravel\framework\src\Illuminate\Routing\Pipeline.php(33): Illuminate\Pipeline\Pipeline->Illuminate\Pipeline\{closure}(Object(Illuminate\Http\Request))
#49 D:\phpstudy\WWW\pyrocms\vendor\anomaly\streams-platform\src\Http\Middleware\VerifyCsrfToken.php(106): Illuminate\Routing\Pipeline->Illuminate\Routing\{closure}(Object(Illuminate\Http\Request))
#50 D:\phpstudy\WWW\pyrocms\vendor\laravel\framework\src\Illuminate\Pipeline\Pipeline.php(137): Anomaly\Streams\Platform\Http\Middleware\VerifyCsrfToken->handle(Object(Illuminate\Http\Request), Object(Closure))
#51 D:\phpstudy\WWW\pyrocms\vendor\laravel\framework\src\Illuminate\Routing\Pipeline.php(33): Illuminate\Pipeline\Pipeline->Illuminate\Pipeline\{closure}(Object(Illuminate\Http\Request))
#52 D:\phpstudy\WWW\pyrocms\core\anomaly\users-module\src\Http\Middleware\AuthorizeRoutePermission.php(107): Illuminate\Routing\Pipeline->Illuminate\Routing\{closure}(Object(Illuminate\Http\Request))
#53 D:\phpstudy\WWW\pyrocms\vendor\laravel\framework\src\Illuminate\Pipeline\Pipeline.php(137): Anomaly\UsersModule\Http\Middleware\AuthorizeRoutePermission->handle(Object(Illuminate\Http\Request), Object(Closure))
#54 D:\phpstudy\WWW\pyrocms\vendor\laravel\framework\src\Illuminate\Routing\Pipeline.php(33): Illuminate\Pipeline\Pipeline->Illuminate\Pipeline\{closure}(Object(Illuminate\Http\Request))
#55 D:\phpstudy\WWW\pyrocms\core\anomaly\users-module\src\Http\Middleware\AuthorizeControlPanel.php(51): Illuminate\Routing\Pipeline->Illuminate\Routing\{closure}(Object(Illuminate\Http\Request))
#56 D:\phpstudy\WWW\pyrocms\vendor\laravel\framework\src\Illuminate\Pipeline\Pipeline.php(137): Anomaly\UsersModule\Http\Middleware\AuthorizeControlPanel->handle(Object(Illuminate\Http\Request), Object(Closure))
#57 D:\phpstudy\WWW\pyrocms\vendor\laravel\framework\src\Illuminate\Routing\Pipeline.php(33): Illuminate\Pipeline\Pipeline->Illuminate\Pipeline\{closure}(Object(Illuminate\Http\Request))
#58 D:\phpstudy\WWW\pyrocms\core\anomaly\users-module\src\Http\Middleware\AuthorizeModuleAccess.php(63): Illuminate\Routing\Pipeline->Illuminate\Routing\{closure}(Object(Illuminate\Http\Request))
#59 D:\phpstudy\WWW\pyrocms\vendor\laravel\framework\src\Illuminate\Pipeline\Pipeline.php(137): Anomaly\UsersModule\Http\Middleware\AuthorizeModuleAccess->handle(Object(Illuminate\Http\Request), Object(Closure))
#60 D:\phpstudy\WWW\pyrocms\vendor\laravel\framework\src\Illuminate\Routing\Pipeline.php(33): Illuminate\Pipeline\Pipeline->Illuminate\Pipeline\{closure}(Object(Illuminate\Http\Request))
#61 D:\phpstudy\WWW\pyrocms\core\anomaly\users-module\src\Http\Middleware\AuthorizeRouteRoles.php(106): Illuminate\Routing\Pipeline->Illuminate\Routing\{closure}(Object(Illuminate\Http\Request))
#62 D:\phpstudy\WWW\pyrocms\vendor\laravel\framework\src\Illuminate\Pipeline\Pipeline.php(137): Anomaly\UsersModule\Http\Middleware\AuthorizeRouteRoles->handle(Object(Illuminate\Http\Request), Object(Closure))
#63 D:\phpstudy\WWW\pyrocms\vendor\laravel\framework\src\Illuminate\Routing\Pipeline.php(33): Illuminate\Pipeline\Pipeline->Illuminate\Pipeline\{closure}(Object(Illuminate\Http\Request))
#64 D:\phpstudy\WWW\pyrocms\core\anomaly\users-module\src\Http\Middleware\CheckSecurity.php(86): Illuminate\Routing\Pipeline->Illuminate\Routing\{closure}(Object(Illuminate\Http\Request))
#65 D:\phpstudy\WWW\pyrocms\vendor\laravel\framework\src\Illuminate\Pipeline\Pipeline.php(137): Anomaly\UsersModule\Http\Middleware\CheckSecurity->handle(Object(Illuminate\Http\Request), Object(Closure))
#66 D:\phpstudy\WWW\pyrocms\vendor\laravel\framework\src\Illuminate\Routing\Pipeline.php(33): Illuminate\Pipeline\Pipeline->Illuminate\Pipeline\{closure}(Object(Illuminate\Http\Request))
#67 D:\phpstudy\WWW\pyrocms\vendor\laravel\framework\src\Illuminate\Auth\Middleware\Authenticate.php(43): Illuminate\Routing\Pipeline->Illuminate\Routing\{closure}(Object(Illuminate\Http\Request))
#68 D:\phpstudy\WWW\pyrocms\vendor\laravel\framework\src\Illuminate\Pipeline\Pipeline.php(137): Illuminate\Auth\Middleware\Authenticate->handle(Object(Illuminate\Http\Request), Object(Closure))
#69 D:\phpstudy\WWW\pyrocms\vendor\laravel\framework\src\Illuminate\Routing\Pipeline.php(33): Illuminate\Pipeline\Pipeline->Illuminate\Pipeline\{closure}(Object(Illuminate\Http\Request))
#70 D:\phpstudy\WWW\pyrocms\vendor\laravel\framework\src\Illuminate\Pipeline\Pipeline.php(104): Illuminate\Routing\Pipeline->Illuminate\Routing\{closure}(Object(Illuminate\Http\Request))
#71 D:\phpstudy\WWW\pyrocms\vendor\laravel\framework\src\Illuminate\Routing\Router.php(655): Illuminate\Pipeline\Pipeline->then(Object(Closure))
#72 D:\phpstudy\WWW\pyrocms\vendor\laravel\framework\src\Illuminate\Routing\Router.php(629): Illuminate\Routing\Router->runRouteWithinStack(Object(Illuminate\Routing\Route), Object(Illuminate\Http\Request))
#73 D:\phpstudy\WWW\pyrocms\vendor\laravel\framework\src\Illuminate\Routing\Router.php(607): Illuminate\Routing\Router->dispatchToRoute(Object(Illuminate\Http\Request))
#74 D:\phpstudy\WWW\pyrocms\vendor\laravel\framework\src\Illuminate\Foundation\Http\Kernel.php(268): Illuminate\Routing\Router->dispatch(Object(Illuminate\Http\Request))
#75 D:\phpstudy\WWW\pyrocms\vendor\laravel\framework\src\Illuminate\Routing\Pipeline.php(53): Illuminate\Foundation\Http\Kernel->Illuminate\Foundation\Http\{closure}(Object(Illuminate\Http\Request))
#76 D:\phpstudy\WWW\pyrocms\vendor\anomaly\streams-platform\src\Http\Middleware\SetLocale.php(88): Illuminate\Routing\Pipeline->Illuminate\Routing\{closure}(Object(Illuminate\Http\Request))
#77 D:\phpstudy\WWW\pyrocms\vendor\laravel\framework\src\Illuminate\Pipeline\Pipeline.php(137): Anomaly\Streams\Platform\Http\Middleware\SetLocale->handle(Object(Illuminate\Http\Request), Object(Closure))
#78 D:\phpstudy\WWW\pyrocms\vendor\laravel\framework\src\Illuminate\Routing\Pipeline.php(33): Illuminate\Pipeline\Pipeline->Illuminate\Pipeline\{closure}(Object(Illuminate\Http\Request))
#79 D:\phpstudy\WWW\pyrocms\vendor\laravel\framework\src\Illuminate\View\Middleware\ShareErrorsFromSession.php(49): Illuminate\Routing\Pipeline->Illuminate\Routing\{closure}(Object(Illuminate\Http\Request))
#80 D:\phpstudy\WWW\pyrocms\vendor\laravel\framework\src\Illuminate\Pipeline\Pipeline.php(137): Illuminate\View\Middleware\ShareErrorsFromSession->handle(Object(Illuminate\Http\Request), Object(Closure))
#81 D:\phpstudy\WWW\pyrocms\vendor\laravel\framework\src\Illuminate\Routing\Pipeline.php(33): Illuminate\Pipeline\Pipeline->Illuminate\Pipeline\{closure}(Object(Illuminate\Http\Request))
#82 D:\phpstudy\WWW\pyrocms\vendor\laravel\framework\src\Illuminate\Session\Middleware\StartSession.php(64): Illuminate\Routing\Pipeline->Illuminate\Routing\{closure}(Object(Illuminate\Http\Request))
#83 D:\phpstudy\WWW\pyrocms\vendor\laravel\framework\src\Illuminate\Pipeline\Pipeline.php(137): Illuminate\Session\Middleware\StartSession->handle(Object(Illuminate\Http\Request), Object(Closure))
#84 D:\phpstudy\WWW\pyrocms\vendor\laravel\framework\src\Illuminate\Routing\Pipeline.php(33): Illuminate\Pipeline\Pipeline->Illuminate\Pipeline\{closure}(Object(Illuminate\Http\Request))
#85 D:\phpstudy\WWW\pyrocms\vendor\laravel\framework\src\Illuminate\Cookie\Middleware\AddQueuedCookiesToResponse.php(37): Illuminate\Routing\Pipeline->Illuminate\Routing\{closure}(Object(Illuminate\Http\Request))
#86 D:\phpstudy\WWW\pyrocms\vendor\laravel\framework\src\Illuminate\Pipeline\Pipeline.php(137): Illuminate\Cookie\Middleware\AddQueuedCookiesToResponse->handle(Object(Illuminate\Http\Request), Object(Closure))
#87 D:\phpstudy\WWW\pyrocms\vendor\laravel\framework\src\Illuminate\Routing\Pipeline.php(33): Illuminate\Pipeline\Pipeline->Illuminate\Pipeline\{closure}(Object(Illuminate\Http\Request))
#88 D:\phpstudy\WWW\pyrocms\vendor\laravel\framework\src\Illuminate\Cookie\Middleware\EncryptCookies.php(59): Illuminate\Routing\Pipeline->Illuminate\Routing\{closure}(Object(Illuminate\Http\Request))
#89 D:\phpstudy\WWW\pyrocms\vendor\laravel\framework\src\Illuminate\Pipeline\Pipeline.php(137): Illuminate\Cookie\Middleware\EncryptCookies->handle(Object(Illuminate\Http\Request), Object(Closure))
#90 D:\phpstudy\WWW\pyrocms\vendor\laravel\framework\src\Illuminate\Routing\Pipeline.php(33): Illuminate\Pipeline\Pipeline->Illuminate\Pipeline\{closure}(Object(Illuminate\Http\Request))
#91 D:\phpstudy\WWW\pyrocms\vendor\dingo\api\src\Http\Middleware\Request.php(111): Illuminate\Routing\Pipeline->Illuminate\Routing\{closure}(Object(Illuminate\Http\Request))
#92 D:\phpstudy\WWW\pyrocms\vendor\laravel\framework\src\Illuminate\Pipeline\Pipeline.php(137): Dingo\Api\Http\Middleware\Request->handle(Object(Illuminate\Http\Request), Object(Closure))
#93 D:\phpstudy\WWW\pyrocms\vendor\laravel\framework\src\Illuminate\Routing\Pipeline.php(33): Illuminate\Pipeline\Pipeline->Illuminate\Pipeline\{closure}(Object(Illuminate\Http\Request))
#94 D:\phpstudy\WWW\pyrocms\vendor\laravel\framework\src\Illuminate\Pipeline\Pipeline.php(104): Illuminate\Routing\Pipeline->Illuminate\Routing\{closure}(Object(Illuminate\Http\Request))
#95 D:\phpstudy\WWW\pyrocms\vendor\laravel\framework\src\Illuminate\Foundation\Http\Kernel.php(150): Illuminate\Pipeline\Pipeline->then(Object(Closure))
#96 D:\phpstudy\WWW\pyrocms\vendor\laravel\framework\src\Illuminate\Foundation\Http\Kernel.php(117): Illuminate\Foundation\Http\Kernel->sendRequestThroughRouter(Object(Illuminate\Http\Request))
#97 D:\phpstudy\WWW\pyrocms\public\index.php(53): Illuminate\Foundation\Http\Kernel->handle(Object(Illuminate\Http\Request))
#98 {main}

Next Doctrine\DBAL\Driver\PDOException: SQLSTATE[42S22]: Column not found: 1054 Unknown column 'name' in 'order clause' in D:\phpstudy\WWW\pyrocms\vendor\doctrine\dbal\lib\Doctrine\DBAL\Driver\PDOConnection.php:79
Stack trace:
#0 D:\phpstudy\WWW\pyrocms\vendor\laravel\framework\src\Illuminate\Database\Connection.php(333): Doctrine\DBAL\Driver\PDOConnection->prepare('select `default...')
#1 D:\phpstudy\WWW\pyrocms\vendor\laravel\framework\src\Illuminate\Database\Connection.php(763): Illuminate\Database\Connection->Illuminate\Database\{closure}(Object(Illuminate\Database\MySqlConnection), 'select `default...', Array)
#2 D:\phpstudy\WWW\pyrocms\vendor\laravel\framework\src\Illuminate\Database\Connection.php(726): Illuminate\Database\Connection->runQueryCallback('select `default...', Array, Object(Closure))
#3 D:\phpstudy\WWW\pyrocms\vendor\laravel\framework\src\Illuminate\Database\Connection.php(351): Illuminate\Database\Connection->run('select `default...', Array, Object(Closure))
#4 D:\phpstudy\WWW\pyrocms\vendor\laravel\framework\src\Illuminate\Database\Query\Builder.php(1648): Illuminate\Database\Connection->select('select `default...', Array, true)
#5 D:\phpstudy\WWW\pyrocms\vendor\laravel\framework\src\Illuminate\Database\Query\Builder.php(1634): Illuminate\Database\Query\Builder->runSelect()
#6 D:\phpstudy\WWW\pyrocms\vendor\laravel\framework\src\Illuminate\Database\Eloquent\Builder.php(638): Illuminate\Database\Query\Builder->get(Array)
#7 D:\phpstudy\WWW\pyrocms\vendor\laravel\framework\src\Illuminate\Database\Eloquent\Builder.php(327): Illuminate\Database\Eloquent\Builder->getModels(Array)
#8 D:\phpstudy\WWW\pyrocms\vendor\anomaly\streams-platform\src\Model\EloquentQueryBuilder.php(78): Illuminate\Database\Eloquent\Builder->get(Array)
#9 D:\phpstudy\WWW\pyrocms\vendor\anomaly\streams-platform\src\Model\EloquentTableRepository.php(125): Anomaly\Streams\Platform\Model\EloquentQueryBuilder->get()
#10 D:\phpstudy\WWW\pyrocms\vendor\anomaly\streams-platform\src\Ui\Table\Command\GetTableEntries.php(66): Anomaly\Streams\Platform\Model\EloquentTableRepository->get(Object(Fannan\LotteryModule\Winning\Table\WinningTableBuilder))
#11 [internal function]: Anomaly\Streams\Platform\Ui\Table\Command\GetTableEntries->handle()
#12 D:\phpstudy\WWW\pyrocms\vendor\laravel\framework\src\Illuminate\Container\Container.php(508): call_user_func_array(Array, Array)
#13 D:\phpstudy\WWW\pyrocms\vendor\laravel\framework\src\Illuminate\Bus\Dispatcher.php(94): Illuminate\Container\Container->call(Array)
#14 D:\phpstudy\WWW\pyrocms\vendor\laravel\framework\src\Illuminate\Pipeline\Pipeline.php(151): Illuminate\Bus\Dispatcher->Illuminate\Bus\{closure}(Object(Anomaly\Streams\Platform\Ui\Table\Command\GetTableEntries))
#15 D:\phpstudy\WWW\pyrocms\vendor\laravel\framework\src\Illuminate\Pipeline\Pipeline.php(104): Illuminate\Pipeline\Pipeline->Illuminate\Pipeline\{closure}(Object(Anomaly\Streams\Platform\Ui\Table\Command\GetTableEntries))
#16 D:\phpstudy\WWW\pyrocms\vendor\laravel\framework\src\Illuminate\Bus\Dispatcher.php(98): Illuminate\Pipeline\Pipeline->then(Object(Closure))
#17 D:\phpstudy\WWW\pyrocms\vendor\laravel\framework\src\Illuminate\Bus\Dispatcher.php(75): Illuminate\Bus\Dispatcher->dispatchNow(Object(Anomaly\Streams\Platform\Ui\Table\Command\GetTableEntries))
#18 D:\phpstudy\WWW\pyrocms\vendor\laravel\framework\src\Illuminate\Foundation\Bus\DispatchesJobs.php(17): Illuminate\Bus\Dispatcher->dispatch(Object(Anomaly\Streams\Platform\Ui\Table\Command\GetTableEntries))
#19 D:\phpstudy\WWW\pyrocms\vendor\anomaly\streams-platform\src\Ui\Table\Command\BuildTable.php(95): Anomaly\Streams\Platform\Ui\Table\Command\BuildTable->dispatch(Object(Anomaly\Streams\Platform\Ui\Table\Command\GetTableEntries))
#20 [internal function]: Anomaly\Streams\Platform\Ui\Table\Command\BuildTable->handle()
#21 D:\phpstudy\WWW\pyrocms\vendor\laravel\framework\src\Illuminate\Container\Container.php(508): call_user_func_array(Array, Array)
#22 D:\phpstudy\WWW\pyrocms\vendor\laravel\framework\src\Illuminate\Bus\Dispatcher.php(94): Illuminate\Container\Container->call(Array)
#23 D:\phpstudy\WWW\pyrocms\vendor\laravel\framework\src\Illuminate\Pipeline\Pipeline.php(151): Illuminate\Bus\Dispatcher->Illuminate\Bus\{closure}(Object(Anomaly\Streams\Platform\Ui\Table\Command\BuildTable))
#24 D:\phpstudy\WWW\pyrocms\vendor\laravel\framework\src\Illuminate\Pipeline\Pipeline.php(104): Illuminate\Pipeline\Pipeline->Illuminate\Pipeline\{closure}(Object(Anomaly\Streams\Platform\Ui\Table\Command\BuildTable))
#25 D:\phpstudy\WWW\pyrocms\vendor\laravel\framework\src\Illuminate\Bus\Dispatcher.php(98): Illuminate\Pipeline\Pipeline->then(Object(Closure))
#26 D:\phpstudy\WWW\pyrocms\vendor\laravel\framework\src\Illuminate\Bus\Dispatcher.php(75): Illuminate\Bus\Dispatcher->dispatchNow(Object(Anomaly\Streams\Platform\Ui\Table\Command\BuildTable))
#27 D:\phpstudy\WWW\pyrocms\vendor\laravel\framework\src\Illuminate\Foundation\Bus\DispatchesJobs.php(17): Illuminate\Bus\Dispatcher->dispatch(Object(Anomaly\Streams\Platform\Ui\Table\Command\BuildTable))
#28 D:\phpstudy\WWW\pyrocms\vendor\anomaly\streams-platform\src\Ui\Table\TableBuilder.php(134): Anomaly\Streams\Platform\Ui\Table\TableBuilder->dispatch(Object(Anomaly\Streams\Platform\Ui\Table\Command\BuildTable))
#29 D:\phpstudy\WWW\pyrocms\vendor\anomaly\streams-platform\src\Ui\Table\TableBuilder.php(148): Anomaly\Streams\Platform\Ui\Table\TableBuilder->build()
#30 D:\phpstudy\WWW\pyrocms\vendor\anomaly\streams-platform\src\Ui\Table\TableBuilder.php(191): Anomaly\Streams\Platform\Ui\Table\TableBuilder->make()
#31 D:\phpstudy\WWW\pyrocms\addons\shared\fannan\lottery-module\src\Http\Controller\Admin\WinningController.php(18): Anomaly\Streams\Platform\Ui\Table\TableBuilder->render()
#32 [internal function]: Fannan\LotteryModule\Http\Controller\Admin\WinningController->index(Object(Fannan\LotteryModule\Winning\Table\WinningTableBuilder))
#33 D:\phpstudy\WWW\pyrocms\vendor\laravel\framework\src\Illuminate\Routing\Controller.php(55): call_user_func_array(Array, Array)
#34 D:\phpstudy\WWW\pyrocms\vendor\laravel\framework\src\Illuminate\Routing\ControllerDispatcher.php(44): Illuminate\Routing\Controller->callAction('index', Array)
#35 D:\phpstudy\WWW\pyrocms\vendor\laravel\framework\src\Illuminate\Routing\Route.php(189): Illuminate\Routing\ControllerDispatcher->dispatch(Object(Illuminate\Routing\Route), Object(Fannan\LotteryModule\Http\Controller\Admin\WinningController), 'index')
#36 D:\phpstudy\WWW\pyrocms\vendor\laravel\framework\src\Illuminate\Routing\Route.php(144): Illuminate\Routing\Route->runController()
#37 D:\phpstudy\WWW\pyrocms\vendor\laravel\framework\src\Illuminate\Routing\Router.php(653): Illuminate\Routing\Route->run(Object(Illuminate\Http\Request))
#38 D:\phpstudy\WWW\pyrocms\vendor\laravel\framework\src\Illuminate\Routing\Pipeline.php(53): Illuminate\Routing\Router->Illuminate\Routing\{closure}(Object(Illuminate\Http\Request))
#39 D:\phpstudy\WWW\pyrocms\vendor\anomaly\streams-platform\src\Http\Middleware\ApplicationReady.php(49): Illuminate\Routing\Pipeline->Illuminate\Routing\{closure}(Object(Illuminate\Http\Request))
#40 D:\phpstudy\WWW\pyrocms\vendor\laravel\framework\src\Illuminate\Pipeline\Pipeline.php(137): Anomaly\Streams\Platform\Http\Middleware\ApplicationReady->handle(Object(Illuminate\Http\Request), Object(Closure))
#41 D:\phpstudy\WWW\pyrocms\vendor\laravel\framework\src\Illuminate\Routing\Pipeline.php(33): Illuminate\Pipeline\Pipeline->Illuminate\Pipeline\{closure}(Object(Illuminate\Http\Request))
#42 D:\phpstudy\WWW\pyrocms\vendor\anomaly\streams-platform\src\Http\Middleware\SetLocale.php(88): Illuminate\Routing\Pipeline->Illuminate\Routing\{closure}(Object(Illuminate\Http\Request))
#43 D:\phpstudy\WWW\pyrocms\vendor\laravel\framework\src\Illuminate\Pipeline\Pipeline.php(137): Anomaly\Streams\Platform\Http\Middleware\SetLocale->handle(Object(Illuminate\Http\Request), Object(Closure))
#44 D:\phpstudy\WWW\pyrocms\vendor\laravel\framework\src\Illuminate\Routing\Pipeline.php(33): Illuminate\Pipeline\Pipeline->Illuminate\Pipeline\{closure}(Object(Illuminate\Http\Request))
#45 D:\phpstudy\WWW\pyrocms\vendor\anomaly\streams-platform\src\Http\Middleware\PoweredBy.php(38): Illuminate\Routing\Pipeline->Illuminate\Routing\{closure}(Object(Illuminate\Http\Request))
#46 D:\phpstudy\WWW\pyrocms\vendor\laravel\framework\src\Illuminate\Pipeline\Pipeline.php(137): Anomaly\Streams\Platform\Http\Middleware\PoweredBy->handle(Object(Illuminate\Http\Request), Object(Closure))
#47 D:\phpstudy\WWW\pyrocms\vendor\laravel\framework\src\Illuminate\Routing\Pipeline.php(33): Illuminate\Pipeline\Pipeline->Illuminate\Pipeline\{closure}(Object(Illuminate\Http\Request))
#48 D:\phpstudy\WWW\pyrocms\vendor\anomaly\streams-platform\src\Http\Middleware\VerifyCsrfToken.php(106): Illuminate\Routing\Pipeline->Illuminate\Routing\{closure}(Object(Illuminate\Http\Request))
#49 D:\phpstudy\WWW\pyrocms\vendor\laravel\framework\src\Illuminate\Pipeline\Pipeline.php(137): Anomaly\Streams\Platform\Http\Middleware\VerifyCsrfToken->handle(Object(Illuminate\Http\Request), Object(Closure))
#50 D:\phpstudy\WWW\pyrocms\vendor\laravel\framework\src\Illuminate\Routing\Pipeline.php(33): Illuminate\Pipeline\Pipeline->Illuminate\Pipeline\{closure}(Object(Illuminate\Http\Request))
#51 D:\phpstudy\WWW\pyrocms\core\anomaly\users-module\src\Http\Middleware\AuthorizeRoutePermission.php(107): Illuminate\Routing\Pipeline->Illuminate\Routing\{closure}(Object(Illuminate\Http\Request))
#52 D:\phpstudy\WWW\pyrocms\vendor\laravel\framework\src\Illuminate\Pipeline\Pipeline.php(137): Anomaly\UsersModule\Http\Middleware\AuthorizeRoutePermission->handle(Object(Illuminate\Http\Request), Object(Closure))
#53 D:\phpstudy\WWW\pyrocms\vendor\laravel\framework\src\Illuminate\Routing\Pipeline.php(33): Illuminate\Pipeline\Pipeline->Illuminate\Pipeline\{closure}(Object(Illuminate\Http\Request))
#54 D:\phpstudy\WWW\pyrocms\core\anomaly\users-module\src\Http\Middleware\AuthorizeControlPanel.php(51): Illuminate\Routing\Pipeline->Illuminate\Routing\{closure}(Object(Illuminate\Http\Request))
#55 D:\phpstudy\WWW\pyrocms\vendor\laravel\framework\src\Illuminate\Pipeline\Pipeline.php(137): Anomaly\UsersModule\Http\Middleware\AuthorizeControlPanel->handle(Object(Illuminate\Http\Request), Object(Closure))
#56 D:\phpstudy\WWW\pyrocms\vendor\laravel\framework\src\Illuminate\Routing\Pipeline.php(33): Illuminate\Pipeline\Pipeline->Illuminate\Pipeline\{closure}(Object(Illuminate\Http\Request))
#57 D:\phpstudy\WWW\pyrocms\core\anomaly\users-module\src\Http\Middleware\AuthorizeModuleAccess.php(63): Illuminate\Routing\Pipeline->Illuminate\Routing\{closure}(Object(Illuminate\Http\Request))
#58 D:\phpstudy\WWW\pyrocms\vendor\laravel\framework\src\Illuminate\Pipeline\Pipeline.php(137): Anomaly\UsersModule\Http\Middleware\AuthorizeModuleAccess->handle(Object(Illuminate\Http\Request), Object(Closure))
#59 D:\phpstudy\WWW\pyrocms\vendor\laravel\framework\src\Illuminate\Routing\Pipeline.php(33): Illuminate\Pipeline\Pipeline->Illuminate\Pipeline\{closure}(Object(Illuminate\Http\Request))
#60 D:\phpstudy\WWW\pyrocms\core\anomaly\users-module\src\Http\Middleware\AuthorizeRouteRoles.php(106): Illuminate\Routing\Pipeline->Illuminate\Routing\{closure}(Object(Illuminate\Http\Request))
#61 D:\phpstudy\WWW\pyrocms\vendor\laravel\framework\src\Illuminate\Pipeline\Pipeline.php(137): Anomaly\UsersModule\Http\Middleware\AuthorizeRouteRoles->handle(Object(Illuminate\Http\Request), Object(Closure))
#62 D:\phpstudy\WWW\pyrocms\vendor\laravel\framework\src\Illuminate\Routing\Pipeline.php(33): Illuminate\Pipeline\Pipeline->Illuminate\Pipeline\{closure}(Object(Illuminate\Http\Request))
#63 D:\phpstudy\WWW\pyrocms\core\anomaly\users-module\src\Http\Middleware\CheckSecurity.php(86): Illuminate\Routing\Pipeline->Illuminate\Routing\{closure}(Object(Illuminate\Http\Request))
#64 D:\phpstudy\WWW\pyrocms\vendor\laravel\framework\src\Illuminate\Pipeline\Pipeline.php(137): Anomaly\UsersModule\Http\Middleware\CheckSecurity->handle(Object(Illuminate\Http\Request), Object(Closure))
#65 D:\phpstudy\WWW\pyrocms\vendor\laravel\framework\src\Illuminate\Routing\Pipeline.php(33): Illuminate\Pipeline\Pipeline->Illuminate\Pipeline\{closure}(Object(Illuminate\Http\Request))
#66 D:\phpstudy\WWW\pyrocms\vendor\laravel\framework\src\Illuminate\Auth\Middleware\Authenticate.php(43): Illuminate\Routing\Pipeline->Illuminate\Routing\{closure}(Object(Illuminate\Http\Request))
#67 D:\phpstudy\WWW\pyrocms\vendor\laravel\framework\src\Illuminate\Pipeline\Pipeline.php(137): Illuminate\Auth\Middleware\Authenticate->handle(Object(Illuminate\Http\Request), Object(Closure))
#68 D:\phpstudy\WWW\pyrocms\vendor\laravel\framework\src\Illuminate\Routing\Pipeline.php(33): Illuminate\Pipeline\Pipeline->Illuminate\Pipeline\{closure}(Object(Illuminate\Http\Request))
#69 D:\phpstudy\WWW\pyrocms\vendor\laravel\framework\src\Illuminate\Pipeline\Pipeline.php(104): Illuminate\Routing\Pipeline->Illuminate\Routing\{closure}(Object(Illuminate\Http\Request))
#70 D:\phpstudy\WWW\pyrocms\vendor\laravel\framework\src\Illuminate\Routing\Router.php(655): Illuminate\Pipeline\Pipeline->then(Object(Closure))
#71 D:\phpstudy\WWW\pyrocms\vendor\laravel\framework\src\Illuminate\Routing\Router.php(629): Illuminate\Routing\Router->runRouteWithinStack(Object(Illuminate\Routing\Route), Object(Illuminate\Http\Request))
#72 D:\phpstudy\WWW\pyrocms\vendor\laravel\framework\src\Illuminate\Routing\Router.php(607): Illuminate\Routing\Router->dispatchToRoute(Object(Illuminate\Http\Request))
#73 D:\phpstudy\WWW\pyrocms\vendor\laravel\framework\src\Illuminate\Foundation\Http\Kernel.php(268): Illuminate\Routing\Router->dispatch(Object(Illuminate\Http\Request))
#74 D:\phpstudy\WWW\pyrocms\vendor\laravel\framework\src\Illuminate\Routing\Pipeline.php(53): Illuminate\Foundation\Http\Kernel->Illuminate\Foundation\Http\{closure}(Object(Illuminate\Http\Request))
#75 D:\phpstudy\WWW\pyrocms\vendor\anomaly\streams-platform\src\Http\Middleware\SetLocale.php(88): Illuminate\Routing\Pipeline->Illuminate\Routing\{closure}(Object(Illuminate\Http\Request))
#76 D:\phpstudy\WWW\pyrocms\vendor\laravel\framework\src\Illuminate\Pipeline\Pipeline.php(137): Anomaly\Streams\Platform\Http\Middleware\SetLocale->handle(Object(Illuminate\Http\Request), Object(Closure))
#77 D:\phpstudy\WWW\pyrocms\vendor\laravel\framework\src\Illuminate\Routing\Pipeline.php(33): Illuminate\Pipeline\Pipeline->Illuminate\Pipeline\{closure}(Object(Illuminate\Http\Request))
#78 D:\phpstudy\WWW\pyrocms\vendor\laravel\framework\src\Illuminate\View\Middleware\ShareErrorsFromSession.php(49): Illuminate\Routing\Pipeline->Illuminate\Routing\{closure}(Object(Illuminate\Http\Request))
#79 D:\phpstudy\WWW\pyrocms\vendor\laravel\framework\src\Illuminate\Pipeline\Pipeline.php(137): Illuminate\View\Middleware\ShareErrorsFromSession->handle(Object(Illuminate\Http\Request), Object(Closure))
#80 D:\phpstudy\WWW\pyrocms\vendor\laravel\framework\src\Illuminate\Routing\Pipeline.php(33): Illuminate\Pipeline\Pipeline->Illuminate\Pipeline\{closure}(Object(Illuminate\Http\Request))
#81 D:\phpstudy\WWW\pyrocms\vendor\laravel\framework\src\Illuminate\Session\Middleware\StartSession.php(64): Illuminate\Routing\Pipeline->Illuminate\Routing\{closure}(Object(Illuminate\Http\Request))
#82 D:\phpstudy\WWW\pyrocms\vendor\laravel\framework\src\Illuminate\Pipeline\Pipeline.php(137): Illuminate\Session\Middleware\StartSession->handle(Object(Illuminate\Http\Request), Object(Closure))
#83 D:\phpstudy\WWW\pyrocms\vendor\laravel\framework\src\Illuminate\Routing\Pipeline.php(33): Illuminate\Pipeline\Pipeline->Illuminate\Pipeline\{closure}(Object(Illuminate\Http\Request))
#84 D:\phpstudy\WWW\pyrocms\vendor\laravel\framework\src\Illuminate\Cookie\Middleware\AddQueuedCookiesToResponse.php(37): Illuminate\Routing\Pipeline->Illuminate\Routing\{closure}(Object(Illuminate\Http\Request))
#85 D:\phpstudy\WWW\pyrocms\vendor\laravel\framework\src\Illuminate\Pipeline\Pipeline.php(137): Illuminate\Cookie\Middleware\AddQueuedCookiesToResponse->handle(Object(Illuminate\Http\Request), Object(Closure))
#86 D:\phpstudy\WWW\pyrocms\vendor\laravel\framework\src\Illuminate\Routing\Pipeline.php(33): Illuminate\Pipeline\Pipeline->Illuminate\Pipeline\{closure}(Object(Illuminate\Http\Request))
#87 D:\phpstudy\WWW\pyrocms\vendor\laravel\framework\src\Illuminate\Cookie\Middleware\EncryptCookies.php(59): Illuminate\Routing\Pipeline->Illuminate\Routing\{closure}(Object(Illuminate\Http\Request))
#88 D:\phpstudy\WWW\pyrocms\vendor\laravel\framework\src\Illuminate\Pipeline\Pipeline.php(137): Illuminate\Cookie\Middleware\EncryptCookies->handle(Object(Illuminate\Http\Request), Object(Closure))
#89 D:\phpstudy\WWW\pyrocms\vendor\laravel\framework\src\Illuminate\Routing\Pipeline.php(33): Illuminate\Pipeline\Pipeline->Illuminate\Pipeline\{closure}(Object(Illuminate\Http\Request))
#90 D:\phpstudy\WWW\pyrocms\vendor\dingo\api\src\Http\Middleware\Request.php(111): Illuminate\Routing\Pipeline->Illuminate\Routing\{closure}(Object(Illuminate\Http\Request))
#91 D:\phpstudy\WWW\pyrocms\vendor\laravel\framework\src\Illuminate\Pipeline\Pipeline.php(137): Dingo\Api\Http\Middleware\Request->handle(Object(Illuminate\Http\Request), Object(Closure))
#92 D:\phpstudy\WWW\pyrocms\vendor\laravel\framework\src\Illuminate\Routing\Pipeline.php(33): Illuminate\Pipeline\Pipeline->Illuminate\Pipeline\{closure}(Object(Illuminate\Http\Request))
#93 D:\phpstudy\WWW\pyrocms\vendor\laravel\framework\src\Illuminate\Pipeline\Pipeline.php(104): Illuminate\Routing\Pipeline->Illuminate\Routing\{closure}(Object(Illuminate\Http\Request))
#94 D:\phpstudy\WWW\pyrocms\vendor\laravel\framework\src\Illuminate\Foundation\Http\Kernel.php(150): Illuminate\Pipeline\Pipeline->then(Object(Closure))
#95 D:\phpstudy\WWW\pyrocms\vendor\laravel\framework\src\Illuminate\Foundation\Http\Kernel.php(117): Illuminate\Foundation\Http\Kernel->sendRequestThroughRouter(Object(Illuminate\Http\Request))
#96 D:\phpstudy\WWW\pyrocms\public\index.php(53): Illuminate\Foundation\Http\Kernel->handle(Object(Illuminate\Http\Request))
#97 {main}

Next Illuminate\Database\QueryException: SQLSTATE[42S22]: Column not found: 1054 Unknown column 'name' in 'order clause' (SQL: select `default_lottery_winning`.* from `default_lottery_winning` order by `name` asc limit 15 offset 0) in D:\phpstudy\WWW\pyrocms\vendor\laravel\framework\src\Illuminate\Database\Connection.php:770
Stack trace:
#0 D:\phpstudy\WWW\pyrocms\vendor\laravel\framework\src\Illuminate\Database\Connection.php(726): Illuminate\Database\Connection->runQueryCallback('select `default...', Array, Object(Closure))
#1 D:\phpstudy\WWW\pyrocms\vendor\laravel\framework\src\Illuminate\Database\Connection.php(351): Illuminate\Database\Connection->run('select `default...', Array, Object(Closure))
#2 D:\phpstudy\WWW\pyrocms\vendor\laravel\framework\src\Illuminate\Database\Query\Builder.php(1648): Illuminate\Database\Connection->select('select `default...', Array, true)
#3 D:\phpstudy\WWW\pyrocms\vendor\laravel\framework\src\Illuminate\Database\Query\Builder.php(1634): Illuminate\Database\Query\Builder->runSelect()
#4 D:\phpstudy\WWW\pyrocms\vendor\laravel\framework\src\Illuminate\Database\Eloquent\Builder.php(638): Illuminate\Database\Query\Builder->get(Array)
#5 D:\phpstudy\WWW\pyrocms\vendor\laravel\framework\src\Illuminate\Database\Eloquent\Builder.php(327): Illuminate\Database\Eloquent\Builder->getModels(Array)
#6 D:\phpstudy\WWW\pyrocms\vendor\anomaly\streams-platform\src\Model\EloquentQueryBuilder.php(78): Illuminate\Database\Eloquent\Builder->get(Array)
#7 D:\phpstudy\WWW\pyrocms\vendor\anomaly\streams-platform\src\Model\EloquentTableRepository.php(125): Anomaly\Streams\Platform\Model\EloquentQueryBuilder->get()
#8 D:\phpstudy\WWW\pyrocms\vendor\anomaly\streams-platform\src\Ui\Table\Command\GetTableEntries.php(66): Anomaly\Streams\Platform\Model\EloquentTableRepository->get(Object(Fannan\LotteryModule\Winning\Table\WinningTableBuilder))
#9 [internal function]: Anomaly\Streams\Platform\Ui\Table\Command\GetTableEntries->handle()
#10 D:\phpstudy\WWW\pyrocms\vendor\laravel\framework\src\Illuminate\Container\Container.php(508): call_user_func_array(Array, Array)
#11 D:\phpstudy\WWW\pyrocms\vendor\laravel\framework\src\Illuminate\Bus\Dispatcher.php(94): Illuminate\Container\Container->call(Array)
#12 D:\phpstudy\WWW\pyrocms\vendor\laravel\framework\src\Illuminate\Pipeline\Pipeline.php(151): Illuminate\Bus\Dispatcher->Illuminate\Bus\{closure}(Object(Anomaly\Streams\Platform\Ui\Table\Command\GetTableEntries))
#13 D:\phpstudy\WWW\pyrocms\vendor\laravel\framework\src\Illuminate\Pipeline\Pipeline.php(104): Illuminate\Pipeline\Pipeline->Illuminate\Pipeline\{closure}(Object(Anomaly\Streams\Platform\Ui\Table\Command\GetTableEntries))
#14 D:\phpstudy\WWW\pyrocms\vendor\laravel\framework\src\Illuminate\Bus\Dispatcher.php(98): Illuminate\Pipeline\Pipeline->then(Object(Closure))
#15 D:\phpstudy\WWW\pyrocms\vendor\laravel\framework\src\Illuminate\Bus\Dispatcher.php(75): Illuminate\Bus\Dispatcher->dispatchNow(Object(Anomaly\Streams\Platform\Ui\Table\Command\GetTableEntries))
#16 D:\phpstudy\WWW\pyrocms\vendor\laravel\framework\src\Illuminate\Foundation\Bus\DispatchesJobs.php(17): Illuminate\Bus\Dispatcher->dispatch(Object(Anomaly\Streams\Platform\Ui\Table\Command\GetTableEntries))
#17 D:\phpstudy\WWW\pyrocms\vendor\anomaly\streams-platform\src\Ui\Table\Command\BuildTable.php(95): Anomaly\Streams\Platform\Ui\Table\Command\BuildTable->dispatch(Object(Anomaly\Streams\Platform\Ui\Table\Command\GetTableEntries))
#18 [internal function]: Anomaly\Streams\Platform\Ui\Table\Command\BuildTable->handle()
#19 D:\phpstudy\WWW\pyrocms\vendor\laravel\framework\src\Illuminate\Container\Container.php(508): call_user_func_array(Array, Array)
#20 D:\phpstudy\WWW\pyrocms\vendor\laravel\framework\src\Illuminate\Bus\Dispatcher.php(94): Illuminate\Container\Container->call(Array)
#21 D:\phpstudy\WWW\pyrocms\vendor\laravel\framework\src\Illuminate\Pipeline\Pipeline.php(151): Illuminate\Bus\Dispatcher->Illuminate\Bus\{closure}(Object(Anomaly\Streams\Platform\Ui\Table\Command\BuildTable))
#22 D:\phpstudy\WWW\pyrocms\vendor\laravel\framework\src\Illuminate\Pipeline\Pipeline.php(104): Illuminate\Pipeline\Pipeline->Illuminate\Pipeline\{closure}(Object(Anomaly\Streams\Platform\Ui\Table\Command\BuildTable))
#23 D:\phpstudy\WWW\pyrocms\vendor\laravel\framework\src\Illuminate\Bus\Dispatcher.php(98): Illuminate\Pipeline\Pipeline->then(Object(Closure))
#24 D:\phpstudy\WWW\pyrocms\vendor\laravel\framework\src\Illuminate\Bus\Dispatcher.php(75): Illuminate\Bus\Dispatcher->dispatchNow(Object(Anomaly\Streams\Platform\Ui\Table\Command\BuildTable))
#25 D:\phpstudy\WWW\pyrocms\vendor\laravel\framework\src\Illuminate\Foundation\Bus\DispatchesJobs.php(17): Illuminate\Bus\Dispatcher->dispatch(Object(Anomaly\Streams\Platform\Ui\Table\Command\BuildTable))
#26 D:\phpstudy\WWW\pyrocms\vendor\anomaly\streams-platform\src\Ui\Table\TableBuilder.php(134): Anomaly\Streams\Platform\Ui\Table\TableBuilder->dispatch(Object(Anomaly\Streams\Platform\Ui\Table\Command\BuildTable))
#27 D:\phpstudy\WWW\pyrocms\vendor\anomaly\streams-platform\src\Ui\Table\TableBuilder.php(148): Anomaly\Streams\Platform\Ui\Table\TableBuilder->build()
#28 D:\phpstudy\WWW\pyrocms\vendor\anomaly\streams-platform\src\Ui\Table\TableBuilder.php(191): Anomaly\Streams\Platform\Ui\Table\TableBuilder->make()
#29 D:\phpstudy\WWW\pyrocms\addons\shared\fannan\lottery-module\src\Http\Controller\Admin\WinningController.php(18): Anomaly\Streams\Platform\Ui\Table\TableBuilder->render()
#30 [internal function]: Fannan\LotteryModule\Http\Controller\Admin\WinningController->index(Object(Fannan\LotteryModule\Winning\Table\WinningTableBuilder))
#31 D:\phpstudy\WWW\pyrocms\vendor\laravel\framework\src\Illuminate\Routing\Controller.php(55): call_user_func_array(Array, Array)
#32 D:\phpstudy\WWW\pyrocms\vendor\laravel\framework\src\Illuminate\Routing\ControllerDispatcher.php(44): Illuminate\Routing\Controller->callAction('index', Array)
#33 D:\phpstudy\WWW\pyrocms\vendor\laravel\framework\src\Illuminate\Routing\Route.php(189): Illuminate\Routing\ControllerDispatcher->dispatch(Object(Illuminate\Routing\Route), Object(Fannan\LotteryModule\Http\Controller\Admin\WinningController), 'index')
#34 D:\phpstudy\WWW\pyrocms\vendor\laravel\framework\src\Illuminate\Routing\Route.php(144): Illuminate\Routing\Route->runController()
#35 D:\phpstudy\WWW\pyrocms\vendor\laravel\framework\src\Illuminate\Routing\Router.php(653): Illuminate\Routing\Route->run(Object(Illuminate\Http\Request))
#36 D:\phpstudy\WWW\pyrocms\vendor\laravel\framework\src\Illuminate\Routing\Pipeline.php(53): Illuminate\Routing\Router->Illuminate\Routing\{closure}(Object(Illuminate\Http\Request))
#37 D:\phpstudy\WWW\pyrocms\vendor\anomaly\streams-platform\src\Http\Middleware\ApplicationReady.php(49): Illuminate\Routing\Pipeline->Illuminate\Routing\{closure}(Object(Illuminate\Http\Request))
#38 D:\phpstudy\WWW\pyrocms\vendor\laravel\framework\src\Illuminate\Pipeline\Pipeline.php(137): Anomaly\Streams\Platform\Http\Middleware\ApplicationReady->handle(Object(Illuminate\Http\Request), Object(Closure))
#39 D:\phpstudy\WWW\pyrocms\vendor\laravel\framework\src\Illuminate\Routing\Pipeline.php(33): Illuminate\Pipeline\Pipeline->Illuminate\Pipeline\{closure}(Object(Illuminate\Http\Request))
#40 D:\phpstudy\WWW\pyrocms\vendor\anomaly\streams-platform\src\Http\Middleware\SetLocale.php(88): Illuminate\Routing\Pipeline->Illuminate\Routing\{closure}(Object(Illuminate\Http\Request))
#41 D:\phpstudy\WWW\pyrocms\vendor\laravel\framework\src\Illuminate\Pipeline\Pipeline.php(137): Anomaly\Streams\Platform\Http\Middleware\SetLocale->handle(Object(Illuminate\Http\Request), Object(Closure))
#42 D:\phpstudy\WWW\pyrocms\vendor\laravel\framework\src\Illuminate\Routing\Pipeline.php(33): Illuminate\Pipeline\Pipeline->Illuminate\Pipeline\{closure}(Object(Illuminate\Http\Request))
#43 D:\phpstudy\WWW\pyrocms\vendor\anomaly\streams-platform\src\Http\Middleware\PoweredBy.php(38): Illuminate\Routing\Pipeline->Illuminate\Routing\{closure}(Object(Illuminate\Http\Request))
#44 D:\phpstudy\WWW\pyrocms\vendor\laravel\framework\src\Illuminate\Pipeline\Pipeline.php(137): Anomaly\Streams\Platform\Http\Middleware\PoweredBy->handle(Object(Illuminate\Http\Request), Object(Closure))
#45 D:\phpstudy\WWW\pyrocms\vendor\laravel\framework\src\Illuminate\Routing\Pipeline.php(33): Illuminate\Pipeline\Pipeline->Illuminate\Pipeline\{closure}(Object(Illuminate\Http\Request))
#46 D:\phpstudy\WWW\pyrocms\vendor\anomaly\streams-platform\src\Http\Middleware\VerifyCsrfToken.php(106): Illuminate\Routing\Pipeline->Illuminate\Routing\{closure}(Object(Illuminate\Http\Request))
#47 D:\phpstudy\WWW\pyrocms\vendor\laravel\framework\src\Illuminate\Pipeline\Pipeline.php(137): Anomaly\Streams\Platform\Http\Middleware\VerifyCsrfToken->handle(Object(Illuminate\Http\Request), Object(Closure))
#48 D:\phpstudy\WWW\pyrocms\vendor\laravel\framework\src\Illuminate\Routing\Pipeline.php(33): Illuminate\Pipeline\Pipeline->Illuminate\Pipeline\{closure}(Object(Illuminate\Http\Request))
#49 D:\phpstudy\WWW\pyrocms\core\anomaly\users-module\src\Http\Middleware\AuthorizeRoutePermission.php(107): Illuminate\Routing\Pipeline->Illuminate\Routing\{closure}(Object(Illuminate\Http\Request))
#50 D:\phpstudy\WWW\pyrocms\vendor\laravel\framework\src\Illuminate\Pipeline\Pipeline.php(137): Anomaly\UsersModule\Http\Middleware\AuthorizeRoutePermission->handle(Object(Illuminate\Http\Request), Object(Closure))
#51 D:\phpstudy\WWW\pyrocms\vendor\laravel\framework\src\Illuminate\Routing\Pipeline.php(33): Illuminate\Pipeline\Pipeline->Illuminate\Pipeline\{closure}(Object(Illuminate\Http\Request))
#52 D:\phpstudy\WWW\pyrocms\core\anomaly\users-module\src\Http\Middleware\AuthorizeControlPanel.php(51): Illuminate\Routing\Pipeline->Illuminate\Routing\{closure}(Object(Illuminate\Http\Request))
#53 D:\phpstudy\WWW\pyrocms\vendor\laravel\framework\src\Illuminate\Pipeline\Pipeline.php(137): Anomaly\UsersModule\Http\Middleware\AuthorizeControlPanel->handle(Object(Illuminate\Http\Request), Object(Closure))
#54 D:\phpstudy\WWW\pyrocms\vendor\laravel\framework\src\Illuminate\Routing\Pipeline.php(33): Illuminate\Pipeline\Pipeline->Illuminate\Pipeline\{closure}(Object(Illuminate\Http\Request))
#55 D:\phpstudy\WWW\pyrocms\core\anomaly\users-module\src\Http\Middleware\AuthorizeModuleAccess.php(63): Illuminate\Routing\Pipeline->Illuminate\Routing\{closure}(Object(Illuminate\Http\Request))
#56 D:\phpstudy\WWW\pyrocms\vendor\laravel\framework\src\Illuminate\Pipeline\Pipeline.php(137): Anomaly\UsersModule\Http\Middleware\AuthorizeModuleAccess->handle(Object(Illuminate\Http\Request), Object(Closure))
#57 D:\phpstudy\WWW\pyrocms\vendor\laravel\framework\src\Illuminate\Routing\Pipeline.php(33): Illuminate\Pipeline\Pipeline->Illuminate\Pipeline\{closure}(Object(Illuminate\Http\Request))
#58 D:\phpstudy\WWW\pyrocms\core\anomaly\users-module\src\Http\Middleware\AuthorizeRouteRoles.php(106): Illuminate\Routing\Pipeline->Illuminate\Routing\{closure}(Object(Illuminate\Http\Request))
#59 D:\phpstudy\WWW\pyrocms\vendor\laravel\framework\src\Illuminate\Pipeline\Pipeline.php(137): Anomaly\UsersModule\Http\Middleware\AuthorizeRouteRoles->handle(Object(Illuminate\Http\Request), Object(Closure))
#60 D:\phpstudy\WWW\pyrocms\vendor\laravel\framework\src\Illuminate\Routing\Pipeline.php(33): Illuminate\Pipeline\Pipeline->Illuminate\Pipeline\{closure}(Object(Illuminate\Http\Request))
#61 D:\phpstudy\WWW\pyrocms\core\anomaly\users-module\src\Http\Middleware\CheckSecurity.php(86): Illuminate\Routing\Pipeline->Illuminate\Routing\{closure}(Object(Illuminate\Http\Request))
#62 D:\phpstudy\WWW\pyrocms\vendor\laravel\framework\src\Illuminate\Pipeline\Pipeline.php(137): Anomaly\UsersModule\Http\Middleware\CheckSecurity->handle(Object(Illuminate\Http\Request), Object(Closure))
#63 D:\phpstudy\WWW\pyrocms\vendor\laravel\framework\src\Illuminate\Routing\Pipeline.php(33): Illuminate\Pipeline\Pipeline->Illuminate\Pipeline\{closure}(Object(Illuminate\Http\Request))
#64 D:\phpstudy\WWW\pyrocms\vendor\laravel\framework\src\Illuminate\Auth\Middleware\Authenticate.php(43): Illuminate\Routing\Pipeline->Illuminate\Routing\{closure}(Object(Illuminate\Http\Request))
#65 D:\phpstudy\WWW\pyrocms\vendor\laravel\framework\src\Illuminate\Pipeline\Pipeline.php(137): Illuminate\Auth\Middleware\Authenticate->handle(Object(Illuminate\Http\Request), Object(Closure))
#66 D:\phpstudy\WWW\pyrocms\vendor\laravel\framework\src\Illuminate\Routing\Pipeline.php(33): Illuminate\Pipeline\Pipeline->Illuminate\Pipeline\{closure}(Object(Illuminate\Http\Request))
#67 D:\phpstudy\WWW\pyrocms\vendor\laravel\framework\src\Illuminate\Pipeline\Pipeline.php(104): Illuminate\Routing\Pipeline->Illuminate\Routing\{closure}(Object(Illuminate\Http\Request))
#68 D:\phpstudy\WWW\pyrocms\vendor\laravel\framework\src\Illuminate\Routing\Router.php(655): Illuminate\Pipeline\Pipeline->then(Object(Closure))
#69 D:\phpstudy\WWW\pyrocms\vendor\laravel\framework\src\Illuminate\Routing\Router.php(629): Illuminate\Routing\Router->runRouteWithinStack(Object(Illuminate\Routing\Route), Object(Illuminate\Http\Request))
#70 D:\phpstudy\WWW\pyrocms\vendor\laravel\framework\src\Illuminate\Routing\Router.php(607): Illuminate\Routing\Router->dispatchToRoute(Object(Illuminate\Http\Request))
#71 D:\phpstudy\WWW\pyrocms\vendor\laravel\framework\src\Illuminate\Foundation\Http\Kernel.php(268): Illuminate\Routing\Router->dispatch(Object(Illuminate\Http\Request))
#72 D:\phpstudy\WWW\pyrocms\vendor\laravel\framework\src\Illuminate\Routing\Pipeline.php(53): Illuminate\Foundation\Http\Kernel->Illuminate\Foundation\Http\{closure}(Object(Illuminate\Http\Request))
#73 D:\phpstudy\WWW\pyrocms\vendor\anomaly\streams-platform\src\Http\Middleware\SetLocale.php(88): Illuminate\Routing\Pipeline->Illuminate\Routing\{closure}(Object(Illuminate\Http\Request))
#74 D:\phpstudy\WWW\pyrocms\vendor\laravel\framework\src\Illuminate\Pipeline\Pipeline.php(137): Anomaly\Streams\Platform\Http\Middleware\SetLocale->handle(Object(Illuminate\Http\Request), Object(Closure))
#75 D:\phpstudy\WWW\pyrocms\vendor\laravel\framework\src\Illuminate\Routing\Pipeline.php(33): Illuminate\Pipeline\Pipeline->Illuminate\Pipeline\{closure}(Object(Illuminate\Http\Request))
#76 D:\phpstudy\WWW\pyrocms\vendor\laravel\framework\src\Illuminate\View\Middleware\ShareErrorsFromSession.php(49): Illuminate\Routing\Pipeline->Illuminate\Routing\{closure}(Object(Illuminate\Http\Request))
#77 D:\phpstudy\WWW\pyrocms\vendor\laravel\framework\src\Illuminate\Pipeline\Pipeline.php(137): Illuminate\View\Middleware\ShareErrorsFromSession->handle(Object(Illuminate\Http\Request), Object(Closure))
#78 D:\phpstudy\WWW\pyrocms\vendor\laravel\framework\src\Illuminate\Routing\Pipeline.php(33): Illuminate\Pipeline\Pipeline->Illuminate\Pipeline\{closure}(Object(Illuminate\Http\Request))
#79 D:\phpstudy\WWW\pyrocms\vendor\laravel\framework\src\Illuminate\Session\Middleware\StartSession.php(64): Illuminate\Routing\Pipeline->Illuminate\Routing\{closure}(Object(Illuminate\Http\Request))
#80 D:\phpstudy\WWW\pyrocms\vendor\laravel\framework\src\Illuminate\Pipeline\Pipeline.php(137): Illuminate\Session\Middleware\StartSession->handle(Object(Illuminate\Http\Request), Object(Closure))
#81 D:\phpstudy\WWW\pyrocms\vendor\laravel\framework\src\Illuminate\Routing\Pipeline.php(33): Illuminate\Pipeline\Pipeline->Illuminate\Pipeline\{closure}(Object(Illuminate\Http\Request))
#82 D:\phpstudy\WWW\pyrocms\vendor\laravel\framework\src\Illuminate\Cookie\Middleware\AddQueuedCookiesToResponse.php(37): Illuminate\Routing\Pipeline->Illuminate\Routing\{closure}(Object(Illuminate\Http\Request))
#83 D:\phpstudy\WWW\pyrocms\vendor\laravel\framework\src\Illuminate\Pipeline\Pipeline.php(137): Illuminate\Cookie\Middleware\AddQueuedCookiesToResponse->handle(Object(Illuminate\Http\Request), Object(Closure))
#84 D:\phpstudy\WWW\pyrocms\vendor\laravel\framework\src\Illuminate\Routing\Pipeline.php(33): Illuminate\Pipeline\Pipeline->Illuminate\Pipeline\{closure}(Object(Illuminate\Http\Request))
#85 D:\phpstudy\WWW\pyrocms\vendor\laravel\framework\src\Illuminate\Cookie\Middleware\EncryptCookies.php(59): Illuminate\Routing\Pipeline->Illuminate\Routing\{closure}(Object(Illuminate\Http\Request))
#86 D:\phpstudy\WWW\pyrocms\vendor\laravel\framework\src\Illuminate\Pipeline\Pipeline.php(137): Illuminate\Cookie\Middleware\EncryptCookies->handle(Object(Illuminate\Http\Request), Object(Closure))
#87 D:\phpstudy\WWW\pyrocms\vendor\laravel\framework\src\Illuminate\Routing\Pipeline.php(33): Illuminate\Pipeline\Pipeline->Illuminate\Pipeline\{closure}(Object(Illuminate\Http\Request))
#88 D:\phpstudy\WWW\pyrocms\vendor\dingo\api\src\Http\Middleware\Request.php(111): Illuminate\Routing\Pipeline->Illuminate\Routing\{closure}(Object(Illuminate\Http\Request))
#89 D:\phpstudy\WWW\pyrocms\vendor\laravel\framework\src\Illuminate\Pipeline\Pipeline.php(137): Dingo\Api\Http\Middleware\Request->handle(Object(Illuminate\Http\Request), Object(Closure))
#90 D:\phpstudy\WWW\pyrocms\vendor\laravel\framework\src\Illuminate\Routing\Pipeline.php(33): Illuminate\Pipeline\Pipeline->Illuminate\Pipeline\{closure}(Object(Illuminate\Http\Request))
#91 D:\phpstudy\WWW\pyrocms\vendor\laravel\framework\src\Illuminate\Pipeline\Pipeline.php(104): Illuminate\Routing\Pipeline->Illuminate\Routing\{closure}(Object(Illuminate\Http\Request))
#92 D:\phpstudy\WWW\pyrocms\vendor\laravel\framework\src\Illuminate\Foundation\Http\Kernel.php(150): Illuminate\Pipeline\Pipeline->then(Object(Closure))
#93 D:\phpstudy\WWW\pyrocms\vendor\laravel\framework\src\Illuminate\Foundation\Http\Kernel.php(117): Illuminate\Foundation\Http\Kernel->sendRequestThroughRouter(Object(Illuminate\Http\Request))
#94 D:\phpstudy\WWW\pyrocms\public\index.php(53): Illuminate\Foundation\Http\Kernel->handle(Object(Illuminate\Http\Request))
#95 {main} {"identification":{"id":"068ab9a7-e37d-4940-a559-d527c716881f"}} 
