[2017-09-18 08:40:04] local.ERROR: Symfony\Component\Debug\Exception\FatalErrorException: Maximum execution time of 30 seconds exceeded in D:\phpstudy\WWW\pyrocms\vendor\michelf\php-markdown\Michelf\Markdown.php:20
Stack trace:
#0 {main} {"identification":{"id":"d27cf797-d44d-4173-b1bb-4bc64246518f"}} 
[2017-09-18 09:27:49] local.ERROR: ErrorException: Trying to get property of non-object in D:\phpstudy\WWW\pyrocms\app\Http\Controllers\HomeController.php:744
Stack trace:
#0 D:\phpstudy\WWW\pyrocms\app\Http\Controllers\HomeController.php(744): Illuminate\Foundation\Bootstrap\HandleExceptions->handleError(8, 'Trying to get p...', 'D:\\phpstudy\\WWW...', 744, Array)
#1 [internal function]: App\Http\Controllers\HomeController->newsDetail(Object(Dingo\Api\Http\Request))
#2 D:\phpstudy\WWW\pyrocms\vendor\laravel\framework\src\Illuminate\Routing\Controller.php(55): call_user_func_array(Array, Array)
#3 D:\phpstudy\WWW\pyrocms\vendor\laravel\framework\src\Illuminate\Routing\ControllerDispatcher.php(44): Illuminate\Routing\Controller->callAction('newsDetail', Array)
#4 D:\phpstudy\WWW\pyrocms\vendor\laravel\framework\src\Illuminate\Routing\Route.php(189): Illuminate\Routing\ControllerDispatcher->dispatch(Object(Illuminate\Routing\Route), Object(App\Http\Controllers\HomeController), 'newsDetail')
#5 D:\phpstudy\WWW\pyrocms\vendor\laravel\framework\src\Illuminate\Routing\Route.php(144): Illuminate\Routing\Route->runController()
#6 D:\phpstudy\WWW\pyrocms\vendor\laravel\framework\src\Illuminate\Routing\Router.php(653): Illuminate\Routing\Route->run(Object(Dingo\Api\Http\Request))
#7 D:\phpstudy\WWW\pyrocms\vendor\laravel\framework\src\Illuminate\Routing\Pipeline.php(53): Illuminate\Routing\Router->Illuminate\Routing\{closure}(Object(Dingo\Api\Http\Request))
#8 D:\phpstudy\WWW\pyrocms\vendor\dingo\api\src\Http\Middleware\PrepareController.php(45): Illuminate\Routing\Pipeline->Illuminate\Routing\{closure}(Object(Dingo\Api\Http\Request))
#9 D:\phpstudy\WWW\pyrocms\vendor\laravel\framework\src\Illuminate\Pipeline\Pipeline.php(137): Dingo\Api\Http\Middleware\PrepareController->handle(Object(Dingo\Api\Http\Request), Object(Closure))
#10 D:\phpstudy\WWW\pyrocms\vendor\laravel\framework\src\Illuminate\Routing\Pipeline.php(33): Illuminate\Pipeline\Pipeline->Illuminate\Pipeline\{closure}(Object(Dingo\Api\Http\Request))
#11 D:\phpstudy\WWW\pyrocms\vendor\laravel\framework\src\Illuminate\Pipeline\Pipeline.php(104): Illuminate\Routing\Pipeline->Illuminate\Routing\{closure}(Object(Dingo\Api\Http\Request))
#12 D:\phpstudy\WWW\pyrocms\vendor\laravel\framework\src\Illuminate\Routing\Router.php(655): Illuminate\Pipeline\Pipeline->then(Object(Closure))
#13 D:\phpstudy\WWW\pyrocms\vendor\laravel\framework\src\Illuminate\Routing\Router.php(629): Illuminate\Routing\Router->runRouteWithinStack(Object(Illuminate\Routing\Route), Object(Dingo\Api\Http\Request))
#14 D:\phpstudy\WWW\pyrocms\vendor\laravel\framework\src\Illuminate\Routing\Router.php(607): Illuminate\Routing\Router->dispatchToRoute(Object(Dingo\Api\Http\Request))
#15 D:\phpstudy\WWW\pyrocms\vendor\dingo\api\src\Routing\Adapter\Laravel.php(81): Illuminate\Routing\Router->dispatch(Object(Dingo\Api\Http\Request))
#16 D:\phpstudy\WWW\pyrocms\vendor\dingo\api\src\Routing\Router.php(513): Dingo\Api\Routing\Adapter\Laravel->dispatch(Object(Dingo\Api\Http\Request), 'v1')
#17 D:\phpstudy\WWW\pyrocms\vendor\dingo\api\src\Http\Middleware\Request.php(126): Dingo\Api\Routing\Router->dispatch(Object(Dingo\Api\Http\Request))
#18 D:\phpstudy\WWW\pyrocms\vendor\laravel\framework\src\Illuminate\Pipeline\Pipeline.php(151): Dingo\Api\Http\Middleware\Request->Dingo\Api\Http\Middleware\{closure}(Object(Dingo\Api\Http\Request))
#19 D:\phpstudy\WWW\pyrocms\vendor\anomaly\streams-platform\src\Http\Middleware\SetLocale.php(88): Illuminate\Pipeline\Pipeline->Illuminate\Pipeline\{closure}(Object(Dingo\Api\Http\Request))
#20 D:\phpstudy\WWW\pyrocms\vendor\laravel\framework\src\Illuminate\Pipeline\Pipeline.php(137): Anomaly\Streams\Platform\Http\Middleware\SetLocale->handle(Object(Dingo\Api\Http\Request), Object(Closure))
#21 D:\phpstudy\WWW\pyrocms\vendor\laravel\framework\src\Illuminate\View\Middleware\ShareErrorsFromSession.php(49): Illuminate\Pipeline\Pipeline->Illuminate\Pipeline\{closure}(Object(Dingo\Api\Http\Request))
#22 D:\phpstudy\WWW\pyrocms\vendor\laravel\framework\src\Illuminate\Pipeline\Pipeline.php(137): Illuminate\View\Middleware\ShareErrorsFromSession->handle(Object(Dingo\Api\Http\Request), Object(Closure))
#23 D:\phpstudy\WWW\pyrocms\vendor\laravel\framework\src\Illuminate\Session\Middleware\StartSession.php(64): Illuminate\Pipeline\Pipeline->Illuminate\Pipeline\{closure}(Object(Dingo\Api\Http\Request))
#24 D:\phpstudy\WWW\pyrocms\vendor\laravel\framework\src\Illuminate\Pipeline\Pipeline.php(137): Illuminate\Session\Middleware\StartSession->handle(Object(Dingo\Api\Http\Request), Object(Closure))
#25 D:\phpstudy\WWW\pyrocms\vendor\laravel\framework\src\Illuminate\Cookie\Middleware\AddQueuedCookiesToResponse.php(37): Illuminate\Pipeline\Pipeline->Illuminate\Pipeline\{closure}(Object(Dingo\Api\Http\Request))
#26 D:\phpstudy\WWW\pyrocms\vendor\laravel\framework\src\Illuminate\Pipeline\Pipeline.php(137): Illuminate\Cookie\Middleware\AddQueuedCookiesToResponse->handle(Object(Dingo\Api\Http\Request), Object(Closure))
#27 D:\phpstudy\WWW\pyrocms\vendor\laravel\framework\src\Illuminate\Cookie\Middleware\EncryptCookies.php(59): Illuminate\Pipeline\Pipeline->Illuminate\Pipeline\{closure}(Object(Dingo\Api\Http\Request))
#28 D:\phpstudy\WWW\pyrocms\vendor\laravel\framework\src\Illuminate\Pipeline\Pipeline.php(137): Illuminate\Cookie\Middleware\EncryptCookies->handle(Object(Dingo\Api\Http\Request), Object(Closure))
#29 D:\phpstudy\WWW\pyrocms\vendor\laravel\framework\src\Illuminate\Pipeline\Pipeline.php(104): Illuminate\Pipeline\Pipeline->Illuminate\Pipeline\{closure}(Object(Dingo\Api\Http\Request))
#30 D:\phpstudy\WWW\pyrocms\vendor\dingo\api\src\Http\Middleware\Request.php(127): Illuminate\Pipeline\Pipeline->then(Object(Closure))
#31 D:\phpstudy\WWW\pyrocms\vendor\dingo\api\src\Http\Middleware\Request.php(103): Dingo\Api\Http\Middleware\Request->sendRequestThroughRouter(Object(Dingo\Api\Http\Request))
#32 D:\phpstudy\WWW\pyrocms\vendor\laravel\framework\src\Illuminate\Pipeline\Pipeline.php(137): Dingo\Api\Http\Middleware\Request->handle(Object(Dingo\Api\Http\Request), Object(Closure))
#33 D:\phpstudy\WWW\pyrocms\vendor\laravel\framework\src\Illuminate\Routing\Pipeline.php(33): Illuminate\Pipeline\Pipeline->Illuminate\Pipeline\{closure}(Object(Illuminate\Http\Request))
#34 D:\phpstudy\WWW\pyrocms\vendor\laravel\framework\src\Illuminate\Pipeline\Pipeline.php(104): Illuminate\Routing\Pipeline->Illuminate\Routing\{closure}(Object(Illuminate\Http\Request))
#35 D:\phpstudy\WWW\pyrocms\vendor\laravel\framework\src\Illuminate\Foundation\Http\Kernel.php(150): Illuminate\Pipeline\Pipeline->then(Object(Closure))
#36 D:\phpstudy\WWW\pyrocms\vendor\laravel\framework\src\Illuminate\Foundation\Http\Kernel.php(117): Illuminate\Foundation\Http\Kernel->sendRequestThroughRouter(Object(Illuminate\Http\Request))
#37 D:\phpstudy\WWW\pyrocms\public\index.php(53): Illuminate\Foundation\Http\Kernel->handle(Object(Illuminate\Http\Request))
#38 {main} {"identification":{"id":"883c2dfc-7f9c-4bc5-9b80-a1877d7aac6b"}} 
[2017-09-18 09:27:49] local.ERROR: ErrorException: Trying to get property of non-object in D:\phpstudy\WWW\pyrocms\app\Http\Controllers\HomeController.php:744
Stack trace:
#0 D:\phpstudy\WWW\pyrocms\app\Http\Controllers\HomeController.php(744): Illuminate\Foundation\Bootstrap\HandleExceptions->handleError(8, 'Trying to get p...', 'D:\\phpstudy\\WWW...', 744, Array)
#1 [internal function]: App\Http\Controllers\HomeController->newsDetail(Object(Dingo\Api\Http\Request))
#2 D:\phpstudy\WWW\pyrocms\vendor\laravel\framework\src\Illuminate\Routing\Controller.php(55): call_user_func_array(Array, Array)
#3 D:\phpstudy\WWW\pyrocms\vendor\laravel\framework\src\Illuminate\Routing\ControllerDispatcher.php(44): Illuminate\Routing\Controller->callAction('newsDetail', Array)
#4 D:\phpstudy\WWW\pyrocms\vendor\laravel\framework\src\Illuminate\Routing\Route.php(189): Illuminate\Routing\ControllerDispatcher->dispatch(Object(Illuminate\Routing\Route), Object(App\Http\Controllers\HomeController), 'newsDetail')
#5 D:\phpstudy\WWW\pyrocms\vendor\laravel\framework\src\Illuminate\Routing\Route.php(144): Illuminate\Routing\Route->runController()
#6 D:\phpstudy\WWW\pyrocms\vendor\laravel\framework\src\Illuminate\Routing\Router.php(653): Illuminate\Routing\Route->run(Object(Dingo\Api\Http\Request))
#7 D:\phpstudy\WWW\pyrocms\vendor\laravel\framework\src\Illuminate\Routing\Pipeline.php(53): Illuminate\Routing\Router->Illuminate\Routing\{closure}(Object(Dingo\Api\Http\Request))
#8 D:\phpstudy\WWW\pyrocms\vendor\dingo\api\src\Http\Middleware\PrepareController.php(45): Illuminate\Routing\Pipeline->Illuminate\Routing\{closure}(Object(Dingo\Api\Http\Request))
#9 D:\phpstudy\WWW\pyrocms\vendor\laravel\framework\src\Illuminate\Pipeline\Pipeline.php(137): Dingo\Api\Http\Middleware\PrepareController->handle(Object(Dingo\Api\Http\Request), Object(Closure))
#10 D:\phpstudy\WWW\pyrocms\vendor\laravel\framework\src\Illuminate\Routing\Pipeline.php(33): Illuminate\Pipeline\Pipeline->Illuminate\Pipeline\{closure}(Object(Dingo\Api\Http\Request))
#11 D:\phpstudy\WWW\pyrocms\vendor\laravel\framework\src\Illuminate\Pipeline\Pipeline.php(104): Illuminate\Routing\Pipeline->Illuminate\Routing\{closure}(Object(Dingo\Api\Http\Request))
#12 D:\phpstudy\WWW\pyrocms\vendor\laravel\framework\src\Illuminate\Routing\Router.php(655): Illuminate\Pipeline\Pipeline->then(Object(Closure))
#13 D:\phpstudy\WWW\pyrocms\vendor\laravel\framework\src\Illuminate\Routing\Router.php(629): Illuminate\Routing\Router->runRouteWithinStack(Object(Illuminate\Routing\Route), Object(Dingo\Api\Http\Request))
#14 D:\phpstudy\WWW\pyrocms\vendor\laravel\framework\src\Illuminate\Routing\Router.php(607): Illuminate\Routing\Router->dispatchToRoute(Object(Dingo\Api\Http\Request))
#15 D:\phpstudy\WWW\pyrocms\vendor\dingo\api\src\Routing\Adapter\Laravel.php(81): Illuminate\Routing\Router->dispatch(Object(Dingo\Api\Http\Request))
#16 D:\phpstudy\WWW\pyrocms\vendor\dingo\api\src\Routing\Router.php(513): Dingo\Api\Routing\Adapter\Laravel->dispatch(Object(Dingo\Api\Http\Request), 'v1')
#17 D:\phpstudy\WWW\pyrocms\vendor\dingo\api\src\Http\Middleware\Request.php(126): Dingo\Api\Routing\Router->dispatch(Object(Dingo\Api\Http\Request))
#18 D:\phpstudy\WWW\pyrocms\vendor\laravel\framework\src\Illuminate\Pipeline\Pipeline.php(151): Dingo\Api\Http\Middleware\Request->Dingo\Api\Http\Middleware\{closure}(Object(Dingo\Api\Http\Request))
#19 D:\phpstudy\WWW\pyrocms\vendor\anomaly\streams-platform\src\Http\Middleware\SetLocale.php(88): Illuminate\Pipeline\Pipeline->Illuminate\Pipeline\{closure}(Object(Dingo\Api\Http\Request))
#20 D:\phpstudy\WWW\pyrocms\vendor\laravel\framework\src\Illuminate\Pipeline\Pipeline.php(137): Anomaly\Streams\Platform\Http\Middleware\SetLocale->handle(Object(Dingo\Api\Http\Request), Object(Closure))
#21 D:\phpstudy\WWW\pyrocms\vendor\laravel\framework\src\Illuminate\View\Middleware\ShareErrorsFromSession.php(49): Illuminate\Pipeline\Pipeline->Illuminate\Pipeline\{closure}(Object(Dingo\Api\Http\Request))
#22 D:\phpstudy\WWW\pyrocms\vendor\laravel\framework\src\Illuminate\Pipeline\Pipeline.php(137): Illuminate\View\Middleware\ShareErrorsFromSession->handle(Object(Dingo\Api\Http\Request), Object(Closure))
#23 D:\phpstudy\WWW\pyrocms\vendor\laravel\framework\src\Illuminate\Session\Middleware\StartSession.php(64): Illuminate\Pipeline\Pipeline->Illuminate\Pipeline\{closure}(Object(Dingo\Api\Http\Request))
#24 D:\phpstudy\WWW\pyrocms\vendor\laravel\framework\src\Illuminate\Pipeline\Pipeline.php(137): Illuminate\Session\Middleware\StartSession->handle(Object(Dingo\Api\Http\Request), Object(Closure))
#25 D:\phpstudy\WWW\pyrocms\vendor\laravel\framework\src\Illuminate\Cookie\Middleware\AddQueuedCookiesToResponse.php(37): Illuminate\Pipeline\Pipeline->Illuminate\Pipeline\{closure}(Object(Dingo\Api\Http\Request))
#26 D:\phpstudy\WWW\pyrocms\vendor\laravel\framework\src\Illuminate\Pipeline\Pipeline.php(137): Illuminate\Cookie\Middleware\AddQueuedCookiesToResponse->handle(Object(Dingo\Api\Http\Request), Object(Closure))
#27 D:\phpstudy\WWW\pyrocms\vendor\laravel\framework\src\Illuminate\Cookie\Middleware\EncryptCookies.php(59): Illuminate\Pipeline\Pipeline->Illuminate\Pipeline\{closure}(Object(Dingo\Api\Http\Request))
#28 D:\phpstudy\WWW\pyrocms\vendor\laravel\framework\src\Illuminate\Pipeline\Pipeline.php(137): Illuminate\Cookie\Middleware\EncryptCookies->handle(Object(Dingo\Api\Http\Request), Object(Closure))
#29 D:\phpstudy\WWW\pyrocms\vendor\laravel\framework\src\Illuminate\Pipeline\Pipeline.php(104): Illuminate\Pipeline\Pipeline->Illuminate\Pipeline\{closure}(Object(Dingo\Api\Http\Request))
#30 D:\phpstudy\WWW\pyrocms\vendor\dingo\api\src\Http\Middleware\Request.php(127): Illuminate\Pipeline\Pipeline->then(Object(Closure))
#31 D:\phpstudy\WWW\pyrocms\vendor\dingo\api\src\Http\Middleware\Request.php(103): Dingo\Api\Http\Middleware\Request->sendRequestThroughRouter(Object(Dingo\Api\Http\Request))
#32 D:\phpstudy\WWW\pyrocms\vendor\laravel\framework\src\Illuminate\Pipeline\Pipeline.php(137): Dingo\Api\Http\Middleware\Request->handle(Object(Dingo\Api\Http\Request), Object(Closure))
#33 D:\phpstudy\WWW\pyrocms\vendor\laravel\framework\src\Illuminate\Routing\Pipeline.php(33): Illuminate\Pipeline\Pipeline->Illuminate\Pipeline\{closure}(Object(Illuminate\Http\Request))
#34 D:\phpstudy\WWW\pyrocms\vendor\laravel\framework\src\Illuminate\Pipeline\Pipeline.php(104): Illuminate\Routing\Pipeline->Illuminate\Routing\{closure}(Object(Illuminate\Http\Request))
#35 D:\phpstudy\WWW\pyrocms\vendor\laravel\framework\src\Illuminate\Foundation\Http\Kernel.php(150): Illuminate\Pipeline\Pipeline->then(Object(Closure))
#36 D:\phpstudy\WWW\pyrocms\vendor\laravel\framework\src\Illuminate\Foundation\Http\Kernel.php(117): Illuminate\Foundation\Http\Kernel->sendRequestThroughRouter(Object(Illuminate\Http\Request))
#37 D:\phpstudy\WWW\pyrocms\public\index.php(53): Illuminate\Foundation\Http\Kernel->handle(Object(Illuminate\Http\Request))
#38 {main} {"identification":{"id":"883c2dfc-7f9c-4bc5-9b80-a1877d7aac6b"}} 
[2017-09-18 09:28:00] local.ERROR: ErrorException: Trying to get property of non-object in D:\phpstudy\WWW\pyrocms\app\Http\Controllers\HomeController.php:744
Stack trace:
#0 D:\phpstudy\WWW\pyrocms\app\Http\Controllers\HomeController.php(744): Illuminate\Foundation\Bootstrap\HandleExceptions->handleError(8, 'Trying to get p...', 'D:\\phpstudy\\WWW...', 744, Array)
#1 [internal function]: App\Http\Controllers\HomeController->newsDetail(Object(Dingo\Api\Http\Request))
#2 D:\phpstudy\WWW\pyrocms\vendor\laravel\framework\src\Illuminate\Routing\Controller.php(55): call_user_func_array(Array, Array)
#3 D:\phpstudy\WWW\pyrocms\vendor\laravel\framework\src\Illuminate\Routing\ControllerDispatcher.php(44): Illuminate\Routing\Controller->callAction('newsDetail', Array)
#4 D:\phpstudy\WWW\pyrocms\vendor\laravel\framework\src\Illuminate\Routing\Route.php(189): Illuminate\Routing\ControllerDispatcher->dispatch(Object(Illuminate\Routing\Route), Object(App\Http\Controllers\HomeController), 'newsDetail')
#5 D:\phpstudy\WWW\pyrocms\vendor\laravel\framework\src\Illuminate\Routing\Route.php(144): Illuminate\Routing\Route->runController()
#6 D:\phpstudy\WWW\pyrocms\vendor\laravel\framework\src\Illuminate\Routing\Router.php(653): Illuminate\Routing\Route->run(Object(Dingo\Api\Http\Request))
#7 D:\phpstudy\WWW\pyrocms\vendor\laravel\framework\src\Illuminate\Routing\Pipeline.php(53): Illuminate\Routing\Router->Illuminate\Routing\{closure}(Object(Dingo\Api\Http\Request))
#8 D:\phpstudy\WWW\pyrocms\vendor\dingo\api\src\Http\Middleware\PrepareController.php(45): Illuminate\Routing\Pipeline->Illuminate\Routing\{closure}(Object(Dingo\Api\Http\Request))
#9 D:\phpstudy\WWW\pyrocms\vendor\laravel\framework\src\Illuminate\Pipeline\Pipeline.php(137): Dingo\Api\Http\Middleware\PrepareController->handle(Object(Dingo\Api\Http\Request), Object(Closure))
#10 D:\phpstudy\WWW\pyrocms\vendor\laravel\framework\src\Illuminate\Routing\Pipeline.php(33): Illuminate\Pipeline\Pipeline->Illuminate\Pipeline\{closure}(Object(Dingo\Api\Http\Request))
#11 D:\phpstudy\WWW\pyrocms\vendor\laravel\framework\src\Illuminate\Pipeline\Pipeline.php(104): Illuminate\Routing\Pipeline->Illuminate\Routing\{closure}(Object(Dingo\Api\Http\Request))
#12 D:\phpstudy\WWW\pyrocms\vendor\laravel\framework\src\Illuminate\Routing\Router.php(655): Illuminate\Pipeline\Pipeline->then(Object(Closure))
#13 D:\phpstudy\WWW\pyrocms\vendor\laravel\framework\src\Illuminate\Routing\Router.php(629): Illuminate\Routing\Router->runRouteWithinStack(Object(Illuminate\Routing\Route), Object(Dingo\Api\Http\Request))
#14 D:\phpstudy\WWW\pyrocms\vendor\laravel\framework\src\Illuminate\Routing\Router.php(607): Illuminate\Routing\Router->dispatchToRoute(Object(Dingo\Api\Http\Request))
#15 D:\phpstudy\WWW\pyrocms\vendor\dingo\api\src\Routing\Adapter\Laravel.php(81): Illuminate\Routing\Router->dispatch(Object(Dingo\Api\Http\Request))
#16 D:\phpstudy\WWW\pyrocms\vendor\dingo\api\src\Routing\Router.php(513): Dingo\Api\Routing\Adapter\Laravel->dispatch(Object(Dingo\Api\Http\Request), 'v1')
#17 D:\phpstudy\WWW\pyrocms\vendor\dingo\api\src\Http\Middleware\Request.php(126): Dingo\Api\Routing\Router->dispatch(Object(Dingo\Api\Http\Request))
#18 D:\phpstudy\WWW\pyrocms\vendor\laravel\framework\src\Illuminate\Pipeline\Pipeline.php(151): Dingo\Api\Http\Middleware\Request->Dingo\Api\Http\Middleware\{closure}(Object(Dingo\Api\Http\Request))
#19 D:\phpstudy\WWW\pyrocms\vendor\anomaly\streams-platform\src\Http\Middleware\SetLocale.php(88): Illuminate\Pipeline\Pipeline->Illuminate\Pipeline\{closure}(Object(Dingo\Api\Http\Request))
#20 D:\phpstudy\WWW\pyrocms\vendor\laravel\framework\src\Illuminate\Pipeline\Pipeline.php(137): Anomaly\Streams\Platform\Http\Middleware\SetLocale->handle(Object(Dingo\Api\Http\Request), Object(Closure))
#21 D:\phpstudy\WWW\pyrocms\vendor\laravel\framework\src\Illuminate\View\Middleware\ShareErrorsFromSession.php(49): Illuminate\Pipeline\Pipeline->Illuminate\Pipeline\{closure}(Object(Dingo\Api\Http\Request))
#22 D:\phpstudy\WWW\pyrocms\vendor\laravel\framework\src\Illuminate\Pipeline\Pipeline.php(137): Illuminate\View\Middleware\ShareErrorsFromSession->handle(Object(Dingo\Api\Http\Request), Object(Closure))
#23 D:\phpstudy\WWW\pyrocms\vendor\laravel\framework\src\Illuminate\Session\Middleware\StartSession.php(64): Illuminate\Pipeline\Pipeline->Illuminate\Pipeline\{closure}(Object(Dingo\Api\Http\Request))
#24 D:\phpstudy\WWW\pyrocms\vendor\laravel\framework\src\Illuminate\Pipeline\Pipeline.php(137): Illuminate\Session\Middleware\StartSession->handle(Object(Dingo\Api\Http\Request), Object(Closure))
#25 D:\phpstudy\WWW\pyrocms\vendor\laravel\framework\src\Illuminate\Cookie\Middleware\AddQueuedCookiesToResponse.php(37): Illuminate\Pipeline\Pipeline->Illuminate\Pipeline\{closure}(Object(Dingo\Api\Http\Request))
#26 D:\phpstudy\WWW\pyrocms\vendor\laravel\framework\src\Illuminate\Pipeline\Pipeline.php(137): Illuminate\Cookie\Middleware\AddQueuedCookiesToResponse->handle(Object(Dingo\Api\Http\Request), Object(Closure))
#27 D:\phpstudy\WWW\pyrocms\vendor\laravel\framework\src\Illuminate\Cookie\Middleware\EncryptCookies.php(59): Illuminate\Pipeline\Pipeline->Illuminate\Pipeline\{closure}(Object(Dingo\Api\Http\Request))
#28 D:\phpstudy\WWW\pyrocms\vendor\laravel\framework\src\Illuminate\Pipeline\Pipeline.php(137): Illuminate\Cookie\Middleware\EncryptCookies->handle(Object(Dingo\Api\Http\Request), Object(Closure))
#29 D:\phpstudy\WWW\pyrocms\vendor\laravel\framework\src\Illuminate\Pipeline\Pipeline.php(104): Illuminate\Pipeline\Pipeline->Illuminate\Pipeline\{closure}(Object(Dingo\Api\Http\Request))
#30 D:\phpstudy\WWW\pyrocms\vendor\dingo\api\src\Http\Middleware\Request.php(127): Illuminate\Pipeline\Pipeline->then(Object(Closure))
#31 D:\phpstudy\WWW\pyrocms\vendor\dingo\api\src\Http\Middleware\Request.php(103): Dingo\Api\Http\Middleware\Request->sendRequestThroughRouter(Object(Dingo\Api\Http\Request))
#32 D:\phpstudy\WWW\pyrocms\vendor\laravel\framework\src\Illuminate\Pipeline\Pipeline.php(137): Dingo\Api\Http\Middleware\Request->handle(Object(Dingo\Api\Http\Request), Object(Closure))
#33 D:\phpstudy\WWW\pyrocms\vendor\laravel\framework\src\Illuminate\Routing\Pipeline.php(33): Illuminate\Pipeline\Pipeline->Illuminate\Pipeline\{closure}(Object(Illuminate\Http\Request))
#34 D:\phpstudy\WWW\pyrocms\vendor\laravel\framework\src\Illuminate\Pipeline\Pipeline.php(104): Illuminate\Routing\Pipeline->Illuminate\Routing\{closure}(Object(Illuminate\Http\Request))
#35 D:\phpstudy\WWW\pyrocms\vendor\laravel\framework\src\Illuminate\Foundation\Http\Kernel.php(150): Illuminate\Pipeline\Pipeline->then(Object(Closure))
#36 D:\phpstudy\WWW\pyrocms\vendor\laravel\framework\src\Illuminate\Foundation\Http\Kernel.php(117): Illuminate\Foundation\Http\Kernel->sendRequestThroughRouter(Object(Illuminate\Http\Request))
#37 D:\phpstudy\WWW\pyrocms\public\index.php(53): Illuminate\Foundation\Http\Kernel->handle(Object(Illuminate\Http\Request))
#38 {main} {"identification":{"id":"e6164abf-0e69-423b-89d6-99464df01601"}} 
[2017-09-18 09:28:00] local.ERROR: ErrorException: Trying to get property of non-object in D:\phpstudy\WWW\pyrocms\app\Http\Controllers\HomeController.php:744
Stack trace:
#0 D:\phpstudy\WWW\pyrocms\app\Http\Controllers\HomeController.php(744): Illuminate\Foundation\Bootstrap\HandleExceptions->handleError(8, 'Trying to get p...', 'D:\\phpstudy\\WWW...', 744, Array)
#1 [internal function]: App\Http\Controllers\HomeController->newsDetail(Object(Dingo\Api\Http\Request))
#2 D:\phpstudy\WWW\pyrocms\vendor\laravel\framework\src\Illuminate\Routing\Controller.php(55): call_user_func_array(Array, Array)
#3 D:\phpstudy\WWW\pyrocms\vendor\laravel\framework\src\Illuminate\Routing\ControllerDispatcher.php(44): Illuminate\Routing\Controller->callAction('newsDetail', Array)
#4 D:\phpstudy\WWW\pyrocms\vendor\laravel\framework\src\Illuminate\Routing\Route.php(189): Illuminate\Routing\ControllerDispatcher->dispatch(Object(Illuminate\Routing\Route), Object(App\Http\Controllers\HomeController), 'newsDetail')
#5 D:\phpstudy\WWW\pyrocms\vendor\laravel\framework\src\Illuminate\Routing\Route.php(144): Illuminate\Routing\Route->runController()
#6 D:\phpstudy\WWW\pyrocms\vendor\laravel\framework\src\Illuminate\Routing\Router.php(653): Illuminate\Routing\Route->run(Object(Dingo\Api\Http\Request))
#7 D:\phpstudy\WWW\pyrocms\vendor\laravel\framework\src\Illuminate\Routing\Pipeline.php(53): Illuminate\Routing\Router->Illuminate\Routing\{closure}(Object(Dingo\Api\Http\Request))
#8 D:\phpstudy\WWW\pyrocms\vendor\dingo\api\src\Http\Middleware\PrepareController.php(45): Illuminate\Routing\Pipeline->Illuminate\Routing\{closure}(Object(Dingo\Api\Http\Request))
#9 D:\phpstudy\WWW\pyrocms\vendor\laravel\framework\src\Illuminate\Pipeline\Pipeline.php(137): Dingo\Api\Http\Middleware\PrepareController->handle(Object(Dingo\Api\Http\Request), Object(Closure))
#10 D:\phpstudy\WWW\pyrocms\vendor\laravel\framework\src\Illuminate\Routing\Pipeline.php(33): Illuminate\Pipeline\Pipeline->Illuminate\Pipeline\{closure}(Object(Dingo\Api\Http\Request))
#11 D:\phpstudy\WWW\pyrocms\vendor\laravel\framework\src\Illuminate\Pipeline\Pipeline.php(104): Illuminate\Routing\Pipeline->Illuminate\Routing\{closure}(Object(Dingo\Api\Http\Request))
#12 D:\phpstudy\WWW\pyrocms\vendor\laravel\framework\src\Illuminate\Routing\Router.php(655): Illuminate\Pipeline\Pipeline->then(Object(Closure))
#13 D:\phpstudy\WWW\pyrocms\vendor\laravel\framework\src\Illuminate\Routing\Router.php(629): Illuminate\Routing\Router->runRouteWithinStack(Object(Illuminate\Routing\Route), Object(Dingo\Api\Http\Request))
#14 D:\phpstudy\WWW\pyrocms\vendor\laravel\framework\src\Illuminate\Routing\Router.php(607): Illuminate\Routing\Router->dispatchToRoute(Object(Dingo\Api\Http\Request))
#15 D:\phpstudy\WWW\pyrocms\vendor\dingo\api\src\Routing\Adapter\Laravel.php(81): Illuminate\Routing\Router->dispatch(Object(Dingo\Api\Http\Request))
#16 D:\phpstudy\WWW\pyrocms\vendor\dingo\api\src\Routing\Router.php(513): Dingo\Api\Routing\Adapter\Laravel->dispatch(Object(Dingo\Api\Http\Request), 'v1')
#17 D:\phpstudy\WWW\pyrocms\vendor\dingo\api\src\Http\Middleware\Request.php(126): Dingo\Api\Routing\Router->dispatch(Object(Dingo\Api\Http\Request))
#18 D:\phpstudy\WWW\pyrocms\vendor\laravel\framework\src\Illuminate\Pipeline\Pipeline.php(151): Dingo\Api\Http\Middleware\Request->Dingo\Api\Http\Middleware\{closure}(Object(Dingo\Api\Http\Request))
#19 D:\phpstudy\WWW\pyrocms\vendor\anomaly\streams-platform\src\Http\Middleware\SetLocale.php(88): Illuminate\Pipeline\Pipeline->Illuminate\Pipeline\{closure}(Object(Dingo\Api\Http\Request))
#20 D:\phpstudy\WWW\pyrocms\vendor\laravel\framework\src\Illuminate\Pipeline\Pipeline.php(137): Anomaly\Streams\Platform\Http\Middleware\SetLocale->handle(Object(Dingo\Api\Http\Request), Object(Closure))
#21 D:\phpstudy\WWW\pyrocms\vendor\laravel\framework\src\Illuminate\View\Middleware\ShareErrorsFromSession.php(49): Illuminate\Pipeline\Pipeline->Illuminate\Pipeline\{closure}(Object(Dingo\Api\Http\Request))
#22 D:\phpstudy\WWW\pyrocms\vendor\laravel\framework\src\Illuminate\Pipeline\Pipeline.php(137): Illuminate\View\Middleware\ShareErrorsFromSession->handle(Object(Dingo\Api\Http\Request), Object(Closure))
#23 D:\phpstudy\WWW\pyrocms\vendor\laravel\framework\src\Illuminate\Session\Middleware\StartSession.php(64): Illuminate\Pipeline\Pipeline->Illuminate\Pipeline\{closure}(Object(Dingo\Api\Http\Request))
#24 D:\phpstudy\WWW\pyrocms\vendor\laravel\framework\src\Illuminate\Pipeline\Pipeline.php(137): Illuminate\Session\Middleware\StartSession->handle(Object(Dingo\Api\Http\Request), Object(Closure))
#25 D:\phpstudy\WWW\pyrocms\vendor\laravel\framework\src\Illuminate\Cookie\Middleware\AddQueuedCookiesToResponse.php(37): Illuminate\Pipeline\Pipeline->Illuminate\Pipeline\{closure}(Object(Dingo\Api\Http\Request))
#26 D:\phpstudy\WWW\pyrocms\vendor\laravel\framework\src\Illuminate\Pipeline\Pipeline.php(137): Illuminate\Cookie\Middleware\AddQueuedCookiesToResponse->handle(Object(Dingo\Api\Http\Request), Object(Closure))
#27 D:\phpstudy\WWW\pyrocms\vendor\laravel\framework\src\Illuminate\Cookie\Middleware\EncryptCookies.php(59): Illuminate\Pipeline\Pipeline->Illuminate\Pipeline\{closure}(Object(Dingo\Api\Http\Request))
#28 D:\phpstudy\WWW\pyrocms\vendor\laravel\framework\src\Illuminate\Pipeline\Pipeline.php(137): Illuminate\Cookie\Middleware\EncryptCookies->handle(Object(Dingo\Api\Http\Request), Object(Closure))
#29 D:\phpstudy\WWW\pyrocms\vendor\laravel\framework\src\Illuminate\Pipeline\Pipeline.php(104): Illuminate\Pipeline\Pipeline->Illuminate\Pipeline\{closure}(Object(Dingo\Api\Http\Request))
#30 D:\phpstudy\WWW\pyrocms\vendor\dingo\api\src\Http\Middleware\Request.php(127): Illuminate\Pipeline\Pipeline->then(Object(Closure))
#31 D:\phpstudy\WWW\pyrocms\vendor\dingo\api\src\Http\Middleware\Request.php(103): Dingo\Api\Http\Middleware\Request->sendRequestThroughRouter(Object(Dingo\Api\Http\Request))
#32 D:\phpstudy\WWW\pyrocms\vendor\laravel\framework\src\Illuminate\Pipeline\Pipeline.php(137): Dingo\Api\Http\Middleware\Request->handle(Object(Dingo\Api\Http\Request), Object(Closure))
#33 D:\phpstudy\WWW\pyrocms\vendor\laravel\framework\src\Illuminate\Routing\Pipeline.php(33): Illuminate\Pipeline\Pipeline->Illuminate\Pipeline\{closure}(Object(Illuminate\Http\Request))
#34 D:\phpstudy\WWW\pyrocms\vendor\laravel\framework\src\Illuminate\Pipeline\Pipeline.php(104): Illuminate\Routing\Pipeline->Illuminate\Routing\{closure}(Object(Illuminate\Http\Request))
#35 D:\phpstudy\WWW\pyrocms\vendor\laravel\framework\src\Illuminate\Foundation\Http\Kernel.php(150): Illuminate\Pipeline\Pipeline->then(Object(Closure))
#36 D:\phpstudy\WWW\pyrocms\vendor\laravel\framework\src\Illuminate\Foundation\Http\Kernel.php(117): Illuminate\Foundation\Http\Kernel->sendRequestThroughRouter(Object(Illuminate\Http\Request))
#37 D:\phpstudy\WWW\pyrocms\public\index.php(53): Illuminate\Foundation\Http\Kernel->handle(Object(Illuminate\Http\Request))
#38 {main} {"identification":{"id":"e6164abf-0e69-423b-89d6-99464df01601"}} 
[2017-09-18 09:28:02] local.ERROR: ErrorException: Trying to get property of non-object in D:\phpstudy\WWW\pyrocms\app\Http\Controllers\HomeController.php:744
Stack trace:
#0 D:\phpstudy\WWW\pyrocms\app\Http\Controllers\HomeController.php(744): Illuminate\Foundation\Bootstrap\HandleExceptions->handleError(8, 'Trying to get p...', 'D:\\phpstudy\\WWW...', 744, Array)
#1 [internal function]: App\Http\Controllers\HomeController->newsDetail(Object(Dingo\Api\Http\Request))
#2 D:\phpstudy\WWW\pyrocms\vendor\laravel\framework\src\Illuminate\Routing\Controller.php(55): call_user_func_array(Array, Array)
#3 D:\phpstudy\WWW\pyrocms\vendor\laravel\framework\src\Illuminate\Routing\ControllerDispatcher.php(44): Illuminate\Routing\Controller->callAction('newsDetail', Array)
#4 D:\phpstudy\WWW\pyrocms\vendor\laravel\framework\src\Illuminate\Routing\Route.php(189): Illuminate\Routing\ControllerDispatcher->dispatch(Object(Illuminate\Routing\Route), Object(App\Http\Controllers\HomeController), 'newsDetail')
#5 D:\phpstudy\WWW\pyrocms\vendor\laravel\framework\src\Illuminate\Routing\Route.php(144): Illuminate\Routing\Route->runController()
#6 D:\phpstudy\WWW\pyrocms\vendor\laravel\framework\src\Illuminate\Routing\Router.php(653): Illuminate\Routing\Route->run(Object(Dingo\Api\Http\Request))
#7 D:\phpstudy\WWW\pyrocms\vendor\laravel\framework\src\Illuminate\Routing\Pipeline.php(53): Illuminate\Routing\Router->Illuminate\Routing\{closure}(Object(Dingo\Api\Http\Request))
#8 D:\phpstudy\WWW\pyrocms\vendor\dingo\api\src\Http\Middleware\PrepareController.php(45): Illuminate\Routing\Pipeline->Illuminate\Routing\{closure}(Object(Dingo\Api\Http\Request))
#9 D:\phpstudy\WWW\pyrocms\vendor\laravel\framework\src\Illuminate\Pipeline\Pipeline.php(137): Dingo\Api\Http\Middleware\PrepareController->handle(Object(Dingo\Api\Http\Request), Object(Closure))
#10 D:\phpstudy\WWW\pyrocms\vendor\laravel\framework\src\Illuminate\Routing\Pipeline.php(33): Illuminate\Pipeline\Pipeline->Illuminate\Pipeline\{closure}(Object(Dingo\Api\Http\Request))
#11 D:\phpstudy\WWW\pyrocms\vendor\laravel\framework\src\Illuminate\Pipeline\Pipeline.php(104): Illuminate\Routing\Pipeline->Illuminate\Routing\{closure}(Object(Dingo\Api\Http\Request))
#12 D:\phpstudy\WWW\pyrocms\vendor\laravel\framework\src\Illuminate\Routing\Router.php(655): Illuminate\Pipeline\Pipeline->then(Object(Closure))
#13 D:\phpstudy\WWW\pyrocms\vendor\laravel\framework\src\Illuminate\Routing\Router.php(629): Illuminate\Routing\Router->runRouteWithinStack(Object(Illuminate\Routing\Route), Object(Dingo\Api\Http\Request))
#14 D:\phpstudy\WWW\pyrocms\vendor\laravel\framework\src\Illuminate\Routing\Router.php(607): Illuminate\Routing\Router->dispatchToRoute(Object(Dingo\Api\Http\Request))
#15 D:\phpstudy\WWW\pyrocms\vendor\dingo\api\src\Routing\Adapter\Laravel.php(81): Illuminate\Routing\Router->dispatch(Object(Dingo\Api\Http\Request))
#16 D:\phpstudy\WWW\pyrocms\vendor\dingo\api\src\Routing\Router.php(513): Dingo\Api\Routing\Adapter\Laravel->dispatch(Object(Dingo\Api\Http\Request), 'v1')
#17 D:\phpstudy\WWW\pyrocms\vendor\dingo\api\src\Http\Middleware\Request.php(126): Dingo\Api\Routing\Router->dispatch(Object(Dingo\Api\Http\Request))
#18 D:\phpstudy\WWW\pyrocms\vendor\laravel\framework\src\Illuminate\Pipeline\Pipeline.php(151): Dingo\Api\Http\Middleware\Request->Dingo\Api\Http\Middleware\{closure}(Object(Dingo\Api\Http\Request))
#19 D:\phpstudy\WWW\pyrocms\vendor\anomaly\streams-platform\src\Http\Middleware\SetLocale.php(88): Illuminate\Pipeline\Pipeline->Illuminate\Pipeline\{closure}(Object(Dingo\Api\Http\Request))
#20 D:\phpstudy\WWW\pyrocms\vendor\laravel\framework\src\Illuminate\Pipeline\Pipeline.php(137): Anomaly\Streams\Platform\Http\Middleware\SetLocale->handle(Object(Dingo\Api\Http\Request), Object(Closure))
#21 D:\phpstudy\WWW\pyrocms\vendor\laravel\framework\src\Illuminate\View\Middleware\ShareErrorsFromSession.php(49): Illuminate\Pipeline\Pipeline->Illuminate\Pipeline\{closure}(Object(Dingo\Api\Http\Request))
#22 D:\phpstudy\WWW\pyrocms\vendor\laravel\framework\src\Illuminate\Pipeline\Pipeline.php(137): Illuminate\View\Middleware\ShareErrorsFromSession->handle(Object(Dingo\Api\Http\Request), Object(Closure))
#23 D:\phpstudy\WWW\pyrocms\vendor\laravel\framework\src\Illuminate\Session\Middleware\StartSession.php(64): Illuminate\Pipeline\Pipeline->Illuminate\Pipeline\{closure}(Object(Dingo\Api\Http\Request))
#24 D:\phpstudy\WWW\pyrocms\vendor\laravel\framework\src\Illuminate\Pipeline\Pipeline.php(137): Illuminate\Session\Middleware\StartSession->handle(Object(Dingo\Api\Http\Request), Object(Closure))
#25 D:\phpstudy\WWW\pyrocms\vendor\laravel\framework\src\Illuminate\Cookie\Middleware\AddQueuedCookiesToResponse.php(37): Illuminate\Pipeline\Pipeline->Illuminate\Pipeline\{closure}(Object(Dingo\Api\Http\Request))
#26 D:\phpstudy\WWW\pyrocms\vendor\laravel\framework\src\Illuminate\Pipeline\Pipeline.php(137): Illuminate\Cookie\Middleware\AddQueuedCookiesToResponse->handle(Object(Dingo\Api\Http\Request), Object(Closure))
#27 D:\phpstudy\WWW\pyrocms\vendor\laravel\framework\src\Illuminate\Cookie\Middleware\EncryptCookies.php(59): Illuminate\Pipeline\Pipeline->Illuminate\Pipeline\{closure}(Object(Dingo\Api\Http\Request))
#28 D:\phpstudy\WWW\pyrocms\vendor\laravel\framework\src\Illuminate\Pipeline\Pipeline.php(137): Illuminate\Cookie\Middleware\EncryptCookies->handle(Object(Dingo\Api\Http\Request), Object(Closure))
#29 D:\phpstudy\WWW\pyrocms\vendor\laravel\framework\src\Illuminate\Pipeline\Pipeline.php(104): Illuminate\Pipeline\Pipeline->Illuminate\Pipeline\{closure}(Object(Dingo\Api\Http\Request))
#30 D:\phpstudy\WWW\pyrocms\vendor\dingo\api\src\Http\Middleware\Request.php(127): Illuminate\Pipeline\Pipeline->then(Object(Closure))
#31 D:\phpstudy\WWW\pyrocms\vendor\dingo\api\src\Http\Middleware\Request.php(103): Dingo\Api\Http\Middleware\Request->sendRequestThroughRouter(Object(Dingo\Api\Http\Request))
#32 D:\phpstudy\WWW\pyrocms\vendor\laravel\framework\src\Illuminate\Pipeline\Pipeline.php(137): Dingo\Api\Http\Middleware\Request->handle(Object(Dingo\Api\Http\Request), Object(Closure))
#33 D:\phpstudy\WWW\pyrocms\vendor\laravel\framework\src\Illuminate\Routing\Pipeline.php(33): Illuminate\Pipeline\Pipeline->Illuminate\Pipeline\{closure}(Object(Illuminate\Http\Request))
#34 D:\phpstudy\WWW\pyrocms\vendor\laravel\framework\src\Illuminate\Pipeline\Pipeline.php(104): Illuminate\Routing\Pipeline->Illuminate\Routing\{closure}(Object(Illuminate\Http\Request))
#35 D:\phpstudy\WWW\pyrocms\vendor\laravel\framework\src\Illuminate\Foundation\Http\Kernel.php(150): Illuminate\Pipeline\Pipeline->then(Object(Closure))
#36 D:\phpstudy\WWW\pyrocms\vendor\laravel\framework\src\Illuminate\Foundation\Http\Kernel.php(117): Illuminate\Foundation\Http\Kernel->sendRequestThroughRouter(Object(Illuminate\Http\Request))
#37 D:\phpstudy\WWW\pyrocms\public\index.php(53): Illuminate\Foundation\Http\Kernel->handle(Object(Illuminate\Http\Request))
#38 {main} {"identification":{"id":"738e8d2a-c618-4b1f-85ef-f68a8a698558"}} 
[2017-09-18 09:28:02] local.ERROR: ErrorException: Trying to get property of non-object in D:\phpstudy\WWW\pyrocms\app\Http\Controllers\HomeController.php:744
Stack trace:
#0 D:\phpstudy\WWW\pyrocms\app\Http\Controllers\HomeController.php(744): Illuminate\Foundation\Bootstrap\HandleExceptions->handleError(8, 'Trying to get p...', 'D:\\phpstudy\\WWW...', 744, Array)
#1 [internal function]: App\Http\Controllers\HomeController->newsDetail(Object(Dingo\Api\Http\Request))
#2 D:\phpstudy\WWW\pyrocms\vendor\laravel\framework\src\Illuminate\Routing\Controller.php(55): call_user_func_array(Array, Array)
#3 D:\phpstudy\WWW\pyrocms\vendor\laravel\framework\src\Illuminate\Routing\ControllerDispatcher.php(44): Illuminate\Routing\Controller->callAction('newsDetail', Array)
#4 D:\phpstudy\WWW\pyrocms\vendor\laravel\framework\src\Illuminate\Routing\Route.php(189): Illuminate\Routing\ControllerDispatcher->dispatch(Object(Illuminate\Routing\Route), Object(App\Http\Controllers\HomeController), 'newsDetail')
#5 D:\phpstudy\WWW\pyrocms\vendor\laravel\framework\src\Illuminate\Routing\Route.php(144): Illuminate\Routing\Route->runController()
#6 D:\phpstudy\WWW\pyrocms\vendor\laravel\framework\src\Illuminate\Routing\Router.php(653): Illuminate\Routing\Route->run(Object(Dingo\Api\Http\Request))
#7 D:\phpstudy\WWW\pyrocms\vendor\laravel\framework\src\Illuminate\Routing\Pipeline.php(53): Illuminate\Routing\Router->Illuminate\Routing\{closure}(Object(Dingo\Api\Http\Request))
#8 D:\phpstudy\WWW\pyrocms\vendor\dingo\api\src\Http\Middleware\PrepareController.php(45): Illuminate\Routing\Pipeline->Illuminate\Routing\{closure}(Object(Dingo\Api\Http\Request))
#9 D:\phpstudy\WWW\pyrocms\vendor\laravel\framework\src\Illuminate\Pipeline\Pipeline.php(137): Dingo\Api\Http\Middleware\PrepareController->handle(Object(Dingo\Api\Http\Request), Object(Closure))
#10 D:\phpstudy\WWW\pyrocms\vendor\laravel\framework\src\Illuminate\Routing\Pipeline.php(33): Illuminate\Pipeline\Pipeline->Illuminate\Pipeline\{closure}(Object(Dingo\Api\Http\Request))
#11 D:\phpstudy\WWW\pyrocms\vendor\laravel\framework\src\Illuminate\Pipeline\Pipeline.php(104): Illuminate\Routing\Pipeline->Illuminate\Routing\{closure}(Object(Dingo\Api\Http\Request))
#12 D:\phpstudy\WWW\pyrocms\vendor\laravel\framework\src\Illuminate\Routing\Router.php(655): Illuminate\Pipeline\Pipeline->then(Object(Closure))
#13 D:\phpstudy\WWW\pyrocms\vendor\laravel\framework\src\Illuminate\Routing\Router.php(629): Illuminate\Routing\Router->runRouteWithinStack(Object(Illuminate\Routing\Route), Object(Dingo\Api\Http\Request))
#14 D:\phpstudy\WWW\pyrocms\vendor\laravel\framework\src\Illuminate\Routing\Router.php(607): Illuminate\Routing\Router->dispatchToRoute(Object(Dingo\Api\Http\Request))
#15 D:\phpstudy\WWW\pyrocms\vendor\dingo\api\src\Routing\Adapter\Laravel.php(81): Illuminate\Routing\Router->dispatch(Object(Dingo\Api\Http\Request))
#16 D:\phpstudy\WWW\pyrocms\vendor\dingo\api\src\Routing\Router.php(513): Dingo\Api\Routing\Adapter\Laravel->dispatch(Object(Dingo\Api\Http\Request), 'v1')
#17 D:\phpstudy\WWW\pyrocms\vendor\dingo\api\src\Http\Middleware\Request.php(126): Dingo\Api\Routing\Router->dispatch(Object(Dingo\Api\Http\Request))
#18 D:\phpstudy\WWW\pyrocms\vendor\laravel\framework\src\Illuminate\Pipeline\Pipeline.php(151): Dingo\Api\Http\Middleware\Request->Dingo\Api\Http\Middleware\{closure}(Object(Dingo\Api\Http\Request))
#19 D:\phpstudy\WWW\pyrocms\vendor\anomaly\streams-platform\src\Http\Middleware\SetLocale.php(88): Illuminate\Pipeline\Pipeline->Illuminate\Pipeline\{closure}(Object(Dingo\Api\Http\Request))
#20 D:\phpstudy\WWW\pyrocms\vendor\laravel\framework\src\Illuminate\Pipeline\Pipeline.php(137): Anomaly\Streams\Platform\Http\Middleware\SetLocale->handle(Object(Dingo\Api\Http\Request), Object(Closure))
#21 D:\phpstudy\WWW\pyrocms\vendor\laravel\framework\src\Illuminate\View\Middleware\ShareErrorsFromSession.php(49): Illuminate\Pipeline\Pipeline->Illuminate\Pipeline\{closure}(Object(Dingo\Api\Http\Request))
#22 D:\phpstudy\WWW\pyrocms\vendor\laravel\framework\src\Illuminate\Pipeline\Pipeline.php(137): Illuminate\View\Middleware\ShareErrorsFromSession->handle(Object(Dingo\Api\Http\Request), Object(Closure))
#23 D:\phpstudy\WWW\pyrocms\vendor\laravel\framework\src\Illuminate\Session\Middleware\StartSession.php(64): Illuminate\Pipeline\Pipeline->Illuminate\Pipeline\{closure}(Object(Dingo\Api\Http\Request))
#24 D:\phpstudy\WWW\pyrocms\vendor\laravel\framework\src\Illuminate\Pipeline\Pipeline.php(137): Illuminate\Session\Middleware\StartSession->handle(Object(Dingo\Api\Http\Request), Object(Closure))
#25 D:\phpstudy\WWW\pyrocms\vendor\laravel\framework\src\Illuminate\Cookie\Middleware\AddQueuedCookiesToResponse.php(37): Illuminate\Pipeline\Pipeline->Illuminate\Pipeline\{closure}(Object(Dingo\Api\Http\Request))
#26 D:\phpstudy\WWW\pyrocms\vendor\laravel\framework\src\Illuminate\Pipeline\Pipeline.php(137): Illuminate\Cookie\Middleware\AddQueuedCookiesToResponse->handle(Object(Dingo\Api\Http\Request), Object(Closure))
#27 D:\phpstudy\WWW\pyrocms\vendor\laravel\framework\src\Illuminate\Cookie\Middleware\EncryptCookies.php(59): Illuminate\Pipeline\Pipeline->Illuminate\Pipeline\{closure}(Object(Dingo\Api\Http\Request))
#28 D:\phpstudy\WWW\pyrocms\vendor\laravel\framework\src\Illuminate\Pipeline\Pipeline.php(137): Illuminate\Cookie\Middleware\EncryptCookies->handle(Object(Dingo\Api\Http\Request), Object(Closure))
#29 D:\phpstudy\WWW\pyrocms\vendor\laravel\framework\src\Illuminate\Pipeline\Pipeline.php(104): Illuminate\Pipeline\Pipeline->Illuminate\Pipeline\{closure}(Object(Dingo\Api\Http\Request))
#30 D:\phpstudy\WWW\pyrocms\vendor\dingo\api\src\Http\Middleware\Request.php(127): Illuminate\Pipeline\Pipeline->then(Object(Closure))
#31 D:\phpstudy\WWW\pyrocms\vendor\dingo\api\src\Http\Middleware\Request.php(103): Dingo\Api\Http\Middleware\Request->sendRequestThroughRouter(Object(Dingo\Api\Http\Request))
#32 D:\phpstudy\WWW\pyrocms\vendor\laravel\framework\src\Illuminate\Pipeline\Pipeline.php(137): Dingo\Api\Http\Middleware\Request->handle(Object(Dingo\Api\Http\Request), Object(Closure))
#33 D:\phpstudy\WWW\pyrocms\vendor\laravel\framework\src\Illuminate\Routing\Pipeline.php(33): Illuminate\Pipeline\Pipeline->Illuminate\Pipeline\{closure}(Object(Illuminate\Http\Request))
#34 D:\phpstudy\WWW\pyrocms\vendor\laravel\framework\src\Illuminate\Pipeline\Pipeline.php(104): Illuminate\Routing\Pipeline->Illuminate\Routing\{closure}(Object(Illuminate\Http\Request))
#35 D:\phpstudy\WWW\pyrocms\vendor\laravel\framework\src\Illuminate\Foundation\Http\Kernel.php(150): Illuminate\Pipeline\Pipeline->then(Object(Closure))
#36 D:\phpstudy\WWW\pyrocms\vendor\laravel\framework\src\Illuminate\Foundation\Http\Kernel.php(117): Illuminate\Foundation\Http\Kernel->sendRequestThroughRouter(Object(Illuminate\Http\Request))
#37 D:\phpstudy\WWW\pyrocms\public\index.php(53): Illuminate\Foundation\Http\Kernel->handle(Object(Illuminate\Http\Request))
#38 {main} {"identification":{"id":"738e8d2a-c618-4b1f-85ef-f68a8a698558"}} 
[2017-09-18 09:35:42] local.ERROR: ErrorException: Trying to get property of non-object in D:\phpstudy\WWW\pyrocms\app\Http\Controllers\HomeController.php:744
Stack trace:
#0 D:\phpstudy\WWW\pyrocms\app\Http\Controllers\HomeController.php(744): Illuminate\Foundation\Bootstrap\HandleExceptions->handleError(8, 'Trying to get p...', 'D:\\phpstudy\\WWW...', 744, Array)
#1 [internal function]: App\Http\Controllers\HomeController->newsDetail(Object(Dingo\Api\Http\Request))
#2 D:\phpstudy\WWW\pyrocms\vendor\laravel\framework\src\Illuminate\Routing\Controller.php(55): call_user_func_array(Array, Array)
#3 D:\phpstudy\WWW\pyrocms\vendor\laravel\framework\src\Illuminate\Routing\ControllerDispatcher.php(44): Illuminate\Routing\Controller->callAction('newsDetail', Array)
#4 D:\phpstudy\WWW\pyrocms\vendor\laravel\framework\src\Illuminate\Routing\Route.php(189): Illuminate\Routing\ControllerDispatcher->dispatch(Object(Illuminate\Routing\Route), Object(App\Http\Controllers\HomeController), 'newsDetail')
#5 D:\phpstudy\WWW\pyrocms\vendor\laravel\framework\src\Illuminate\Routing\Route.php(144): Illuminate\Routing\Route->runController()
#6 D:\phpstudy\WWW\pyrocms\vendor\laravel\framework\src\Illuminate\Routing\Router.php(653): Illuminate\Routing\Route->run(Object(Dingo\Api\Http\Request))
#7 D:\phpstudy\WWW\pyrocms\vendor\laravel\framework\src\Illuminate\Routing\Pipeline.php(53): Illuminate\Routing\Router->Illuminate\Routing\{closure}(Object(Dingo\Api\Http\Request))
#8 D:\phpstudy\WWW\pyrocms\vendor\dingo\api\src\Http\Middleware\PrepareController.php(45): Illuminate\Routing\Pipeline->Illuminate\Routing\{closure}(Object(Dingo\Api\Http\Request))
#9 D:\phpstudy\WWW\pyrocms\vendor\laravel\framework\src\Illuminate\Pipeline\Pipeline.php(137): Dingo\Api\Http\Middleware\PrepareController->handle(Object(Dingo\Api\Http\Request), Object(Closure))
#10 D:\phpstudy\WWW\pyrocms\vendor\laravel\framework\src\Illuminate\Routing\Pipeline.php(33): Illuminate\Pipeline\Pipeline->Illuminate\Pipeline\{closure}(Object(Dingo\Api\Http\Request))
#11 D:\phpstudy\WWW\pyrocms\vendor\laravel\framework\src\Illuminate\Pipeline\Pipeline.php(104): Illuminate\Routing\Pipeline->Illuminate\Routing\{closure}(Object(Dingo\Api\Http\Request))
#12 D:\phpstudy\WWW\pyrocms\vendor\laravel\framework\src\Illuminate\Routing\Router.php(655): Illuminate\Pipeline\Pipeline->then(Object(Closure))
#13 D:\phpstudy\WWW\pyrocms\vendor\laravel\framework\src\Illuminate\Routing\Router.php(629): Illuminate\Routing\Router->runRouteWithinStack(Object(Illuminate\Routing\Route), Object(Dingo\Api\Http\Request))
#14 D:\phpstudy\WWW\pyrocms\vendor\laravel\framework\src\Illuminate\Routing\Router.php(607): Illuminate\Routing\Router->dispatchToRoute(Object(Dingo\Api\Http\Request))
#15 D:\phpstudy\WWW\pyrocms\vendor\dingo\api\src\Routing\Adapter\Laravel.php(81): Illuminate\Routing\Router->dispatch(Object(Dingo\Api\Http\Request))
#16 D:\phpstudy\WWW\pyrocms\vendor\dingo\api\src\Routing\Router.php(513): Dingo\Api\Routing\Adapter\Laravel->dispatch(Object(Dingo\Api\Http\Request), 'v1')
#17 D:\phpstudy\WWW\pyrocms\vendor\dingo\api\src\Http\Middleware\Request.php(126): Dingo\Api\Routing\Router->dispatch(Object(Dingo\Api\Http\Request))
#18 D:\phpstudy\WWW\pyrocms\vendor\laravel\framework\src\Illuminate\Pipeline\Pipeline.php(151): Dingo\Api\Http\Middleware\Request->Dingo\Api\Http\Middleware\{closure}(Object(Dingo\Api\Http\Request))
#19 D:\phpstudy\WWW\pyrocms\vendor\anomaly\streams-platform\src\Http\Middleware\SetLocale.php(88): Illuminate\Pipeline\Pipeline->Illuminate\Pipeline\{closure}(Object(Dingo\Api\Http\Request))
#20 D:\phpstudy\WWW\pyrocms\vendor\laravel\framework\src\Illuminate\Pipeline\Pipeline.php(137): Anomaly\Streams\Platform\Http\Middleware\SetLocale->handle(Object(Dingo\Api\Http\Request), Object(Closure))
#21 D:\phpstudy\WWW\pyrocms\vendor\laravel\framework\src\Illuminate\View\Middleware\ShareErrorsFromSession.php(49): Illuminate\Pipeline\Pipeline->Illuminate\Pipeline\{closure}(Object(Dingo\Api\Http\Request))
#22 D:\phpstudy\WWW\pyrocms\vendor\laravel\framework\src\Illuminate\Pipeline\Pipeline.php(137): Illuminate\View\Middleware\ShareErrorsFromSession->handle(Object(Dingo\Api\Http\Request), Object(Closure))
#23 D:\phpstudy\WWW\pyrocms\vendor\laravel\framework\src\Illuminate\Session\Middleware\StartSession.php(64): Illuminate\Pipeline\Pipeline->Illuminate\Pipeline\{closure}(Object(Dingo\Api\Http\Request))
#24 D:\phpstudy\WWW\pyrocms\vendor\laravel\framework\src\Illuminate\Pipeline\Pipeline.php(137): Illuminate\Session\Middleware\StartSession->handle(Object(Dingo\Api\Http\Request), Object(Closure))
#25 D:\phpstudy\WWW\pyrocms\vendor\laravel\framework\src\Illuminate\Cookie\Middleware\AddQueuedCookiesToResponse.php(37): Illuminate\Pipeline\Pipeline->Illuminate\Pipeline\{closure}(Object(Dingo\Api\Http\Request))
#26 D:\phpstudy\WWW\pyrocms\vendor\laravel\framework\src\Illuminate\Pipeline\Pipeline.php(137): Illuminate\Cookie\Middleware\AddQueuedCookiesToResponse->handle(Object(Dingo\Api\Http\Request), Object(Closure))
#27 D:\phpstudy\WWW\pyrocms\vendor\laravel\framework\src\Illuminate\Cookie\Middleware\EncryptCookies.php(59): Illuminate\Pipeline\Pipeline->Illuminate\Pipeline\{closure}(Object(Dingo\Api\Http\Request))
#28 D:\phpstudy\WWW\pyrocms\vendor\laravel\framework\src\Illuminate\Pipeline\Pipeline.php(137): Illuminate\Cookie\Middleware\EncryptCookies->handle(Object(Dingo\Api\Http\Request), Object(Closure))
#29 D:\phpstudy\WWW\pyrocms\vendor\laravel\framework\src\Illuminate\Pipeline\Pipeline.php(104): Illuminate\Pipeline\Pipeline->Illuminate\Pipeline\{closure}(Object(Dingo\Api\Http\Request))
#30 D:\phpstudy\WWW\pyrocms\vendor\dingo\api\src\Http\Middleware\Request.php(127): Illuminate\Pipeline\Pipeline->then(Object(Closure))
#31 D:\phpstudy\WWW\pyrocms\vendor\dingo\api\src\Http\Middleware\Request.php(103): Dingo\Api\Http\Middleware\Request->sendRequestThroughRouter(Object(Dingo\Api\Http\Request))
#32 D:\phpstudy\WWW\pyrocms\vendor\laravel\framework\src\Illuminate\Pipeline\Pipeline.php(137): Dingo\Api\Http\Middleware\Request->handle(Object(Dingo\Api\Http\Request), Object(Closure))
#33 D:\phpstudy\WWW\pyrocms\vendor\laravel\framework\src\Illuminate\Routing\Pipeline.php(33): Illuminate\Pipeline\Pipeline->Illuminate\Pipeline\{closure}(Object(Illuminate\Http\Request))
#34 D:\phpstudy\WWW\pyrocms\vendor\laravel\framework\src\Illuminate\Pipeline\Pipeline.php(104): Illuminate\Routing\Pipeline->Illuminate\Routing\{closure}(Object(Illuminate\Http\Request))
#35 D:\phpstudy\WWW\pyrocms\vendor\laravel\framework\src\Illuminate\Foundation\Http\Kernel.php(150): Illuminate\Pipeline\Pipeline->then(Object(Closure))
#36 D:\phpstudy\WWW\pyrocms\vendor\laravel\framework\src\Illuminate\Foundation\Http\Kernel.php(117): Illuminate\Foundation\Http\Kernel->sendRequestThroughRouter(Object(Illuminate\Http\Request))
#37 D:\phpstudy\WWW\pyrocms\public\index.php(53): Illuminate\Foundation\Http\Kernel->handle(Object(Illuminate\Http\Request))
#38 {main} {"identification":{"id":"c647cf63-04f0-4e00-b690-04cd427bf114"}} 
[2017-09-18 09:35:42] local.ERROR: ErrorException: Trying to get property of non-object in D:\phpstudy\WWW\pyrocms\app\Http\Controllers\HomeController.php:744
Stack trace:
#0 D:\phpstudy\WWW\pyrocms\app\Http\Controllers\HomeController.php(744): Illuminate\Foundation\Bootstrap\HandleExceptions->handleError(8, 'Trying to get p...', 'D:\\phpstudy\\WWW...', 744, Array)
#1 [internal function]: App\Http\Controllers\HomeController->newsDetail(Object(Dingo\Api\Http\Request))
#2 D:\phpstudy\WWW\pyrocms\vendor\laravel\framework\src\Illuminate\Routing\Controller.php(55): call_user_func_array(Array, Array)
#3 D:\phpstudy\WWW\pyrocms\vendor\laravel\framework\src\Illuminate\Routing\ControllerDispatcher.php(44): Illuminate\Routing\Controller->callAction('newsDetail', Array)
#4 D:\phpstudy\WWW\pyrocms\vendor\laravel\framework\src\Illuminate\Routing\Route.php(189): Illuminate\Routing\ControllerDispatcher->dispatch(Object(Illuminate\Routing\Route), Object(App\Http\Controllers\HomeController), 'newsDetail')
#5 D:\phpstudy\WWW\pyrocms\vendor\laravel\framework\src\Illuminate\Routing\Route.php(144): Illuminate\Routing\Route->runController()
#6 D:\phpstudy\WWW\pyrocms\vendor\laravel\framework\src\Illuminate\Routing\Router.php(653): Illuminate\Routing\Route->run(Object(Dingo\Api\Http\Request))
#7 D:\phpstudy\WWW\pyrocms\vendor\laravel\framework\src\Illuminate\Routing\Pipeline.php(53): Illuminate\Routing\Router->Illuminate\Routing\{closure}(Object(Dingo\Api\Http\Request))
#8 D:\phpstudy\WWW\pyrocms\vendor\dingo\api\src\Http\Middleware\PrepareController.php(45): Illuminate\Routing\Pipeline->Illuminate\Routing\{closure}(Object(Dingo\Api\Http\Request))
#9 D:\phpstudy\WWW\pyrocms\vendor\laravel\framework\src\Illuminate\Pipeline\Pipeline.php(137): Dingo\Api\Http\Middleware\PrepareController->handle(Object(Dingo\Api\Http\Request), Object(Closure))
#10 D:\phpstudy\WWW\pyrocms\vendor\laravel\framework\src\Illuminate\Routing\Pipeline.php(33): Illuminate\Pipeline\Pipeline->Illuminate\Pipeline\{closure}(Object(Dingo\Api\Http\Request))
#11 D:\phpstudy\WWW\pyrocms\vendor\laravel\framework\src\Illuminate\Pipeline\Pipeline.php(104): Illuminate\Routing\Pipeline->Illuminate\Routing\{closure}(Object(Dingo\Api\Http\Request))
#12 D:\phpstudy\WWW\pyrocms\vendor\laravel\framework\src\Illuminate\Routing\Router.php(655): Illuminate\Pipeline\Pipeline->then(Object(Closure))
#13 D:\phpstudy\WWW\pyrocms\vendor\laravel\framework\src\Illuminate\Routing\Router.php(629): Illuminate\Routing\Router->runRouteWithinStack(Object(Illuminate\Routing\Route), Object(Dingo\Api\Http\Request))
#14 D:\phpstudy\WWW\pyrocms\vendor\laravel\framework\src\Illuminate\Routing\Router.php(607): Illuminate\Routing\Router->dispatchToRoute(Object(Dingo\Api\Http\Request))
#15 D:\phpstudy\WWW\pyrocms\vendor\dingo\api\src\Routing\Adapter\Laravel.php(81): Illuminate\Routing\Router->dispatch(Object(Dingo\Api\Http\Request))
#16 D:\phpstudy\WWW\pyrocms\vendor\dingo\api\src\Routing\Router.php(513): Dingo\Api\Routing\Adapter\Laravel->dispatch(Object(Dingo\Api\Http\Request), 'v1')
#17 D:\phpstudy\WWW\pyrocms\vendor\dingo\api\src\Http\Middleware\Request.php(126): Dingo\Api\Routing\Router->dispatch(Object(Dingo\Api\Http\Request))
#18 D:\phpstudy\WWW\pyrocms\vendor\laravel\framework\src\Illuminate\Pipeline\Pipeline.php(151): Dingo\Api\Http\Middleware\Request->Dingo\Api\Http\Middleware\{closure}(Object(Dingo\Api\Http\Request))
#19 D:\phpstudy\WWW\pyrocms\vendor\anomaly\streams-platform\src\Http\Middleware\SetLocale.php(88): Illuminate\Pipeline\Pipeline->Illuminate\Pipeline\{closure}(Object(Dingo\Api\Http\Request))
#20 D:\phpstudy\WWW\pyrocms\vendor\laravel\framework\src\Illuminate\Pipeline\Pipeline.php(137): Anomaly\Streams\Platform\Http\Middleware\SetLocale->handle(Object(Dingo\Api\Http\Request), Object(Closure))
#21 D:\phpstudy\WWW\pyrocms\vendor\laravel\framework\src\Illuminate\View\Middleware\ShareErrorsFromSession.php(49): Illuminate\Pipeline\Pipeline->Illuminate\Pipeline\{closure}(Object(Dingo\Api\Http\Request))
#22 D:\phpstudy\WWW\pyrocms\vendor\laravel\framework\src\Illuminate\Pipeline\Pipeline.php(137): Illuminate\View\Middleware\ShareErrorsFromSession->handle(Object(Dingo\Api\Http\Request), Object(Closure))
#23 D:\phpstudy\WWW\pyrocms\vendor\laravel\framework\src\Illuminate\Session\Middleware\StartSession.php(64): Illuminate\Pipeline\Pipeline->Illuminate\Pipeline\{closure}(Object(Dingo\Api\Http\Request))
#24 D:\phpstudy\WWW\pyrocms\vendor\laravel\framework\src\Illuminate\Pipeline\Pipeline.php(137): Illuminate\Session\Middleware\StartSession->handle(Object(Dingo\Api\Http\Request), Object(Closure))
#25 D:\phpstudy\WWW\pyrocms\vendor\laravel\framework\src\Illuminate\Cookie\Middleware\AddQueuedCookiesToResponse.php(37): Illuminate\Pipeline\Pipeline->Illuminate\Pipeline\{closure}(Object(Dingo\Api\Http\Request))
#26 D:\phpstudy\WWW\pyrocms\vendor\laravel\framework\src\Illuminate\Pipeline\Pipeline.php(137): Illuminate\Cookie\Middleware\AddQueuedCookiesToResponse->handle(Object(Dingo\Api\Http\Request), Object(Closure))
#27 D:\phpstudy\WWW\pyrocms\vendor\laravel\framework\src\Illuminate\Cookie\Middleware\EncryptCookies.php(59): Illuminate\Pipeline\Pipeline->Illuminate\Pipeline\{closure}(Object(Dingo\Api\Http\Request))
#28 D:\phpstudy\WWW\pyrocms\vendor\laravel\framework\src\Illuminate\Pipeline\Pipeline.php(137): Illuminate\Cookie\Middleware\EncryptCookies->handle(Object(Dingo\Api\Http\Request), Object(Closure))
#29 D:\phpstudy\WWW\pyrocms\vendor\laravel\framework\src\Illuminate\Pipeline\Pipeline.php(104): Illuminate\Pipeline\Pipeline->Illuminate\Pipeline\{closure}(Object(Dingo\Api\Http\Request))
#30 D:\phpstudy\WWW\pyrocms\vendor\dingo\api\src\Http\Middleware\Request.php(127): Illuminate\Pipeline\Pipeline->then(Object(Closure))
#31 D:\phpstudy\WWW\pyrocms\vendor\dingo\api\src\Http\Middleware\Request.php(103): Dingo\Api\Http\Middleware\Request->sendRequestThroughRouter(Object(Dingo\Api\Http\Request))
#32 D:\phpstudy\WWW\pyrocms\vendor\laravel\framework\src\Illuminate\Pipeline\Pipeline.php(137): Dingo\Api\Http\Middleware\Request->handle(Object(Dingo\Api\Http\Request), Object(Closure))
#33 D:\phpstudy\WWW\pyrocms\vendor\laravel\framework\src\Illuminate\Routing\Pipeline.php(33): Illuminate\Pipeline\Pipeline->Illuminate\Pipeline\{closure}(Object(Illuminate\Http\Request))
#34 D:\phpstudy\WWW\pyrocms\vendor\laravel\framework\src\Illuminate\Pipeline\Pipeline.php(104): Illuminate\Routing\Pipeline->Illuminate\Routing\{closure}(Object(Illuminate\Http\Request))
#35 D:\phpstudy\WWW\pyrocms\vendor\laravel\framework\src\Illuminate\Foundation\Http\Kernel.php(150): Illuminate\Pipeline\Pipeline->then(Object(Closure))
#36 D:\phpstudy\WWW\pyrocms\vendor\laravel\framework\src\Illuminate\Foundation\Http\Kernel.php(117): Illuminate\Foundation\Http\Kernel->sendRequestThroughRouter(Object(Illuminate\Http\Request))
#37 D:\phpstudy\WWW\pyrocms\public\index.php(53): Illuminate\Foundation\Http\Kernel->handle(Object(Illuminate\Http\Request))
#38 {main} {"identification":{"id":"c647cf63-04f0-4e00-b690-04cd427bf114"}} 
[2017-09-18 15:03:11] local.CRITICAL: Symfony\Component\Debug\Exception\FatalErrorException: Maximum execution time of 30 seconds exceeded in D:\phpstudy\WWW\pyrocms\storage\streams\default\models\Users\UsersRolesEntryModel.php:5
Stack trace:
#0 {main} {"identification":{"id":"125f7f4a-db94-488e-bd83-dcd63ee01d5c"}} 
